<?xml version="1.0" encoding="utf-8"?>
<TestRun id="02afeba0-a92b-4553-ab6d-096fe173a22e" name="Usuario@PC-ISIS 2026-06-12 11:30:06" runUser="PC-ISIS\Usuario" xmlns="http://microsoft.com/schemas/VisualStudio/TeamTest/2010">
  <Times creation="2026-06-12T11:30:06.7269397-05:00" queuing="2026-06-12T11:30:06.7269401-05:00" start="2026-06-12T11:30:05.5337994-05:00" finish="2026-06-12T11:30:06.9017636-05:00" />
  <TestSettings name="default" id="6c20c0ee-fa6f-4551-9025-e210b19dd45f">
    <Deployment runDeploymentRoot="Usuario_PC-ISIS_2026-06-12_11_30_06" />
  </TestSettings>
  <Results>
    <UnitTestResult executionId="3957d316-12e3-4aa8-a309-7f5ad8216541" testId="83470b3a-9004-b510-6624-ae6d1efde693" testName="ControlParental.Domain.Tests.RulesEngineTests.Evaluar_Step12_NormalApp_ShouldAllow" computerName="PC-ISIS" duration="00:00:00.0002670" startTime="2026-06-12T11:30:06.6782324-05:00" endTime="2026-06-12T11:30:06.6782325-05:00" testType="13cdc9d9-ddb5-4fa4-a97d-d965ccfc6d4b" outcome="Passed" testListId="8c84fa94-04c1-424b-9868-57a2d4851a1d" relativeResultsDirectory="3957d316-12e3-4aa8-a309-7f5ad8216541" />
    <UnitTestResult executionId="d9f11fcc-486f-46d2-ae3c-6c1c8b38d1c6" testId="f0219ec6-3e84-8aca-76f9-0b9e18990f49" testName="ControlParental.Domain.Tests.RulesEngineTests.Evaluar_Step1_ExemptProcess_ShouldAllow(appId: &quot;logonui&quot;)" computerName="PC-ISIS" duration="00:00:00.0000087" startTime="2026-06-12T11:30:06.6738035-05:00" endTime="2026-06-12T11:30:06.6738036-05:00" testType="13cdc9d9-ddb5-4fa4-a97d-d965ccfc6d4b" outcome="Passed" testListId="8c84fa94-04c1-424b-9868-57a2d4851a1d" relativeResultsDirectory="d9f11fcc-486f-46d2-ae3c-6c1c8b38d1c6" />
    <UnitTestResult executionId="6a12676d-2cae-4ce4-b07b-1064b1bc667a" testId="6c01ba8e-7b11-3ceb-bc2e-8e7c72ff2aa8" testName="ControlParental.Domain.Tests.RulesEngineTests.Evaluar_GrantEdgeCase_GrantedExactlyNow_ShouldAllow" computerName="PC-ISIS" duration="00:00:00.0003422" startTime="2026-06-12T11:30:06.6821043-05:00" endTime="2026-06-12T11:30:06.6821043-05:00" testType="13cdc9d9-ddb5-4fa4-a97d-d965ccfc6d4b" outcome="Passed" testListId="8c84fa94-04c1-424b-9868-57a2d4851a1d" relativeResultsDirectory="6a12676d-2cae-4ce4-b07b-1064b1bc667a" />
    <UnitTestResult executionId="d1848466-9ae6-4283-a192-0048e4b32a8a" testId="42e9d0c5-f9f8-3059-98f5-4ba4dadda48f" testName="ControlParental.Domain.Tests.RulesEngineTests.Evaluar_Step1_ExemptProcess_ShouldAllow(appId: &quot;explorer&quot;)" computerName="PC-ISIS" duration="00:00:00.0002432" startTime="2026-06-12T11:30:06.6736214-05:00" endTime="2026-06-12T11:30:06.6736215-05:00" testType="13cdc9d9-ddb5-4fa4-a97d-d965ccfc6d4b" outcome="Passed" testListId="8c84fa94-04c1-424b-9868-57a2d4851a1d" relativeResultsDirectory="d1848466-9ae6-4283-a192-0048e4b32a8a" />
    <UnitTestResult executionId="775ec776-d59d-4009-aec4-589a4d54dcbd" testId="724ce597-d8ce-80ec-ef4d-6c2397c5b563" testName="ControlParental.Domain.Tests.PolicyRoundTripTests.Deserialize_Grants_ShouldHaveCorrectTimestamps" computerName="PC-ISIS" duration="00:00:00.0077455" startTime="2026-06-12T11:30:06.7422056-05:00" endTime="2026-06-12T11:30:06.7422058-05:00" testType="13cdc9d9-ddb5-4fa4-a97d-d965ccfc6d4b" outcome="Passed" testListId="8c84fa94-04c1-424b-9868-57a2d4851a1d" relativeResultsDirectory="775ec776-d59d-4009-aec4-589a4d54dcbd" />
    <UnitTestResult executionId="4226fa5e-e64a-4003-9588-7b87376d18fc" testId="3da043fd-f205-c82f-5eb2-6fd5a965a5f8" testName="ControlParental.Domain.Tests.PolicyValidationTests.Window_CrossesMidnight_ShouldReturnCorrectValue" computerName="PC-ISIS" duration="00:00:00.0002167" startTime="2026-06-12T11:30:06.7403554-05:00" endTime="2026-06-12T11:30:06.7403556-05:00" testType="13cdc9d9-ddb5-4fa4-a97d-d965ccfc6d4b" outcome="Passed" testListId="8c84fa94-04c1-424b-9868-57a2d4851a1d" relativeResultsDirectory="4226fa5e-e64a-4003-9588-7b87376d18fc" />
    <UnitTestResult executionId="fbfd8b75-21dc-46ca-9bfb-f6c4a9a05caa" testId="3c278ffe-a02c-2384-895c-ca90a169f6b2" testName="ControlParental.Domain.Tests.DependencyInjectionTests.ResolveService_ShouldReturnRegisteredService" computerName="PC-ISIS" duration="00:00:00.0009382" startTime="2026-06-12T11:30:06.6789375-05:00" endTime="2026-06-12T11:30:06.6789376-05:00" testType="13cdc9d9-ddb5-4fa4-a97d-d965ccfc6d4b" outcome="Passed" testListId="8c84fa94-04c1-424b-9868-57a2d4851a1d" relativeResultsDirectory="fbfd8b75-21dc-46ca-9bfb-f6c4a9a05caa" />
    <UnitTestResult executionId="81e5773f-a9ea-4db1-a359-db0a071930df" testId="217aa239-fb51-d3d9-4f4c-3d373f0d3a4c" testName="ControlParental.Domain.Tests.PrivilegeLevelTests.PrivilegeLevel_Standard_ShouldBeZero" computerName="PC-ISIS" duration="00:00:00.0001292" startTime="2026-06-12T11:30:06.6115888-05:00" endTime="2026-06-12T11:30:06.6115889-05:00" testType="13cdc9d9-ddb5-4fa4-a97d-d965ccfc6d4b" outcome="Passed" testListId="8c84fa94-04c1-424b-9868-57a2d4851a1d" relativeResultsDirectory="81e5773f-a9ea-4db1-a359-db0a071930df" />
    <UnitTestResult executionId="6bf72cd0-f07a-4ed0-aaa3-8efd04595e40" testId="7654755a-2409-6061-7b41-c32a3528439d" testName="ControlParental.Domain.Tests.PolicyValidationTests.Validate_GrantExpiresBeforeGranted_ShouldThrow" computerName="PC-ISIS" duration="00:00:00.0089645" startTime="2026-06-12T11:30:06.7393554-05:00" endTime="2026-06-12T11:30:06.7393558-05:00" testType="13cdc9d9-ddb5-4fa4-a97d-d965ccfc6d4b" outcome="Passed" testListId="8c84fa94-04c1-424b-9868-57a2d4851a1d" relativeResultsDirectory="6bf72cd0-f07a-4ed0-aaa3-8efd04595e40" />
    <UnitTestResult executionId="9579b1c9-f566-40aa-8675-70763d352d59" testId="f0667302-4575-75ba-2703-b61f073ab33e" testName="ControlParental.Domain.Tests.RulesEngineTests.Evaluar_Step2_DeviceLocked_ShouldBlock" computerName="PC-ISIS" duration="00:00:00.0003133" startTime="2026-06-12T11:30:06.6832160-05:00" endTime="2026-06-12T11:30:06.6832161-05:00" testType="13cdc9d9-ddb5-4fa4-a97d-d965ccfc6d4b" outcome="Passed" testListId="8c84fa94-04c1-424b-9868-57a2d4851a1d" relativeResultsDirectory="9579b1c9-f566-40aa-8675-70763d352d59" />
    <UnitTestResult executionId="a284b597-b973-4e39-aa41-a0654a13b50c" testId="beaab520-571d-56b3-edd2-8919a7bdf955" testName="ControlParental.Domain.Tests.RulesEngineTests.Evaluar_Step6_GrantExpired_ShouldNotAllow" computerName="PC-ISIS" duration="00:00:00.0003991" startTime="2026-06-12T11:30:06.6815745-05:00" endTime="2026-06-12T11:30:06.6815745-05:00" testType="13cdc9d9-ddb5-4fa4-a97d-d965ccfc6d4b" outcome="Passed" testListId="8c84fa94-04c1-424b-9868-57a2d4851a1d" relativeResultsDirectory="a284b597-b973-4e39-aa41-a0654a13b50c" />
    <UnitTestResult executionId="60195d7f-3b05-49eb-9b9e-192dc9234615" testId="8ce0dddf-4857-10d1-175e-f398d3aeeccd" testName="ControlParental.Domain.Tests.PolicyValidationTests.Policy_GetAppPolicy_ShouldReturnCorrectPolicy" computerName="PC-ISIS" duration="00:00:00.0040853" startTime="2026-06-12T11:30:06.7450976-05:00" endTime="2026-06-12T11:30:06.7450979-05:00" testType="13cdc9d9-ddb5-4fa4-a97d-d965ccfc6d4b" outcome="Passed" testListId="8c84fa94-04c1-424b-9868-57a2d4851a1d" relativeResultsDirectory="60195d7f-3b05-49eb-9b9e-192dc9234615" />
    <UnitTestResult executionId="05cb29e4-055d-411c-a2c6-e9ad51ace69e" testId="dbe19cd5-1d1d-4332-f562-88a1fda99cbb" testName="ControlParental.Domain.Tests.RulesEngineTests.Evaluar_Step1_ExemptProcess_ShouldAllow(appId: &quot;ControlParental.SessionAgent&quot;)" computerName="PC-ISIS" duration="00:00:00.0000090" startTime="2026-06-12T11:30:06.6739269-05:00" endTime="2026-06-12T11:30:06.6739270-05:00" testType="13cdc9d9-ddb5-4fa4-a97d-d965ccfc6d4b" outcome="Passed" testListId="8c84fa94-04c1-424b-9868-57a2d4851a1d" relativeResultsDirectory="05cb29e4-055d-411c-a2c6-e9ad51ace69e" />
    <UnitTestResult executionId="8052b71d-2430-4ef3-afb4-d94761ec465b" testId="5efaf3c3-6983-3725-2d11-45b1e8d080aa" testName="ControlParental.Domain.Tests.RulesEngineTests.Evaluar_Step1_ExemptProcess_ShouldAllow(appId: &quot;explorer.exe&quot;)" computerName="PC-ISIS" duration="00:00:00.0000089" startTime="2026-06-12T11:30:06.6738690-05:00" endTime="2026-06-12T11:30:06.6738691-05:00" testType="13cdc9d9-ddb5-4fa4-a97d-d965ccfc6d4b" outcome="Passed" testListId="8c84fa94-04c1-424b-9868-57a2d4851a1d" relativeResultsDirectory="8052b71d-2430-4ef3-afb4-d94761ec465b" />
    <UnitTestResult executionId="e29967a2-2eda-4468-b3bf-5a0e71c12385" testId="67cb28c9-6976-ad31-a833-80a4242c5dd9" testName="ControlParental.Domain.Tests.PolicyValidationTests.Validate_AllowOnlyWithoutAllowList_ShouldThrow" computerName="PC-ISIS" duration="00:00:00.0005787" startTime="2026-06-12T11:30:06.7457566-05:00" endTime="2026-06-12T11:30:06.7457568-05:00" testType="13cdc9d9-ddb5-4fa4-a97d-d965ccfc6d4b" outcome="Passed" testListId="8c84fa94-04c1-424b-9868-57a2d4851a1d" relativeResultsDirectory="e29967a2-2eda-4468-b3bf-5a0e71c12385" />
    <UnitTestResult executionId="fbde9035-da68-4218-96ab-dc0a0a609c18" testId="7abc109e-7eb9-5564-8a55-269fd1dc37bd" testName="ControlParental.Domain.Tests.PrivilegeLevelTests.AccountCreationResult_NeedsAdminElevation_ShouldRequireElevation" computerName="PC-ISIS" duration="00:00:00.0135382" startTime="2026-06-12T11:30:06.6766007-05:00" endTime="2026-06-12T11:30:06.6766008-05:00" testType="13cdc9d9-ddb5-4fa4-a97d-d965ccfc6d4b" outcome="Passed" testListId="8c84fa94-04c1-424b-9868-57a2d4851a1d" relativeResultsDirectory="fbde9035-da68-4218-96ab-dc0a0a609c18" />
    <UnitTestResult executionId="cadb459d-648e-438a-af5e-9e7cd761cf50" testId="ee44c91a-1ae9-b17e-b781-bfc07c59f38a" testName="ControlParental.Domain.Tests.RulesEngineTests.Evaluar_NoAppPolicy_ShouldDefaultAllow" computerName="PC-ISIS" duration="00:00:00.0002155" startTime="2026-06-12T11:30:06.6822025-05:00" endTime="2026-06-12T11:30:06.6822026-05:00" testType="13cdc9d9-ddb5-4fa4-a97d-d965ccfc6d4b" outcome="Passed" testListId="8c84fa94-04c1-424b-9868-57a2d4851a1d" relativeResultsDirectory="cadb459d-648e-438a-af5e-9e7cd761cf50" />
    <UnitTestResult executionId="f52ee75d-98b0-4a50-b15a-a717d1bf104c" testId="c7e81ded-1bb6-ca46-62ee-84c6e504850f" testName="ControlParental.Domain.Tests.RulesEngineTests.Evaluar_Step11_GrantLiftsGlobal_ShouldAllow" computerName="PC-ISIS" duration="00:00:00.0002768" startTime="2026-06-12T11:30:06.6828935-05:00" endTime="2026-06-12T11:30:06.6828936-05:00" testType="13cdc9d9-ddb5-4fa4-a97d-d965ccfc6d4b" outcome="Passed" testListId="8c84fa94-04c1-424b-9868-57a2d4851a1d" relativeResultsDirectory="f52ee75d-98b0-4a50-b15a-a717d1bf104c" />
    <UnitTestResult executionId="bb810179-032d-477e-94ab-640f5e61f31f" testId="42c409eb-120e-cdeb-3c78-f5124bb745d6" testName="ControlParental.Domain.Tests.RulesEngineTests.Evaluar_ComplexScenario_DowntimeWithAlwaysAllowed_ShouldAllow" computerName="PC-ISIS" duration="00:00:00.0002603" startTime="2026-06-12T11:30:06.6819570-05:00" endTime="2026-06-12T11:30:06.6819571-05:00" testType="13cdc9d9-ddb5-4fa4-a97d-d965ccfc6d4b" outcome="Passed" testListId="8c84fa94-04c1-424b-9868-57a2d4851a1d" relativeResultsDirectory="bb810179-032d-477e-94ab-640f5e61f31f" />
    <UnitTestResult executionId="45303d1f-ac44-4678-8d83-8f02755e777c" testId="f9131266-d959-d6ab-3289-7b6fd4f2686f" testName="ControlParental.Domain.Tests.RulesEngineTests.Evaluar_Step11_ExemptApp_ShouldBypassGlobal" computerName="PC-ISIS" duration="00:00:00.0002773" startTime="2026-06-12T11:30:06.6779120-05:00" endTime="2026-06-12T11:30:06.6779121-05:00" testType="13cdc9d9-ddb5-4fa4-a97d-d965ccfc6d4b" outcome="Passed" testListId="8c84fa94-04c1-424b-9868-57a2d4851a1d" relativeResultsDirectory="45303d1f-ac44-4678-8d83-8f02755e777c" />
    <UnitTestResult executionId="45795aa1-fe90-4f18-8e5f-5ff5f9c9ebca" testId="1056631b-3a93-21ae-6fa2-6d5d8008037a" testName="ControlParental.Domain.Tests.RulesEngineTests.Evaluar_Step10_AlwaysAllowed_NotBlockedByCategoryLimit" computerName="PC-ISIS" duration="00:00:00.0003608" startTime="2026-06-12T11:30:06.6835059-05:00" endTime="2026-06-12T11:30:06.6835059-05:00" testType="13cdc9d9-ddb5-4fa4-a97d-d965ccfc6d4b" outcome="Passed" testListId="8c84fa94-04c1-424b-9868-57a2d4851a1d" relativeResultsDirectory="45795aa1-fe90-4f18-8e5f-5ff5f9c9ebca" />
    <UnitTestResult executionId="e593bb2c-48b8-4d55-a44b-5a32d83ba5c7" testId="6056e294-221c-4b9d-f6c0-ae75355c6914" testName="ControlParental.Domain.Tests.PolicyRoundTripTests.RoundTrip_SerializeDeserialize_ShouldPreserveAllFields" computerName="PC-ISIS" duration="00:00:00.0213850" startTime="2026-06-12T11:30:06.7669044-05:00" endTime="2026-06-12T11:30:06.7669049-05:00" testType="13cdc9d9-ddb5-4fa4-a97d-d965ccfc6d4b" outcome="Passed" testListId="8c84fa94-04c1-424b-9868-57a2d4851a1d" relativeResultsDirectory="e593bb2c-48b8-4d55-a44b-5a32d83ba5c7" />
    <UnitTestResult executionId="3f37d3ad-8bcf-4f69-8d18-9f8ab016e542" testId="9386cbdd-cdd4-d18a-469a-b2ba15235cd3" testName="ControlParental.Domain.Tests.RulesEngineTests.Evaluar_Step4_AllowOnly_CrossMidnight_ShouldWork" computerName="PC-ISIS" duration="00:00:00.0004525" startTime="2026-06-12T11:30:06.6806984-05:00" endTime="2026-06-12T11:30:06.6806985-05:00" testType="13cdc9d9-ddb5-4fa4-a97d-d965ccfc6d4b" outcome="Passed" testListId="8c84fa94-04c1-424b-9868-57a2d4851a1d" relativeResultsDirectory="3f37d3ad-8bcf-4f69-8d18-9f8ab016e542" />
    <UnitTestResult executionId="762be39d-fad7-46bc-8489-d0c596cc158c" testId="0f2aa00b-7b3c-278f-7a49-e37888a482d5" testName="ControlParental.Domain.Tests.RulesEngineTests.Evaluar_Step1_ExemptProcess_ShouldAllow(appId: &quot;svchost&quot;)" computerName="PC-ISIS" duration="00:00:00.0004785" startTime="2026-06-12T11:30:06.6735539-05:00" endTime="2026-06-12T11:30:06.6735540-05:00" testType="13cdc9d9-ddb5-4fa4-a97d-d965ccfc6d4b" outcome="Passed" testListId="8c84fa94-04c1-424b-9868-57a2d4851a1d" relativeResultsDirectory="762be39d-fad7-46bc-8489-d0c596cc158c" />
    <UnitTestResult executionId="bb4155b1-3428-4c5e-980b-a9d3a68b14e5" testId="bc125388-6953-5ef9-a46d-cd190236459b" testName="ControlParental.Domain.Tests.RulesEngineTests.Evaluar_Step10_CategoryLimitExceeded_ShouldBlock" computerName="PC-ISIS" duration="00:00:00.0004852" startTime="2026-06-12T11:30:06.6816578-05:00" endTime="2026-06-12T11:30:06.6816579-05:00" testType="13cdc9d9-ddb5-4fa4-a97d-d965ccfc6d4b" outcome="Passed" testListId="8c84fa94-04c1-424b-9868-57a2d4851a1d" relativeResultsDirectory="bb4155b1-3428-4c5e-980b-a9d3a68b14e5" />
    <UnitTestResult executionId="894f3f32-4453-47fc-8f72-1591ee10b228" testId="af638153-0591-7bd6-c595-5521088f1ae6" testName="ControlParental.Domain.Tests.PolicyValidationTests.Policy_GetActiveGrants_ShouldReturnOnlyActiveGrants" computerName="PC-ISIS" duration="00:00:00.0006325" startTime="2026-06-12T11:30:06.7400786-05:00" endTime="2026-06-12T11:30:06.7400788-05:00" testType="13cdc9d9-ddb5-4fa4-a97d-d965ccfc6d4b" outcome="Passed" testListId="8c84fa94-04c1-424b-9868-57a2d4851a1d" relativeResultsDirectory="894f3f32-4453-47fc-8f72-1591ee10b228" />
    <UnitTestResult executionId="348ad0ca-f347-4922-a684-889476600db9" testId="7dba3626-667d-d592-fc50-16064fbe017a" testName="ControlParental.Domain.Tests.RulesEngineTests.Evaluar_Step6_GrantDevice_Active_ShouldAllow" computerName="PC-ISIS" duration="00:00:00.0002592" startTime="2026-06-12T11:30:06.6818818-05:00" endTime="2026-06-12T11:30:06.6818819-05:00" testType="13cdc9d9-ddb5-4fa4-a97d-d965ccfc6d4b" outcome="Passed" testListId="8c84fa94-04c1-424b-9868-57a2d4851a1d" relativeResultsDirectory="348ad0ca-f347-4922-a684-889476600db9" />
    <UnitTestResult executionId="578387da-091c-4b3c-9731-850a47eb1fc7" testId="91a4398b-a269-6d67-8b30-ae5cde202691" testName="ControlParental.Domain.Tests.RulesEngineTests.Evaluar_Step9_AppLimitExceeded_ShouldBlock" computerName="PC-ISIS" duration="00:00:00.0003969" startTime="2026-06-12T11:30:06.6777630-05:00" endTime="2026-06-12T11:30:06.6777631-05:00" testType="13cdc9d9-ddb5-4fa4-a97d-d965ccfc6d4b" outcome="Passed" testListId="8c84fa94-04c1-424b-9868-57a2d4851a1d" relativeResultsDirectory="578387da-091c-4b3c-9731-850a47eb1fc7" />
    <UnitTestResult executionId="cdc2db7e-4086-4e6a-adbe-1bad747921a1" testId="e6b2c607-dab0-77eb-80ab-627e5513d766" testName="ControlParental.Domain.Tests.RulesEngineTests.Evaluar_Step3_BlockedApp_ShouldBlock" computerName="PC-ISIS" duration="00:00:00.0003142" startTime="2026-06-12T11:30:06.6792397-05:00" endTime="2026-06-12T11:30:06.6792398-05:00" testType="13cdc9d9-ddb5-4fa4-a97d-d965ccfc6d4b" outcome="Passed" testListId="8c84fa94-04c1-424b-9868-57a2d4851a1d" relativeResultsDirectory="cdc2db7e-4086-4e6a-adbe-1bad747921a1" />
    <UnitTestResult executionId="f080b62a-435d-425f-a901-fc91fe9d9386" testId="affdfc60-0c8a-9d73-715a-80cb162a2110" testName="ControlParental.Domain.Tests.RulesEngineTests.Evaluar_Step1_ExemptProcess_ShouldAllow(appId: &quot;csrss&quot;)" computerName="PC-ISIS" duration="00:00:00.0000090" startTime="2026-06-12T11:30:06.6737427-05:00" endTime="2026-06-12T11:30:06.6737428-05:00" testType="13cdc9d9-ddb5-4fa4-a97d-d965ccfc6d4b" outcome="Passed" testListId="8c84fa94-04c1-424b-9868-57a2d4851a1d" relativeResultsDirectory="f080b62a-435d-425f-a901-fc91fe9d9386" />
    <UnitTestResult executionId="1579d903-e5f5-4fc2-a32a-e0a399f63e11" testId="aeb9987d-f661-9636-56b1-0f36a9fa38ed" testName="ControlParental.Domain.Tests.PolicyValidationTests.Validate_ZeroVersion_ShouldThrow" computerName="PC-ISIS" duration="00:00:00.0004897" startTime="2026-06-12T11:30:06.7409155-05:00" endTime="2026-06-12T11:30:06.7409156-05:00" testType="13cdc9d9-ddb5-4fa4-a97d-d965ccfc6d4b" outcome="Passed" testListId="8c84fa94-04c1-424b-9868-57a2d4851a1d" relativeResultsDirectory="1579d903-e5f5-4fc2-a32a-e0a399f63e11" />
    <UnitTestResult executionId="2cb61283-6507-40d4-8da0-5503ace5fda3" testId="ccae866a-cf53-f29d-f333-2fd34a975085" testName="ControlParental.Domain.Tests.RulesEngineTests.Evaluar_Step4_AllowOnly_OutsideWindow_ShouldNotBlock" computerName="PC-ISIS" duration="00:00:00.0003389" startTime="2026-06-12T11:30:06.6820305-05:00" endTime="2026-06-12T11:30:06.6820306-05:00" testType="13cdc9d9-ddb5-4fa4-a97d-d965ccfc6d4b" outcome="Passed" testListId="8c84fa94-04c1-424b-9868-57a2d4851a1d" relativeResultsDirectory="2cb61283-6507-40d4-8da0-5503ace5fda3" />
    <UnitTestResult executionId="dff4fdbc-06e0-4deb-915a-448a95cffe98" testId="8bceaa1b-296c-ae76-aba5-7acc462f1c62" testName="ControlParental.Domain.Tests.PrivilegeLevelTests.PrivilegeLevel_Unknown_ShouldBeTwo" computerName="PC-ISIS" duration="00:00:00.0106416" startTime="2026-06-12T11:30:06.6052559-05:00" endTime="2026-06-12T11:30:06.6052954-05:00" testType="13cdc9d9-ddb5-4fa4-a97d-d965ccfc6d4b" outcome="Passed" testListId="8c84fa94-04c1-424b-9868-57a2d4851a1d" relativeResultsDirectory="dff4fdbc-06e0-4deb-915a-448a95cffe98" />
    <UnitTestResult executionId="b1faebc0-ae31-417e-82a8-a9797dedd512" testId="5fe266e6-7be9-9af4-b62c-2d3a57b30187" testName="ControlParental.Domain.Tests.RulesEngineTests.Evaluar_MultipleSchedules_MatchingDay_ShouldEvaluateAll" computerName="PC-ISIS" duration="00:00:00.0004438" startTime="2026-06-12T11:30:06.6830527-05:00" endTime="2026-06-12T11:30:06.6830528-05:00" testType="13cdc9d9-ddb5-4fa4-a97d-d965ccfc6d4b" outcome="Passed" testListId="8c84fa94-04c1-424b-9868-57a2d4851a1d" relativeResultsDirectory="b1faebc0-ae31-417e-82a8-a9797dedd512" />
    <UnitTestResult executionId="361fdce6-311e-4acc-97ff-ca447220e2e6" testId="ee5e9a8b-f113-91c0-878f-f8c3a9aeec38" testName="ControlParental.Domain.Tests.RulesEngineTests.Evaluar_Step3_BlockedApp_EvenWithActiveGrant_ShouldBlock" computerName="PC-ISIS" duration="00:00:00.0004317" startTime="2026-06-12T11:30:06.6793889-05:00" endTime="2026-06-12T11:30:06.6793890-05:00" testType="13cdc9d9-ddb5-4fa4-a97d-d965ccfc6d4b" outcome="Passed" testListId="8c84fa94-04c1-424b-9868-57a2d4851a1d" relativeResultsDirectory="361fdce6-311e-4acc-97ff-ca447220e2e6" />
    <UnitTestResult executionId="b1d117e0-b3ca-43a9-b8ce-772161fe7ff5" testId="559c93b0-e46d-a3f0-c9db-63fdf79436c5" testName="ControlParental.Domain.Tests.RulesEngineTests.Evaluar_Step5_OutsideAllowedWindow_ShouldBlock" computerName="PC-ISIS" duration="00:00:00.0020044" startTime="2026-06-12T11:30:06.6790748-05:00" endTime="2026-06-12T11:30:06.6790749-05:00" testType="13cdc9d9-ddb5-4fa4-a97d-d965ccfc6d4b" outcome="Passed" testListId="8c84fa94-04c1-424b-9868-57a2d4851a1d" relativeResultsDirectory="b1d117e0-b3ca-43a9-b8ce-772161fe7ff5" />
    <UnitTestResult executionId="32117689-1259-41d7-acf8-b9440d52f7f6" testId="4820030e-e6b8-efb8-6d51-b7e3b8fa37ad" testName="ControlParental.Domain.Tests.RulesEngineTests.Evaluar_Step1_ExemptProcess_ShouldAllow(appId: &quot;dwm&quot;)" computerName="PC-ISIS" duration="00:00:00.0000085" startTime="2026-06-12T11:30:06.6763268-05:00" endTime="2026-06-12T11:30:06.6763269-05:00" testType="13cdc9d9-ddb5-4fa4-a97d-d965ccfc6d4b" outcome="Passed" testListId="8c84fa94-04c1-424b-9868-57a2d4851a1d" relativeResultsDirectory="32117689-1259-41d7-acf8-b9440d52f7f6" />
    <UnitTestResult executionId="09267739-3771-4b8e-9d5b-b625e295a1c5" testId="791044dc-0101-1fbf-166f-cbba62feef3e" testName="ControlParental.Domain.Tests.RulesEngineTests.Evaluar_Step5_WithinAllowedWindow_ShouldContinue" computerName="PC-ISIS" duration="00:00:00.0003990" startTime="2026-06-12T11:30:06.6802454-05:00" endTime="2026-06-12T11:30:06.6802456-05:00" testType="13cdc9d9-ddb5-4fa4-a97d-d965ccfc6d4b" outcome="Passed" testListId="8c84fa94-04c1-424b-9868-57a2d4851a1d" relativeResultsDirectory="09267739-3771-4b8e-9d5b-b625e295a1c5" />
    <UnitTestResult executionId="564997ed-06eb-47e5-84ea-2a2686cb8c7f" testId="c65fe569-c4dd-3db2-fe65-a4e9367311a7" testName="ControlParental.Domain.Tests.RulesEngineTests.Evaluar_Step9_GrantLiftsAppLimit_ShouldAllow" computerName="PC-ISIS" duration="00:00:00.0213349" startTime="2026-06-12T11:30:06.6732235-05:00" endTime="2026-06-12T11:30:06.6732237-05:00" testType="13cdc9d9-ddb5-4fa4-a97d-d965ccfc6d4b" outcome="Passed" testListId="8c84fa94-04c1-424b-9868-57a2d4851a1d" relativeResultsDirectory="564997ed-06eb-47e5-84ea-2a2686cb8c7f" />
    <UnitTestResult executionId="3df72962-d3e9-49b9-a9fc-6eecc0e18565" testId="2c666423-14e5-d662-1903-d7a93aedd759" testName="ControlParental.Domain.Tests.DependencyInjectionTests.SingletonResolution_ShouldReturnSameInstance" computerName="PC-ISIS" duration="00:00:00.0003080" startTime="2026-06-12T11:30:06.6790214-05:00" endTime="2026-06-12T11:30:06.6790215-05:00" testType="13cdc9d9-ddb5-4fa4-a97d-d965ccfc6d4b" outcome="Passed" testListId="8c84fa94-04c1-424b-9868-57a2d4851a1d" relativeResultsDirectory="3df72962-d3e9-49b9-a9fc-6eecc0e18565" />
    <UnitTestResult executionId="26625627-bc08-4a56-b013-9c3e815cafc7" testId="dad0ff27-3b6a-3df4-fbe8-43b5424694a4" testName="ControlParental.Domain.Tests.RulesEngineTests.Evaluar_Step1_NonExempt_ShouldNotBypass(appId: &quot;com.whatsapp&quot;)" computerName="PC-ISIS" duration="00:00:00.0048814" startTime="2026-06-12T11:30:06.6764186-05:00" endTime="2026-06-12T11:30:06.6764187-05:00" testType="13cdc9d9-ddb5-4fa4-a97d-d965ccfc6d4b" outcome="Passed" testListId="8c84fa94-04c1-424b-9868-57a2d4851a1d" relativeResultsDirectory="26625627-bc08-4a56-b013-9c3e815cafc7" />
    <UnitTestResult executionId="86336009-3e40-4da2-8e61-4ac63a2eca4b" testId="70239425-ff60-3444-2cfc-98dba5588832" testName="ControlParental.Domain.Tests.RulesEngineTests.Evaluar_Step9_AlwaysAllowed_NotBlockedByAppLimit" computerName="PC-ISIS" duration="00:00:00.0002680" startTime="2026-06-12T11:30:06.6818051-05:00" endTime="2026-06-12T11:30:06.6818052-05:00" testType="13cdc9d9-ddb5-4fa4-a97d-d965ccfc6d4b" outcome="Passed" testListId="8c84fa94-04c1-424b-9868-57a2d4851a1d" relativeResultsDirectory="86336009-3e40-4da2-8e61-4ac63a2eca4b" />
    <UnitTestResult executionId="3044338e-0129-4c46-9ecd-2a8fcbcde410" testId="bd17de8b-935b-51df-1d10-4f8f1745145c" testName="ControlParental.Domain.Tests.RulesEngineTests.Evaluar_Step7_Downtime_GrantLifts_ShouldAllow" computerName="PC-ISIS" duration="00:00:00.0002968" startTime="2026-06-12T11:30:06.6817325-05:00" endTime="2026-06-12T11:30:06.6817326-05:00" testType="13cdc9d9-ddb5-4fa4-a97d-d965ccfc6d4b" outcome="Passed" testListId="8c84fa94-04c1-424b-9868-57a2d4851a1d" relativeResultsDirectory="3044338e-0129-4c46-9ecd-2a8fcbcde410" />
    <UnitTestResult executionId="125d7edd-7a99-489b-9bb4-46ebdcc2ea56" testId="dd18b897-ec07-d131-2ad2-9fd09a2fe0f0" testName="ControlParental.Domain.Tests.RulesEngineTests.Evaluar_Step11_GlobalNotExceeded_ShouldContinue" computerName="PC-ISIS" duration="00:00:00.0002074" startTime="2026-06-12T11:30:06.6833621-05:00" endTime="2026-06-12T11:30:06.6833622-05:00" testType="13cdc9d9-ddb5-4fa4-a97d-d965ccfc6d4b" outcome="Passed" testListId="8c84fa94-04c1-424b-9868-57a2d4851a1d" relativeResultsDirectory="125d7edd-7a99-489b-9bb4-46ebdcc2ea56" />
    <UnitTestResult executionId="870ae37d-a7a1-4661-ba62-98a060130763" testId="715c241e-1be9-fd79-51f4-658118d99b6c" testName="ControlParental.Domain.Tests.PolicyValidationTests.Validate_EmptyDeviceId_ShouldThrow" computerName="PC-ISIS" duration="00:00:00.1176739" startTime="2026-06-12T11:30:06.7222630-05:00" endTime="2026-06-12T11:30:06.7222635-05:00" testType="13cdc9d9-ddb5-4fa4-a97d-d965ccfc6d4b" outcome="Passed" testListId="8c84fa94-04c1-424b-9868-57a2d4851a1d" relativeResultsDirectory="870ae37d-a7a1-4661-ba62-98a060130763" />
    <UnitTestResult executionId="ee4ee160-6d94-499b-b0bb-0d8b4250f15a" testId="50bde805-5b4a-3093-5767-9b40a9ff4a9a" testName="ControlParental.Domain.Tests.RulesEngineTests.Evaluar_Step8_LockSchedule_OutsideWindow_ShouldNotBlock" computerName="PC-ISIS" duration="00:00:00.0042268" startTime="2026-06-12T11:30:06.6767894-05:00" endTime="2026-06-12T11:30:06.6767896-05:00" testType="13cdc9d9-ddb5-4fa4-a97d-d965ccfc6d4b" outcome="Passed" testListId="8c84fa94-04c1-424b-9868-57a2d4851a1d" relativeResultsDirectory="ee4ee160-6d94-499b-b0bb-0d8b4250f15a" />
    <UnitTestResult executionId="350e869c-e43f-4a52-a27a-a395918cece7" testId="df7896e6-4a30-a724-0b0b-7cc3ad71f9f2" testName="ControlParental.Domain.Tests.RulesEngineTests.Evaluar_Step1_NonExempt_ShouldNotBypass(appId: &quot;notepad&quot;)" computerName="PC-ISIS" duration="00:00:00.0000204" startTime="2026-06-12T11:30:06.6765307-05:00" endTime="2026-06-12T11:30:06.6765308-05:00" testType="13cdc9d9-ddb5-4fa4-a97d-d965ccfc6d4b" outcome="Passed" testListId="8c84fa94-04c1-424b-9868-57a2d4851a1d" relativeResultsDirectory="350e869c-e43f-4a52-a27a-a395918cece7" />
    <UnitTestResult executionId="d20a7af7-d254-4ad6-8234-5f4b2b83e454" testId="c143393b-9631-c4e8-a221-a598d5139e6b" testName="ControlParental.Domain.Tests.RulesEngineTests.Evaluar_GrantEdgeCase_ExpiresExactlyNow_ShouldNotBlock" computerName="PC-ISIS" duration="00:00:00.0004111" startTime="2026-06-12T11:30:06.6803326-05:00" endTime="2026-06-12T11:30:06.6803326-05:00" testType="13cdc9d9-ddb5-4fa4-a97d-d965ccfc6d4b" outcome="Passed" testListId="8c84fa94-04c1-424b-9868-57a2d4851a1d" relativeResultsDirectory="d20a7af7-d254-4ad6-8234-5f4b2b83e454" />
    <UnitTestResult executionId="94794bdf-5bd8-4594-a404-bff2870e20b3" testId="90f0b806-230b-54df-506e-18d6d0438ef7" testName="ControlParental.Domain.Tests.DependencyInjectionTests.TransientResolution_ShouldReturnDifferentInstances" computerName="PC-ISIS" duration="00:00:00.0386686" startTime="2026-06-12T11:30:06.6780579-05:00" endTime="2026-06-12T11:30:06.6780580-05:00" testType="13cdc9d9-ddb5-4fa4-a97d-d965ccfc6d4b" outcome="Passed" testListId="8c84fa94-04c1-424b-9868-57a2d4851a1d" relativeResultsDirectory="94794bdf-5bd8-4594-a404-bff2870e20b3" />
    <UnitTestResult executionId="e3966383-02f2-433f-9969-ea3402773d8e" testId="e6325dba-8ed5-586c-7607-22c4c169bc95" testName="ControlParental.Domain.Tests.RulesEngineTests.Evaluar_Step8_LockSchedule_AlwaysAllowed_ShouldContinue" computerName="PC-ISIS" duration="00:00:00.0003416" startTime="2026-06-12T11:30:06.6831269-05:00" endTime="2026-06-12T11:30:06.6831269-05:00" testType="13cdc9d9-ddb5-4fa4-a97d-d965ccfc6d4b" outcome="Passed" testListId="8c84fa94-04c1-424b-9868-57a2d4851a1d" relativeResultsDirectory="e3966383-02f2-433f-9969-ea3402773d8e" />
    <UnitTestResult executionId="8d44b2b8-4896-4899-9614-f6730785da5e" testId="5a71bb72-ef76-0a3b-3580-e84064d9c504" testName="ControlParental.Domain.Tests.RulesEngineTests.Evaluar_Step10_CategoryLimitNotExceeded_ShouldContinue" computerName="PC-ISIS" duration="00:00:00.0010647" startTime="2026-06-12T11:30:06.6794599-05:00" endTime="2026-06-12T11:30:06.6794600-05:00" testType="13cdc9d9-ddb5-4fa4-a97d-d965ccfc6d4b" outcome="Passed" testListId="8c84fa94-04c1-424b-9868-57a2d4851a1d" relativeResultsDirectory="8d44b2b8-4896-4899-9614-f6730785da5e" />
    <UnitTestResult executionId="127ab0e0-85ff-4c21-aed0-97e38b1fa04e" testId="9631bbf0-e5b1-88b8-ac60-145ed9858c91" testName="ControlParental.Domain.Tests.RulesEngineTests.Evaluar_Step7_Downtime_NonAlwaysAllowed_ShouldBlock" computerName="PC-ISIS" duration="00:00:00.0003920" startTime="2026-06-12T11:30:06.6807723-05:00" endTime="2026-06-12T11:30:06.6807724-05:00" testType="13cdc9d9-ddb5-4fa4-a97d-d965ccfc6d4b" outcome="Passed" testListId="8c84fa94-04c1-424b-9868-57a2d4851a1d" relativeResultsDirectory="127ab0e0-85ff-4c21-aed0-97e38b1fa04e" />
    <UnitTestResult executionId="78be7c99-c2c4-491e-a157-c725b695a12a" testId="09de3b8d-1d35-79cd-a51c-696321a23b09" testName="ControlParental.Domain.Tests.PrivilegeLevelTests.AccountCreationResult_Failed_ShouldNotRequireElevation" computerName="PC-ISIS" duration="00:00:00.0002342" startTime="2026-06-12T11:30:06.6114941-05:00" endTime="2026-06-12T11:30:06.6114941-05:00" testType="13cdc9d9-ddb5-4fa4-a97d-d965ccfc6d4b" outcome="Passed" testListId="8c84fa94-04c1-424b-9868-57a2d4851a1d" relativeResultsDirectory="78be7c99-c2c4-491e-a157-c725b695a12a" />
    <UnitTestResult executionId="54cdc84b-a819-400e-922b-6ff892210c4b" testId="1425f15f-e2a1-fcf4-50fc-821b0ad1196d" testName="ControlParental.Domain.Tests.PolicyValidationTests.Validate_InvalidTimeFormat_ShouldThrow" computerName="PC-ISIS" duration="00:00:00.0037487" startTime="2026-06-12T11:30:06.7302671-05:00" endTime="2026-06-12T11:30:06.7302674-05:00" testType="13cdc9d9-ddb5-4fa4-a97d-d965ccfc6d4b" outcome="Passed" testListId="8c84fa94-04c1-424b-9868-57a2d4851a1d" relativeResultsDirectory="54cdc84b-a819-400e-922b-6ff892210c4b" />
    <UnitTestResult executionId="98ca7b1e-df1e-4cbd-8b7d-059bd5857f39" testId="f61ac484-edf0-f734-17cb-0343d55621f2" testName="ControlParental.Domain.Tests.PolicyRoundTripTests.Deserialize_CategoryAssignments_ShouldMapCorrectly" computerName="PC-ISIS" duration="00:00:00.1423307" startTime="2026-06-12T11:30:06.7343652-05:00" endTime="2026-06-12T11:30:06.7343657-05:00" testType="13cdc9d9-ddb5-4fa4-a97d-d965ccfc6d4b" outcome="Passed" testListId="8c84fa94-04c1-424b-9868-57a2d4851a1d" relativeResultsDirectory="98ca7b1e-df1e-4cbd-8b7d-059bd5857f39" />
    <UnitTestResult executionId="26bd9af3-3883-4203-9044-668f83683f88" testId="c59f2baa-df2c-e6fe-e486-2b2000801401" testName="ControlParental.Domain.Tests.RulesEngineTests.Evaluar_Step8_LockScheduleActive_NonAlwaysAllowed_ShouldBlock" computerName="PC-ISIS" duration="00:00:00.0003564" startTime="2026-06-12T11:30:06.6834350-05:00" endTime="2026-06-12T11:30:06.6834350-05:00" testType="13cdc9d9-ddb5-4fa4-a97d-d965ccfc6d4b" outcome="Passed" testListId="8c84fa94-04c1-424b-9868-57a2d4851a1d" relativeResultsDirectory="26bd9af3-3883-4203-9044-668f83683f88" />
    <UnitTestResult executionId="ada6fa52-c4d1-4b56-af4e-30a30366e046" testId="b35cadda-db28-abdc-7539-702533721bca" testName="ControlParental.Domain.Tests.RulesEngineTests.Evaluar_Step2_DeviceLocked_EvenWithAlwaysAllowed_ShouldBlock" computerName="PC-ISIS" duration="00:00:00.0002965" startTime="2026-06-12T11:30:06.6808457-05:00" endTime="2026-06-12T11:30:06.6808458-05:00" testType="13cdc9d9-ddb5-4fa4-a97d-d965ccfc6d4b" outcome="Passed" testListId="8c84fa94-04c1-424b-9868-57a2d4851a1d" relativeResultsDirectory="ada6fa52-c4d1-4b56-af4e-30a30366e046" />
    <UnitTestResult executionId="a01f0657-c2b6-4121-845e-f3eb0b6728bc" testId="0500d047-6366-4080-ee48-7a796ba177ef" testName="ControlParental.Domain.Tests.PolicyRoundTripTests.Deserialize_Schedules_ShouldHaveCorrectValues" computerName="PC-ISIS" duration="00:00:00.0100026" startTime="2026-06-12T11:30:06.7770413-05:00" endTime="2026-06-12T11:30:06.7770418-05:00" testType="13cdc9d9-ddb5-4fa4-a97d-d965ccfc6d4b" outcome="Passed" testListId="8c84fa94-04c1-424b-9868-57a2d4851a1d" relativeResultsDirectory="a01f0657-c2b6-4121-845e-f3eb0b6728bc" />
    <UnitTestResult executionId="3f4a4a23-d273-4ea1-b168-bdf187cfd802" testId="17b3b413-d6f3-eecd-4aad-c377f76e70d7" testName="ControlParental.Domain.Tests.PolicyValidationTests.Validate_LimitedWithoutDailyLimit_ShouldThrow" computerName="PC-ISIS" duration="00:00:00.0039857" startTime="2026-06-12T11:30:06.7263763-05:00" endTime="2026-06-12T11:30:06.7263767-05:00" testType="13cdc9d9-ddb5-4fa4-a97d-d965ccfc6d4b" outcome="Passed" testListId="8c84fa94-04c1-424b-9868-57a2d4851a1d" relativeResultsDirectory="3f4a4a23-d273-4ea1-b168-bdf187cfd802" />
    <UnitTestResult executionId="d9763337-1d82-44c4-a677-a954454bca92" testId="4311625f-d719-9fd6-7351-87ee758a0faf" testName="ControlParental.Domain.Tests.RulesEngineTests.Evaluar_Step6_GrantDevice_DoesNotLiftAllowOnly" computerName="PC-ISIS" duration="00:00:00.0007919" startTime="2026-06-12T11:30:06.6781519-05:00" endTime="2026-06-12T11:30:06.6781520-05:00" testType="13cdc9d9-ddb5-4fa4-a97d-d965ccfc6d4b" outcome="Passed" testListId="8c84fa94-04c1-424b-9868-57a2d4851a1d" relativeResultsDirectory="d9763337-1d82-44c4-a677-a954454bca92" />
    <UnitTestResult executionId="563883c5-78ef-4f68-b879-74dfaec9fd29" testId="e8cdfe3a-b63a-e596-355c-42b418a38e3f" testName="ControlParental.Domain.Tests.PolicyRoundTripTests.Deserialize_SamplePolicy_ShouldSucceed" computerName="PC-ISIS" duration="00:00:00.0004476" startTime="2026-06-12T11:30:06.7775727-05:00" endTime="2026-06-12T11:30:06.7775729-05:00" testType="13cdc9d9-ddb5-4fa4-a97d-d965ccfc6d4b" outcome="Passed" testListId="8c84fa94-04c1-424b-9868-57a2d4851a1d" relativeResultsDirectory="563883c5-78ef-4f68-b879-74dfaec9fd29" />
    <UnitTestResult executionId="4fac1d69-3ed9-49e1-a0fe-a1bf6b1e7343" testId="ae5b0417-a02c-9bda-8541-60dbbe823e12" testName="ControlParental.Domain.Tests.RulesEngineTests.Evaluar_Step7_Downtime_AlwaysAllowed_ShouldContinue" computerName="PC-ISIS" duration="00:00:00.0002754" startTime="2026-06-12T11:30:06.6776799-05:00" endTime="2026-06-12T11:30:06.6776800-05:00" testType="13cdc9d9-ddb5-4fa4-a97d-d965ccfc6d4b" outcome="Passed" testListId="8c84fa94-04c1-424b-9868-57a2d4851a1d" relativeResultsDirectory="4fac1d69-3ed9-49e1-a0fe-a1bf6b1e7343" />
    <UnitTestResult executionId="fd189531-724c-45ab-a6e4-7784157691f0" testId="af8038b2-544a-11c7-14cb-559f27a86e0b" testName="ControlParental.Domain.Tests.RulesEngineTests.Evaluar_AllowedApp_InAllowOnly_ShouldAllow" computerName="PC-ISIS" duration="00:00:00.0003507" startTime="2026-06-12T11:30:06.6832887-05:00" endTime="2026-06-12T11:30:06.6832887-05:00" testType="13cdc9d9-ddb5-4fa4-a97d-d965ccfc6d4b" outcome="Passed" testListId="8c84fa94-04c1-424b-9868-57a2d4851a1d" relativeResultsDirectory="fd189531-724c-45ab-a6e4-7784157691f0" />
    <UnitTestResult executionId="d52c2f87-72af-4a5c-b96c-a9393578efae" testId="6bf421b4-c1b0-67f8-806c-7e19f3825d6d" testName="ControlParental.Domain.Tests.RulesEngineTests.Evaluar_Step6_GrantPackage_Active_ShouldAllow" computerName="PC-ISIS" duration="00:00:00.0002705" startTime="2026-06-12T11:30:06.6806251-05:00" endTime="2026-06-12T11:30:06.6806251-05:00" testType="13cdc9d9-ddb5-4fa4-a97d-d965ccfc6d4b" outcome="Passed" testListId="8c84fa94-04c1-424b-9868-57a2d4851a1d" relativeResultsDirectory="d52c2f87-72af-4a5c-b96c-a9393578efae" />
    <UnitTestResult executionId="60e42fda-90e4-4652-9ec7-e89886b77224" testId="b80f369c-0041-8a9c-6ecc-3421e6636a56" testName="ControlParental.Domain.Tests.RulesEngineTests.Evaluar_CrossMidnight_ScheduleCrossesMidnight_OutsideWindow_ShouldAllow" computerName="PC-ISIS" duration="00:00:00.0003243" startTime="2026-06-12T11:30:06.6779803-05:00" endTime="2026-06-12T11:30:06.6779803-05:00" testType="13cdc9d9-ddb5-4fa4-a97d-d965ccfc6d4b" outcome="Passed" testListId="8c84fa94-04c1-424b-9868-57a2d4851a1d" relativeResultsDirectory="60e42fda-90e4-4652-9ec7-e89886b77224" />
    <UnitTestResult executionId="248ce93c-480b-42c1-a698-22a8b6c1b632" testId="599dc8a8-7def-cd10-2f6a-a0e007fed76a" testName="ControlParental.Domain.Tests.PolicyValidationTests.Grant_IsActive_ShouldReturnCorrectResult" computerName="PC-ISIS" duration="00:00:00.0079937" startTime="2026-06-12T11:30:06.6092600-05:00" endTime="2026-06-12T11:30:06.6092601-05:00" testType="13cdc9d9-ddb5-4fa4-a97d-d965ccfc6d4b" outcome="Passed" testListId="8c84fa94-04c1-424b-9868-57a2d4851a1d" relativeResultsDirectory="248ce93c-480b-42c1-a698-22a8b6c1b632" />
    <UnitTestResult executionId="bedc3755-6cd1-4911-ab1e-44dd846a4b08" testId="a39ddd9b-88b8-6450-85d5-919b4aa4ccff" testName="ControlParental.Domain.Tests.PrivilegeLevelTests.PrivilegeLevel_Administrator_ShouldBeOne" computerName="PC-ISIS" duration="00:00:00.0001293" startTime="2026-06-12T11:30:06.6766777-05:00" endTime="2026-06-12T11:30:06.6766778-05:00" testType="13cdc9d9-ddb5-4fa4-a97d-d965ccfc6d4b" outcome="Passed" testListId="8c84fa94-04c1-424b-9868-57a2d4851a1d" relativeResultsDirectory="bedc3755-6cd1-4911-ab1e-44dd846a4b08" />
    <UnitTestResult executionId="f68abaab-544c-435b-80ef-0c0598f65227" testId="75caa6bb-4b71-b759-3d44-04e6add41e4b" testName="ControlParental.Domain.Tests.RulesEngineTests.Evaluar_Step1_ExemptProcess_ShouldAllow(appId: &quot;winlogon.exe&quot;)" computerName="PC-ISIS" duration="00:00:00.0000117" startTime="2026-06-12T11:30:06.6739821-05:00" endTime="2026-06-12T11:30:06.6739822-05:00" testType="13cdc9d9-ddb5-4fa4-a97d-d965ccfc6d4b" outcome="Passed" testListId="8c84fa94-04c1-424b-9868-57a2d4851a1d" relativeResultsDirectory="f68abaab-544c-435b-80ef-0c0598f65227" />
    <UnitTestResult executionId="0fa45f2b-8be9-44a6-abf6-9da9782f63d1" testId="8b23bee9-8d11-ce88-ec71-32098b38d4c8" testName="ControlParental.Domain.Tests.RulesEngineTests.Evaluar_Step1_NonExempt_ShouldNotBypass(appId: &quot;chrome&quot;)" computerName="PC-ISIS" duration="00:00:00.0004680" startTime="2026-06-12T11:30:06.6764761-05:00" endTime="2026-06-12T11:30:06.6764762-05:00" testType="13cdc9d9-ddb5-4fa4-a97d-d965ccfc6d4b" outcome="Passed" testListId="8c84fa94-04c1-424b-9868-57a2d4851a1d" relativeResultsDirectory="0fa45f2b-8be9-44a6-abf6-9da9782f63d1" />
    <UnitTestResult executionId="f0116657-ed39-4b15-9f60-921059b015e8" testId="7a190c9c-3689-8e9c-8707-2ba0089ee661" testName="ControlParental.Domain.Tests.RulesEngineTests.Evaluar_Step4_AllowOnlyActive_AppNotInList_ShouldBlock" computerName="PC-ISIS" duration="00:00:00.0004041" startTime="2026-06-12T11:30:06.6804793-05:00" endTime="2026-06-12T11:30:06.6804794-05:00" testType="13cdc9d9-ddb5-4fa4-a97d-d965ccfc6d4b" outcome="Passed" testListId="8c84fa94-04c1-424b-9868-57a2d4851a1d" relativeResultsDirectory="f0116657-ed39-4b15-9f60-921059b015e8" />
    <UnitTestResult executionId="7c713864-efd7-4d53-8483-bbd4c3507332" testId="8db5a0d8-a5e3-b015-c1d5-b89c45f24079" testName="ControlParental.Domain.Tests.RulesEngineTests.Evaluar_Step8_LockSchedule_GrantLifts_ShouldAllow" computerName="PC-ISIS" duration="00:00:00.0003377" startTime="2026-06-12T11:30:06.6829760-05:00" endTime="2026-06-12T11:30:06.6829760-05:00" testType="13cdc9d9-ddb5-4fa4-a97d-d965ccfc6d4b" outcome="Passed" testListId="8c84fa94-04c1-424b-9868-57a2d4851a1d" relativeResultsDirectory="7c713864-efd7-4d53-8483-bbd4c3507332" />
    <UnitTestResult executionId="93d63bcd-5209-46fb-b3d2-9a50f5b9928c" testId="c94d00d2-d991-d4f3-04a5-ae73c597b6c9" testName="ControlParental.Domain.Tests.PolicyRoundTripTests.Deserialize_AppPolicies_ShouldHaveCorrectStates" computerName="PC-ISIS" duration="00:00:00.0031068" startTime="2026-06-12T11:30:06.7453913-05:00" endTime="2026-06-12T11:30:06.7453914-05:00" testType="13cdc9d9-ddb5-4fa4-a97d-d965ccfc6d4b" outcome="Passed" testListId="8c84fa94-04c1-424b-9868-57a2d4851a1d" relativeResultsDirectory="93d63bcd-5209-46fb-b3d2-9a50f5b9928c" />
    <UnitTestResult executionId="6b580fe1-a8e2-4356-aab8-fa440eb9f200" testId="eeebe98e-a9c8-a3c4-759d-f412fc75f7e8" testName="ControlParental.Domain.Tests.RulesEngineTests.Evaluar_Step1_ExemptProcess_ShouldAllow(appId: &quot;winlogon&quot;)" computerName="PC-ISIS" duration="00:00:00.0000117" startTime="2026-06-12T11:30:06.6736822-05:00" endTime="2026-06-12T11:30:06.6736823-05:00" testType="13cdc9d9-ddb5-4fa4-a97d-d965ccfc6d4b" outcome="Passed" testListId="8c84fa94-04c1-424b-9868-57a2d4851a1d" relativeResultsDirectory="6b580fe1-a8e2-4356-aab8-fa440eb9f200" />
    <UnitTestResult executionId="6f22a35c-97f8-404b-85b5-5b7ec6795cd4" testId="7913cb7f-0102-9266-be4e-c6e0a1ef04ff" testName="ControlParental.Domain.Tests.RulesEngineTests.Evaluar_Step9_AppLimitNotExceeded_ShouldContinue" computerName="PC-ISIS" duration="00:00:00.0006300" startTime="2026-06-12T11:30:06.6768638-05:00" endTime="2026-06-12T11:30:06.6768639-05:00" testType="13cdc9d9-ddb5-4fa4-a97d-d965ccfc6d4b" outcome="Passed" testListId="8c84fa94-04c1-424b-9868-57a2d4851a1d" relativeResultsDirectory="6f22a35c-97f8-404b-85b5-5b7ec6795cd4" />
    <UnitTestResult executionId="e59ce1de-a920-4298-9088-0174bfe1df86" testId="42140588-68cd-aea3-b05e-1de479c2f5c9" testName="ControlParental.Domain.Tests.RulesEngineTests.Evaluar_Step6_GrantDevice_DoesNotLiftBlockedOrAllowOnly" computerName="PC-ISIS" duration="00:00:00.0003819" startTime="2026-06-12T11:30:06.6793132-05:00" endTime="2026-06-12T11:30:06.6793133-05:00" testType="13cdc9d9-ddb5-4fa4-a97d-d965ccfc6d4b" outcome="Passed" testListId="8c84fa94-04c1-424b-9868-57a2d4851a1d" relativeResultsDirectory="e59ce1de-a920-4298-9088-0174bfe1df86" />
    <UnitTestResult executionId="1b094bd7-52bc-48b3-b460-691782afc59d" testId="0ac7beeb-b6c3-bc08-7dff-fd1262c7307a" testName="ControlParental.Domain.Tests.RulesEngineTests.Evaluar_Step6_GrantCategory_Active_ShouldAllow" computerName="PC-ISIS" duration="00:00:00.0003407" startTime="2026-06-12T11:30:06.6791650-05:00" endTime="2026-06-12T11:30:06.6791651-05:00" testType="13cdc9d9-ddb5-4fa4-a97d-d965ccfc6d4b" outcome="Passed" testListId="8c84fa94-04c1-424b-9868-57a2d4851a1d" relativeResultsDirectory="1b094bd7-52bc-48b3-b460-691782afc59d" />
    <UnitTestResult executionId="c177930d-d88b-4429-b62e-16c580e39eb3" testId="7003ce89-1b0a-8f38-4609-af853ca81126" testName="ControlParental.Domain.Tests.RulesEngineTests.Evaluar_Step4_AllowOnlyActive_AppInList_ShouldContinue" computerName="PC-ISIS" duration="00:00:00.0003557" startTime="2026-06-12T11:30:06.6805501-05:00" endTime="2026-06-12T11:30:06.6805501-05:00" testType="13cdc9d9-ddb5-4fa4-a97d-d965ccfc6d4b" outcome="Passed" testListId="8c84fa94-04c1-424b-9868-57a2d4851a1d" relativeResultsDirectory="c177930d-d88b-4429-b62e-16c580e39eb3" />
    <UnitTestResult executionId="983eba38-bf7c-416b-a64d-a2a81c6dc4b7" testId="98348567-4216-de81-d7a4-3060dc32edef" testName="ControlParental.Domain.Tests.PrivilegeLevelTests.AccountCreationResult_Succeeded_ShouldHaveCorrectProperties" computerName="PC-ISIS" duration="00:00:00.0015841" startTime="2026-06-12T11:30:06.6114026-05:00" endTime="2026-06-12T11:30:06.6114027-05:00" testType="13cdc9d9-ddb5-4fa4-a97d-d965ccfc6d4b" outcome="Passed" testListId="8c84fa94-04c1-424b-9868-57a2d4851a1d" relativeResultsDirectory="983eba38-bf7c-416b-a64d-a2a81c6dc4b7" />
    <UnitTestResult executionId="dd4deb76-f93e-43dc-83ba-24deb48a59bc" testId="872b3f08-5eb4-ef11-0ace-eb2463b3cbf7" testName="ControlParental.Domain.Tests.RulesEngineTests.Evaluar_Step11_GlobalExceeded_ShouldBlock" computerName="PC-ISIS" duration="00:00:00.0002877" startTime="2026-06-12T11:30:06.6804094-05:00" endTime="2026-06-12T11:30:06.6804095-05:00" testType="13cdc9d9-ddb5-4fa4-a97d-d965ccfc6d4b" outcome="Passed" testListId="8c84fa94-04c1-424b-9868-57a2d4851a1d" relativeResultsDirectory="dd4deb76-f93e-43dc-83ba-24deb48a59bc" />
    <UnitTestResult executionId="c5cef8c8-86af-4d76-ad3f-33d0e76e9710" testId="1f5f1a24-4b5c-1c29-45ff-c6367851a213" testName="ControlParental.Domain.Tests.RulesEngineTests.Evaluar_TimeZone_TokyoZone_ShouldEvaluateCorrectly" computerName="PC-ISIS" duration="00:00:00.0052674" startTime="2026-06-12T11:30:06.6778377-05:00" endTime="2026-06-12T11:30:06.6778378-05:00" testType="13cdc9d9-ddb5-4fa4-a97d-d965ccfc6d4b" outcome="Passed" testListId="8c84fa94-04c1-424b-9868-57a2d4851a1d" relativeResultsDirectory="c5cef8c8-86af-4d76-ad3f-33d0e76e9710" />
    <UnitTestResult executionId="851bca01-3db1-4096-93a5-7890290f3984" testId="b1a675fc-9132-e59d-487c-404cf61018e8" testName="ControlParental.Domain.Tests.RulesEngineTests.Evaluar_CrossMidnight_ScheduleCrossesMidnight_InsideWindow_ShouldBlock" computerName="PC-ISIS" duration="00:00:00.0004121" startTime="2026-06-12T11:30:06.6795292-05:00" endTime="2026-06-12T11:30:06.6795292-05:00" testType="13cdc9d9-ddb5-4fa4-a97d-d965ccfc6d4b" outcome="Passed" testListId="8c84fa94-04c1-424b-9868-57a2d4851a1d" relativeResultsDirectory="851bca01-3db1-4096-93a5-7890290f3984" />
    <UnitTestResult executionId="4ad32d85-20d1-4db4-9f53-f37f72d84544" testId="0662c8ec-b675-f2a9-43f4-b6f540092947" testName="ControlParental.Domain.Tests.RulesEngineTests.Evaluar_Step10_NoCategoryAssignment_ShouldNotBlock" computerName="PC-ISIS" duration="00:00:00.0004686" startTime="2026-06-12T11:30:06.6769347-05:00" endTime="2026-06-12T11:30:06.6769348-05:00" testType="13cdc9d9-ddb5-4fa4-a97d-d965ccfc6d4b" outcome="Passed" testListId="8c84fa94-04c1-424b-9868-57a2d4851a1d" relativeResultsDirectory="4ad32d85-20d1-4db4-9f53-f37f72d84544" />
  </Results>
  <TestDefinitions>
    <UnitTest name="ControlParental.Domain.Tests.RulesEngineTests.Evaluar_AllowedApp_InAllowOnly_ShouldAllow" storage="c:\users\usuario\desktop\proyectos\controlparental\tests\controlparental.domain.tests\bin\debug\net9.0\controlparental.domain.tests.dll" id="af8038b2-544a-11c7-14cb-559f27a86e0b">
      <Execution id="fd189531-724c-45ab-a6e4-7784157691f0" />
      <TestMethod codeBase="C:\Users\Usuario\Desktop\Proyectos\ControlParental\tests\ControlParental.Domain.Tests\bin\Debug\net9.0\ControlParental.Domain.Tests.dll" adapterTypeName="executor://xunit/VsTestRunner2/netcoreapp" className="ControlParental.Domain.Tests.RulesEngineTests" name="Evaluar_AllowedApp_InAllowOnly_ShouldAllow" />
    </UnitTest>
    <UnitTest name="ControlParental.Domain.Tests.PrivilegeLevelTests.AccountCreationResult_NeedsAdminElevation_ShouldRequireElevation" storage="c:\users\usuario\desktop\proyectos\controlparental\tests\controlparental.domain.tests\bin\debug\net9.0\controlparental.domain.tests.dll" id="7abc109e-7eb9-5564-8a55-269fd1dc37bd">
      <Execution id="fbde9035-da68-4218-96ab-dc0a0a609c18" />
      <TestMethod codeBase="C:\Users\Usuario\Desktop\Proyectos\ControlParental\tests\ControlParental.Domain.Tests\bin\Debug\net9.0\ControlParental.Domain.Tests.dll" adapterTypeName="executor://xunit/VsTestRunner2/netcoreapp" className="ControlParental.Domain.Tests.PrivilegeLevelTests" name="AccountCreationResult_NeedsAdminElevation_ShouldRequireElevation" />
    </UnitTest>
    <UnitTest name="ControlParental.Domain.Tests.RulesEngineTests.Evaluar_Step6_GrantDevice_Active_ShouldAllow" storage="c:\users\usuario\desktop\proyectos\controlparental\tests\controlparental.domain.tests\bin\debug\net9.0\controlparental.domain.tests.dll" id="7dba3626-667d-d592-fc50-16064fbe017a">
      <Execution id="348ad0ca-f347-4922-a684-889476600db9" />
      <TestMethod codeBase="C:\Users\Usuario\Desktop\Proyectos\ControlParental\tests\ControlParental.Domain.Tests\bin\Debug\net9.0\ControlParental.Domain.Tests.dll" adapterTypeName="executor://xunit/VsTestRunner2/netcoreapp" className="ControlParental.Domain.Tests.RulesEngineTests" name="Evaluar_Step6_GrantDevice_Active_ShouldAllow" />
    </UnitTest>
    <UnitTest name="ControlParental.Domain.Tests.RulesEngineTests.Evaluar_Step6_GrantDevice_DoesNotLiftBlockedOrAllowOnly" storage="c:\users\usuario\desktop\proyectos\controlparental\tests\controlparental.domain.tests\bin\debug\net9.0\controlparental.domain.tests.dll" id="42140588-68cd-aea3-b05e-1de479c2f5c9">
      <Execution id="e59ce1de-a920-4298-9088-0174bfe1df86" />
      <TestMethod codeBase="C:\Users\Usuario\Desktop\Proyectos\ControlParental\tests\ControlParental.Domain.Tests\bin\Debug\net9.0\ControlParental.Domain.Tests.dll" adapterTypeName="executor://xunit/VsTestRunner2/netcoreapp" className="ControlParental.Domain.Tests.RulesEngineTests" name="Evaluar_Step6_GrantDevice_DoesNotLiftBlockedOrAllowOnly" />
    </UnitTest>
    <UnitTest name="ControlParental.Domain.Tests.RulesEngineTests.Evaluar_Step7_Downtime_GrantLifts_ShouldAllow" storage="c:\users\usuario\desktop\proyectos\controlparental\tests\controlparental.domain.tests\bin\debug\net9.0\controlparental.domain.tests.dll" id="bd17de8b-935b-51df-1d10-4f8f1745145c">
      <Execution id="3044338e-0129-4c46-9ecd-2a8fcbcde410" />
      <TestMethod codeBase="C:\Users\Usuario\Desktop\Proyectos\ControlParental\tests\ControlParental.Domain.Tests\bin\Debug\net9.0\ControlParental.Domain.Tests.dll" adapterTypeName="executor://xunit/VsTestRunner2/netcoreapp" className="ControlParental.Domain.Tests.RulesEngineTests" name="Evaluar_Step7_Downtime_GrantLifts_ShouldAllow" />
    </UnitTest>
    <UnitTest name="ControlParental.Domain.Tests.PolicyValidationTests.Policy_GetAppPolicy_ShouldReturnCorrectPolicy" storage="c:\users\usuario\desktop\proyectos\controlparental\tests\controlparental.domain.tests\bin\debug\net9.0\controlparental.domain.tests.dll" id="8ce0dddf-4857-10d1-175e-f398d3aeeccd">
      <Execution id="60195d7f-3b05-49eb-9b9e-192dc9234615" />
      <TestMethod codeBase="C:\Users\Usuario\Desktop\Proyectos\ControlParental\tests\ControlParental.Domain.Tests\bin\Debug\net9.0\ControlParental.Domain.Tests.dll" adapterTypeName="executor://xunit/VsTestRunner2/netcoreapp" className="ControlParental.Domain.Tests.PolicyValidationTests" name="Policy_GetAppPolicy_ShouldReturnCorrectPolicy" />
    </UnitTest>
    <UnitTest name="ControlParental.Domain.Tests.RulesEngineTests.Evaluar_Step2_DeviceLocked_ShouldBlock" storage="c:\users\usuario\desktop\proyectos\controlparental\tests\controlparental.domain.tests\bin\debug\net9.0\controlparental.domain.tests.dll" id="f0667302-4575-75ba-2703-b61f073ab33e">
      <Execution id="9579b1c9-f566-40aa-8675-70763d352d59" />
      <TestMethod codeBase="C:\Users\Usuario\Desktop\Proyectos\ControlParental\tests\ControlParental.Domain.Tests\bin\Debug\net9.0\ControlParental.Domain.Tests.dll" adapterTypeName="executor://xunit/VsTestRunner2/netcoreapp" className="ControlParental.Domain.Tests.RulesEngineTests" name="Evaluar_Step2_DeviceLocked_ShouldBlock" />
    </UnitTest>
    <UnitTest name="ControlParental.Domain.Tests.RulesEngineTests.Evaluar_Step9_GrantLiftsAppLimit_ShouldAllow" storage="c:\users\usuario\desktop\proyectos\controlparental\tests\controlparental.domain.tests\bin\debug\net9.0\controlparental.domain.tests.dll" id="c65fe569-c4dd-3db2-fe65-a4e9367311a7">
      <Execution id="564997ed-06eb-47e5-84ea-2a2686cb8c7f" />
      <TestMethod codeBase="C:\Users\Usuario\Desktop\Proyectos\ControlParental\tests\ControlParental.Domain.Tests\bin\Debug\net9.0\ControlParental.Domain.Tests.dll" adapterTypeName="executor://xunit/VsTestRunner2/netcoreapp" className="ControlParental.Domain.Tests.RulesEngineTests" name="Evaluar_Step9_GrantLiftsAppLimit_ShouldAllow" />
    </UnitTest>
    <UnitTest name="ControlParental.Domain.Tests.PolicyValidationTests.Validate_EmptyDeviceId_ShouldThrow" storage="c:\users\usuario\desktop\proyectos\controlparental\tests\controlparental.domain.tests\bin\debug\net9.0\controlparental.domain.tests.dll" id="715c241e-1be9-fd79-51f4-658118d99b6c">
      <Execution id="870ae37d-a7a1-4661-ba62-98a060130763" />
      <TestMethod codeBase="C:\Users\Usuario\Desktop\Proyectos\ControlParental\tests\ControlParental.Domain.Tests\bin\Debug\net9.0\ControlParental.Domain.Tests.dll" adapterTypeName="executor://xunit/VsTestRunner2/netcoreapp" className="ControlParental.Domain.Tests.PolicyValidationTests" name="Validate_EmptyDeviceId_ShouldThrow" />
    </UnitTest>
    <UnitTest name="ControlParental.Domain.Tests.RulesEngineTests.Evaluar_CrossMidnight_ScheduleCrossesMidnight_OutsideWindow_ShouldAllow" storage="c:\users\usuario\desktop\proyectos\controlparental\tests\controlparental.domain.tests\bin\debug\net9.0\controlparental.domain.tests.dll" id="b80f369c-0041-8a9c-6ecc-3421e6636a56">
      <Execution id="60e42fda-90e4-4652-9ec7-e89886b77224" />
      <TestMethod codeBase="C:\Users\Usuario\Desktop\Proyectos\ControlParental\tests\ControlParental.Domain.Tests\bin\Debug\net9.0\ControlParental.Domain.Tests.dll" adapterTypeName="executor://xunit/VsTestRunner2/netcoreapp" className="ControlParental.Domain.Tests.RulesEngineTests" name="Evaluar_CrossMidnight_ScheduleCrossesMidnight_OutsideWindow_ShouldAllow" />
    </UnitTest>
    <UnitTest name="ControlParental.Domain.Tests.RulesEngineTests.Evaluar_Step12_NormalApp_ShouldAllow" storage="c:\users\usuario\desktop\proyectos\controlparental\tests\controlparental.domain.tests\bin\debug\net9.0\controlparental.domain.tests.dll" id="83470b3a-9004-b510-6624-ae6d1efde693">
      <Execution id="3957d316-12e3-4aa8-a309-7f5ad8216541" />
      <TestMethod codeBase="C:\Users\Usuario\Desktop\Proyectos\ControlParental\tests\ControlParental.Domain.Tests\bin\Debug\net9.0\ControlParental.Domain.Tests.dll" adapterTypeName="executor://xunit/VsTestRunner2/netcoreapp" className="ControlParental.Domain.Tests.RulesEngineTests" name="Evaluar_Step12_NormalApp_ShouldAllow" />
    </UnitTest>
    <UnitTest name="ControlParental.Domain.Tests.DependencyInjectionTests.SingletonResolution_ShouldReturnSameInstance" storage="c:\users\usuario\desktop\proyectos\controlparental\tests\controlparental.domain.tests\bin\debug\net9.0\controlparental.domain.tests.dll" id="2c666423-14e5-d662-1903-d7a93aedd759">
      <Execution id="3df72962-d3e9-49b9-a9fc-6eecc0e18565" />
      <TestMethod codeBase="C:\Users\Usuario\Desktop\Proyectos\ControlParental\tests\ControlParental.Domain.Tests\bin\Debug\net9.0\ControlParental.Domain.Tests.dll" adapterTypeName="executor://xunit/VsTestRunner2/netcoreapp" className="ControlParental.Domain.Tests.DependencyInjectionTests" name="SingletonResolution_ShouldReturnSameInstance" />
    </UnitTest>
    <UnitTest name="ControlParental.Domain.Tests.DependencyInjectionTests.TransientResolution_ShouldReturnDifferentInstances" storage="c:\users\usuario\desktop\proyectos\controlparental\tests\controlparental.domain.tests\bin\debug\net9.0\controlparental.domain.tests.dll" id="90f0b806-230b-54df-506e-18d6d0438ef7">
      <Execution id="94794bdf-5bd8-4594-a404-bff2870e20b3" />
      <TestMethod codeBase="C:\Users\Usuario\Desktop\Proyectos\ControlParental\tests\ControlParental.Domain.Tests\bin\Debug\net9.0\ControlParental.Domain.Tests.dll" adapterTypeName="executor://xunit/VsTestRunner2/netcoreapp" className="ControlParental.Domain.Tests.DependencyInjectionTests" name="TransientResolution_ShouldReturnDifferentInstances" />
    </UnitTest>
    <UnitTest name="ControlParental.Domain.Tests.RulesEngineTests.Evaluar_Step9_AlwaysAllowed_NotBlockedByAppLimit" storage="c:\users\usuario\desktop\proyectos\controlparental\tests\controlparental.domain.tests\bin\debug\net9.0\controlparental.domain.tests.dll" id="70239425-ff60-3444-2cfc-98dba5588832">
      <Execution id="86336009-3e40-4da2-8e61-4ac63a2eca4b" />
      <TestMethod codeBase="C:\Users\Usuario\Desktop\Proyectos\ControlParental\tests\ControlParental.Domain.Tests\bin\Debug\net9.0\ControlParental.Domain.Tests.dll" adapterTypeName="executor://xunit/VsTestRunner2/netcoreapp" className="ControlParental.Domain.Tests.RulesEngineTests" name="Evaluar_Step9_AlwaysAllowed_NotBlockedByAppLimit" />
    </UnitTest>
    <UnitTest name="ControlParental.Domain.Tests.RulesEngineTests.Evaluar_Step4_AllowOnly_CrossMidnight_ShouldWork" storage="c:\users\usuario\desktop\proyectos\controlparental\tests\controlparental.domain.tests\bin\debug\net9.0\controlparental.domain.tests.dll" id="9386cbdd-cdd4-d18a-469a-b2ba15235cd3">
      <Execution id="3f37d3ad-8bcf-4f69-8d18-9f8ab016e542" />
      <TestMethod codeBase="C:\Users\Usuario\Desktop\Proyectos\ControlParental\tests\ControlParental.Domain.Tests\bin\Debug\net9.0\ControlParental.Domain.Tests.dll" adapterTypeName="executor://xunit/VsTestRunner2/netcoreapp" className="ControlParental.Domain.Tests.RulesEngineTests" name="Evaluar_Step4_AllowOnly_CrossMidnight_ShouldWork" />
    </UnitTest>
    <UnitTest name="ControlParental.Domain.Tests.RulesEngineTests.Evaluar_Step9_AppLimitNotExceeded_ShouldContinue" storage="c:\users\usuario\desktop\proyectos\controlparental\tests\controlparental.domain.tests\bin\debug\net9.0\controlparental.domain.tests.dll" id="7913cb7f-0102-9266-be4e-c6e0a1ef04ff">
      <Execution id="6f22a35c-97f8-404b-85b5-5b7ec6795cd4" />
      <TestMethod codeBase="C:\Users\Usuario\Desktop\Proyectos\ControlParental\tests\ControlParental.Domain.Tests\bin\Debug\net9.0\ControlParental.Domain.Tests.dll" adapterTypeName="executor://xunit/VsTestRunner2/netcoreapp" className="ControlParental.Domain.Tests.RulesEngineTests" name="Evaluar_Step9_AppLimitNotExceeded_ShouldContinue" />
    </UnitTest>
    <UnitTest name="ControlParental.Domain.Tests.RulesEngineTests.Evaluar_ComplexScenario_DowntimeWithAlwaysAllowed_ShouldAllow" storage="c:\users\usuario\desktop\proyectos\controlparental\tests\controlparental.domain.tests\bin\debug\net9.0\controlparental.domain.tests.dll" id="42c409eb-120e-cdeb-3c78-f5124bb745d6">
      <Execution id="bb810179-032d-477e-94ab-640f5e61f31f" />
      <TestMethod codeBase="C:\Users\Usuario\Desktop\Proyectos\ControlParental\tests\ControlParental.Domain.Tests\bin\Debug\net9.0\ControlParental.Domain.Tests.dll" adapterTypeName="executor://xunit/VsTestRunner2/netcoreapp" className="ControlParental.Domain.Tests.RulesEngineTests" name="Evaluar_ComplexScenario_DowntimeWithAlwaysAllowed_ShouldAllow" />
    </UnitTest>
    <UnitTest name="ControlParental.Domain.Tests.RulesEngineTests.Evaluar_Step11_GlobalExceeded_ShouldBlock" storage="c:\users\usuario\desktop\proyectos\controlparental\tests\controlparental.domain.tests\bin\debug\net9.0\controlparental.domain.tests.dll" id="872b3f08-5eb4-ef11-0ace-eb2463b3cbf7">
      <Execution id="dd4deb76-f93e-43dc-83ba-24deb48a59bc" />
      <TestMethod codeBase="C:\Users\Usuario\Desktop\Proyectos\ControlParental\tests\ControlParental.Domain.Tests\bin\Debug\net9.0\ControlParental.Domain.Tests.dll" adapterTypeName="executor://xunit/VsTestRunner2/netcoreapp" className="ControlParental.Domain.Tests.RulesEngineTests" name="Evaluar_Step11_GlobalExceeded_ShouldBlock" />
    </UnitTest>
    <UnitTest name="ControlParental.Domain.Tests.RulesEngineTests.Evaluar_TimeZone_TokyoZone_ShouldEvaluateCorrectly" storage="c:\users\usuario\desktop\proyectos\controlparental\tests\controlparental.domain.tests\bin\debug\net9.0\controlparental.domain.tests.dll" id="1f5f1a24-4b5c-1c29-45ff-c6367851a213">
      <Execution id="c5cef8c8-86af-4d76-ad3f-33d0e76e9710" />
      <TestMethod codeBase="C:\Users\Usuario\Desktop\Proyectos\ControlParental\tests\ControlParental.Domain.Tests\bin\Debug\net9.0\ControlParental.Domain.Tests.dll" adapterTypeName="executor://xunit/VsTestRunner2/netcoreapp" className="ControlParental.Domain.Tests.RulesEngineTests" name="Evaluar_TimeZone_TokyoZone_ShouldEvaluateCorrectly" />
    </UnitTest>
    <UnitTest name="ControlParental.Domain.Tests.RulesEngineTests.Evaluar_GrantEdgeCase_ExpiresExactlyNow_ShouldNotBlock" storage="c:\users\usuario\desktop\proyectos\controlparental\tests\controlparental.domain.tests\bin\debug\net9.0\controlparental.domain.tests.dll" id="c143393b-9631-c4e8-a221-a598d5139e6b">
      <Execution id="d20a7af7-d254-4ad6-8234-5f4b2b83e454" />
      <TestMethod codeBase="C:\Users\Usuario\Desktop\Proyectos\ControlParental\tests\ControlParental.Domain.Tests\bin\Debug\net9.0\ControlParental.Domain.Tests.dll" adapterTypeName="executor://xunit/VsTestRunner2/netcoreapp" className="ControlParental.Domain.Tests.RulesEngineTests" name="Evaluar_GrantEdgeCase_ExpiresExactlyNow_ShouldNotBlock" />
    </UnitTest>
    <UnitTest name="ControlParental.Domain.Tests.RulesEngineTests.Evaluar_Step1_ExemptProcess_ShouldAllow(appId: &quot;dwm&quot;)" storage="c:\users\usuario\desktop\proyectos\controlparental\tests\controlparental.domain.tests\bin\debug\net9.0\controlparental.domain.tests.dll" id="4820030e-e6b8-efb8-6d51-b7e3b8fa37ad">
      <Execution id="32117689-1259-41d7-acf8-b9440d52f7f6" />
      <TestMethod codeBase="C:\Users\Usuario\Desktop\Proyectos\ControlParental\tests\ControlParental.Domain.Tests\bin\Debug\net9.0\ControlParental.Domain.Tests.dll" adapterTypeName="executor://xunit/VsTestRunner2/netcoreapp" className="ControlParental.Domain.Tests.RulesEngineTests" name="Evaluar_Step1_ExemptProcess_ShouldAllow" />
    </UnitTest>
    <UnitTest name="ControlParental.Domain.Tests.RulesEngineTests.Evaluar_Step4_AllowOnlyActive_AppInList_ShouldContinue" storage="c:\users\usuario\desktop\proyectos\controlparental\tests\controlparental.domain.tests\bin\debug\net9.0\controlparental.domain.tests.dll" id="7003ce89-1b0a-8f38-4609-af853ca81126">
      <Execution id="c177930d-d88b-4429-b62e-16c580e39eb3" />
      <TestMethod codeBase="C:\Users\Usuario\Desktop\Proyectos\ControlParental\tests\ControlParental.Domain.Tests\bin\Debug\net9.0\ControlParental.Domain.Tests.dll" adapterTypeName="executor://xunit/VsTestRunner2/netcoreapp" className="ControlParental.Domain.Tests.RulesEngineTests" name="Evaluar_Step4_AllowOnlyActive_AppInList_ShouldContinue" />
    </UnitTest>
    <UnitTest name="ControlParental.Domain.Tests.PolicyRoundTripTests.RoundTrip_SerializeDeserialize_ShouldPreserveAllFields" storage="c:\users\usuario\desktop\proyectos\controlparental\tests\controlparental.domain.tests\bin\debug\net9.0\controlparental.domain.tests.dll" id="6056e294-221c-4b9d-f6c0-ae75355c6914">
      <Execution id="e593bb2c-48b8-4d55-a44b-5a32d83ba5c7" />
      <TestMethod codeBase="C:\Users\Usuario\Desktop\Proyectos\ControlParental\tests\ControlParental.Domain.Tests\bin\Debug\net9.0\ControlParental.Domain.Tests.dll" adapterTypeName="executor://xunit/VsTestRunner2/netcoreapp" className="ControlParental.Domain.Tests.PolicyRoundTripTests" name="RoundTrip_SerializeDeserialize_ShouldPreserveAllFields" />
    </UnitTest>
    <UnitTest name="ControlParental.Domain.Tests.RulesEngineTests.Evaluar_Step1_ExemptProcess_ShouldAllow(appId: &quot;svchost&quot;)" storage="c:\users\usuario\desktop\proyectos\controlparental\tests\controlparental.domain.tests\bin\debug\net9.0\controlparental.domain.tests.dll" id="0f2aa00b-7b3c-278f-7a49-e37888a482d5">
      <Execution id="762be39d-fad7-46bc-8489-d0c596cc158c" />
      <TestMethod codeBase="C:\Users\Usuario\Desktop\Proyectos\ControlParental\tests\ControlParental.Domain.Tests\bin\Debug\net9.0\ControlParental.Domain.Tests.dll" adapterTypeName="executor://xunit/VsTestRunner2/netcoreapp" className="ControlParental.Domain.Tests.RulesEngineTests" name="Evaluar_Step1_ExemptProcess_ShouldAllow" />
    </UnitTest>
    <UnitTest name="ControlParental.Domain.Tests.PolicyRoundTripTests.Deserialize_SamplePolicy_ShouldSucceed" storage="c:\users\usuario\desktop\proyectos\controlparental\tests\controlparental.domain.tests\bin\debug\net9.0\controlparental.domain.tests.dll" id="e8cdfe3a-b63a-e596-355c-42b418a38e3f">
      <Execution id="563883c5-78ef-4f68-b879-74dfaec9fd29" />
      <TestMethod codeBase="C:\Users\Usuario\Desktop\Proyectos\ControlParental\tests\ControlParental.Domain.Tests\bin\Debug\net9.0\ControlParental.Domain.Tests.dll" adapterTypeName="executor://xunit/VsTestRunner2/netcoreapp" className="ControlParental.Domain.Tests.PolicyRoundTripTests" name="Deserialize_SamplePolicy_ShouldSucceed" />
    </UnitTest>
    <UnitTest name="ControlParental.Domain.Tests.RulesEngineTests.Evaluar_Step6_GrantCategory_Active_ShouldAllow" storage="c:\users\usuario\desktop\proyectos\controlparental\tests\controlparental.domain.tests\bin\debug\net9.0\controlparental.domain.tests.dll" id="0ac7beeb-b6c3-bc08-7dff-fd1262c7307a">
      <Execution id="1b094bd7-52bc-48b3-b460-691782afc59d" />
      <TestMethod codeBase="C:\Users\Usuario\Desktop\Proyectos\ControlParental\tests\ControlParental.Domain.Tests\bin\Debug\net9.0\ControlParental.Domain.Tests.dll" adapterTypeName="executor://xunit/VsTestRunner2/netcoreapp" className="ControlParental.Domain.Tests.RulesEngineTests" name="Evaluar_Step6_GrantCategory_Active_ShouldAllow" />
    </UnitTest>
    <UnitTest name="ControlParental.Domain.Tests.PrivilegeLevelTests.PrivilegeLevel_Standard_ShouldBeZero" storage="c:\users\usuario\desktop\proyectos\controlparental\tests\controlparental.domain.tests\bin\debug\net9.0\controlparental.domain.tests.dll" id="217aa239-fb51-d3d9-4f4c-3d373f0d3a4c">
      <Execution id="81e5773f-a9ea-4db1-a359-db0a071930df" />
      <TestMethod codeBase="C:\Users\Usuario\Desktop\Proyectos\ControlParental\tests\ControlParental.Domain.Tests\bin\Debug\net9.0\ControlParental.Domain.Tests.dll" adapterTypeName="executor://xunit/VsTestRunner2/netcoreapp" className="ControlParental.Domain.Tests.PrivilegeLevelTests" name="PrivilegeLevel_Standard_ShouldBeZero" />
    </UnitTest>
    <UnitTest name="ControlParental.Domain.Tests.RulesEngineTests.Evaluar_Step1_ExemptProcess_ShouldAllow(appId: &quot;winlogon.exe&quot;)" storage="c:\users\usuario\desktop\proyectos\controlparental\tests\controlparental.domain.tests\bin\debug\net9.0\controlparental.domain.tests.dll" id="75caa6bb-4b71-b759-3d44-04e6add41e4b">
      <Execution id="f68abaab-544c-435b-80ef-0c0598f65227" />
      <TestMethod codeBase="C:\Users\Usuario\Desktop\Proyectos\ControlParental\tests\ControlParental.Domain.Tests\bin\Debug\net9.0\ControlParental.Domain.Tests.dll" adapterTypeName="executor://xunit/VsTestRunner2/netcoreapp" className="ControlParental.Domain.Tests.RulesEngineTests" name="Evaluar_Step1_ExemptProcess_ShouldAllow" />
    </UnitTest>
    <UnitTest name="ControlParental.Domain.Tests.RulesEngineTests.Evaluar_Step1_ExemptProcess_ShouldAllow(appId: &quot;winlogon&quot;)" storage="c:\users\usuario\desktop\proyectos\controlparental\tests\controlparental.domain.tests\bin\debug\net9.0\controlparental.domain.tests.dll" id="eeebe98e-a9c8-a3c4-759d-f412fc75f7e8">
      <Execution id="6b580fe1-a8e2-4356-aab8-fa440eb9f200" />
      <TestMethod codeBase="C:\Users\Usuario\Desktop\Proyectos\ControlParental\tests\ControlParental.Domain.Tests\bin\Debug\net9.0\ControlParental.Domain.Tests.dll" adapterTypeName="executor://xunit/VsTestRunner2/netcoreapp" className="ControlParental.Domain.Tests.RulesEngineTests" name="Evaluar_Step1_ExemptProcess_ShouldAllow" />
    </UnitTest>
    <UnitTest name="ControlParental.Domain.Tests.PolicyValidationTests.Grant_IsActive_ShouldReturnCorrectResult" storage="c:\users\usuario\desktop\proyectos\controlparental\tests\controlparental.domain.tests\bin\debug\net9.0\controlparental.domain.tests.dll" id="599dc8a8-7def-cd10-2f6a-a0e007fed76a">
      <Execution id="248ce93c-480b-42c1-a698-22a8b6c1b632" />
      <TestMethod codeBase="C:\Users\Usuario\Desktop\Proyectos\ControlParental\tests\ControlParental.Domain.Tests\bin\Debug\net9.0\ControlParental.Domain.Tests.dll" adapterTypeName="executor://xunit/VsTestRunner2/netcoreapp" className="ControlParental.Domain.Tests.PolicyValidationTests" name="Grant_IsActive_ShouldReturnCorrectResult" />
    </UnitTest>
    <UnitTest name="ControlParental.Domain.Tests.RulesEngineTests.Evaluar_Step1_ExemptProcess_ShouldAllow(appId: &quot;csrss&quot;)" storage="c:\users\usuario\desktop\proyectos\controlparental\tests\controlparental.domain.tests\bin\debug\net9.0\controlparental.domain.tests.dll" id="affdfc60-0c8a-9d73-715a-80cb162a2110">
      <Execution id="f080b62a-435d-425f-a901-fc91fe9d9386" />
      <TestMethod codeBase="C:\Users\Usuario\Desktop\Proyectos\ControlParental\tests\ControlParental.Domain.Tests\bin\Debug\net9.0\ControlParental.Domain.Tests.dll" adapterTypeName="executor://xunit/VsTestRunner2/netcoreapp" className="ControlParental.Domain.Tests.RulesEngineTests" name="Evaluar_Step1_ExemptProcess_ShouldAllow" />
    </UnitTest>
    <UnitTest name="ControlParental.Domain.Tests.DependencyInjectionTests.ResolveService_ShouldReturnRegisteredService" storage="c:\users\usuario\desktop\proyectos\controlparental\tests\controlparental.domain.tests\bin\debug\net9.0\controlparental.domain.tests.dll" id="3c278ffe-a02c-2384-895c-ca90a169f6b2">
      <Execution id="fbfd8b75-21dc-46ca-9bfb-f6c4a9a05caa" />
      <TestMethod codeBase="C:\Users\Usuario\Desktop\Proyectos\ControlParental\tests\ControlParental.Domain.Tests\bin\Debug\net9.0\ControlParental.Domain.Tests.dll" adapterTypeName="executor://xunit/VsTestRunner2/netcoreapp" className="ControlParental.Domain.Tests.DependencyInjectionTests" name="ResolveService_ShouldReturnRegisteredService" />
    </UnitTest>
    <UnitTest name="ControlParental.Domain.Tests.RulesEngineTests.Evaluar_Step8_LockSchedule_AlwaysAllowed_ShouldContinue" storage="c:\users\usuario\desktop\proyectos\controlparental\tests\controlparental.domain.tests\bin\debug\net9.0\controlparental.domain.tests.dll" id="e6325dba-8ed5-586c-7607-22c4c169bc95">
      <Execution id="e3966383-02f2-433f-9969-ea3402773d8e" />
      <TestMethod codeBase="C:\Users\Usuario\Desktop\Proyectos\ControlParental\tests\ControlParental.Domain.Tests\bin\Debug\net9.0\ControlParental.Domain.Tests.dll" adapterTypeName="executor://xunit/VsTestRunner2/netcoreapp" className="ControlParental.Domain.Tests.RulesEngineTests" name="Evaluar_Step8_LockSchedule_AlwaysAllowed_ShouldContinue" />
    </UnitTest>
    <UnitTest name="ControlParental.Domain.Tests.RulesEngineTests.Evaluar_Step11_GrantLiftsGlobal_ShouldAllow" storage="c:\users\usuario\desktop\proyectos\controlparental\tests\controlparental.domain.tests\bin\debug\net9.0\controlparental.domain.tests.dll" id="c7e81ded-1bb6-ca46-62ee-84c6e504850f">
      <Execution id="f52ee75d-98b0-4a50-b15a-a717d1bf104c" />
      <TestMethod codeBase="C:\Users\Usuario\Desktop\Proyectos\ControlParental\tests\ControlParental.Domain.Tests\bin\Debug\net9.0\ControlParental.Domain.Tests.dll" adapterTypeName="executor://xunit/VsTestRunner2/netcoreapp" className="ControlParental.Domain.Tests.RulesEngineTests" name="Evaluar_Step11_GrantLiftsGlobal_ShouldAllow" />
    </UnitTest>
    <UnitTest name="ControlParental.Domain.Tests.RulesEngineTests.Evaluar_Step11_GlobalNotExceeded_ShouldContinue" storage="c:\users\usuario\desktop\proyectos\controlparental\tests\controlparental.domain.tests\bin\debug\net9.0\controlparental.domain.tests.dll" id="dd18b897-ec07-d131-2ad2-9fd09a2fe0f0">
      <Execution id="125d7edd-7a99-489b-9bb4-46ebdcc2ea56" />
      <TestMethod codeBase="C:\Users\Usuario\Desktop\Proyectos\ControlParental\tests\ControlParental.Domain.Tests\bin\Debug\net9.0\ControlParental.Domain.Tests.dll" adapterTypeName="executor://xunit/VsTestRunner2/netcoreapp" className="ControlParental.Domain.Tests.RulesEngineTests" name="Evaluar_Step11_GlobalNotExceeded_ShouldContinue" />
    </UnitTest>
    <UnitTest name="ControlParental.Domain.Tests.RulesEngineTests.Evaluar_Step7_Downtime_NonAlwaysAllowed_ShouldBlock" storage="c:\users\usuario\desktop\proyectos\controlparental\tests\controlparental.domain.tests\bin\debug\net9.0\controlparental.domain.tests.dll" id="9631bbf0-e5b1-88b8-ac60-145ed9858c91">
      <Execution id="127ab0e0-85ff-4c21-aed0-97e38b1fa04e" />
      <TestMethod codeBase="C:\Users\Usuario\Desktop\Proyectos\ControlParental\tests\ControlParental.Domain.Tests\bin\Debug\net9.0\ControlParental.Domain.Tests.dll" adapterTypeName="executor://xunit/VsTestRunner2/netcoreapp" className="ControlParental.Domain.Tests.RulesEngineTests" name="Evaluar_Step7_Downtime_NonAlwaysAllowed_ShouldBlock" />
    </UnitTest>
    <UnitTest name="ControlParental.Domain.Tests.PrivilegeLevelTests.AccountCreationResult_Succeeded_ShouldHaveCorrectProperties" storage="c:\users\usuario\desktop\proyectos\controlparental\tests\controlparental.domain.tests\bin\debug\net9.0\controlparental.domain.tests.dll" id="98348567-4216-de81-d7a4-3060dc32edef">
      <Execution id="983eba38-bf7c-416b-a64d-a2a81c6dc4b7" />
      <TestMethod codeBase="C:\Users\Usuario\Desktop\Proyectos\ControlParental\tests\ControlParental.Domain.Tests\bin\Debug\net9.0\ControlParental.Domain.Tests.dll" adapterTypeName="executor://xunit/VsTestRunner2/netcoreapp" className="ControlParental.Domain.Tests.PrivilegeLevelTests" name="AccountCreationResult_Succeeded_ShouldHaveCorrectProperties" />
    </UnitTest>
    <UnitTest name="ControlParental.Domain.Tests.PolicyValidationTests.Validate_GrantExpiresBeforeGranted_ShouldThrow" storage="c:\users\usuario\desktop\proyectos\controlparental\tests\controlparental.domain.tests\bin\debug\net9.0\controlparental.domain.tests.dll" id="7654755a-2409-6061-7b41-c32a3528439d">
      <Execution id="6bf72cd0-f07a-4ed0-aaa3-8efd04595e40" />
      <TestMethod codeBase="C:\Users\Usuario\Desktop\Proyectos\ControlParental\tests\ControlParental.Domain.Tests\bin\Debug\net9.0\ControlParental.Domain.Tests.dll" adapterTypeName="executor://xunit/VsTestRunner2/netcoreapp" className="ControlParental.Domain.Tests.PolicyValidationTests" name="Validate_GrantExpiresBeforeGranted_ShouldThrow" />
    </UnitTest>
    <UnitTest name="ControlParental.Domain.Tests.RulesEngineTests.Evaluar_Step5_OutsideAllowedWindow_ShouldBlock" storage="c:\users\usuario\desktop\proyectos\controlparental\tests\controlparental.domain.tests\bin\debug\net9.0\controlparental.domain.tests.dll" id="559c93b0-e46d-a3f0-c9db-63fdf79436c5">
      <Execution id="b1d117e0-b3ca-43a9-b8ce-772161fe7ff5" />
      <TestMethod codeBase="C:\Users\Usuario\Desktop\Proyectos\ControlParental\tests\ControlParental.Domain.Tests\bin\Debug\net9.0\ControlParental.Domain.Tests.dll" adapterTypeName="executor://xunit/VsTestRunner2/netcoreapp" className="ControlParental.Domain.Tests.RulesEngineTests" name="Evaluar_Step5_OutsideAllowedWindow_ShouldBlock" />
    </UnitTest>
    <UnitTest name="ControlParental.Domain.Tests.PolicyRoundTripTests.Deserialize_Schedules_ShouldHaveCorrectValues" storage="c:\users\usuario\desktop\proyectos\controlparental\tests\controlparental.domain.tests\bin\debug\net9.0\controlparental.domain.tests.dll" id="0500d047-6366-4080-ee48-7a796ba177ef">
      <Execution id="a01f0657-c2b6-4121-845e-f3eb0b6728bc" />
      <TestMethod codeBase="C:\Users\Usuario\Desktop\Proyectos\ControlParental\tests\ControlParental.Domain.Tests\bin\Debug\net9.0\ControlParental.Domain.Tests.dll" adapterTypeName="executor://xunit/VsTestRunner2/netcoreapp" className="ControlParental.Domain.Tests.PolicyRoundTripTests" name="Deserialize_Schedules_ShouldHaveCorrectValues" />
    </UnitTest>
    <UnitTest name="ControlParental.Domain.Tests.RulesEngineTests.Evaluar_Step10_AlwaysAllowed_NotBlockedByCategoryLimit" storage="c:\users\usuario\desktop\proyectos\controlparental\tests\controlparental.domain.tests\bin\debug\net9.0\controlparental.domain.tests.dll" id="1056631b-3a93-21ae-6fa2-6d5d8008037a">
      <Execution id="45795aa1-fe90-4f18-8e5f-5ff5f9c9ebca" />
      <TestMethod codeBase="C:\Users\Usuario\Desktop\Proyectos\ControlParental\tests\ControlParental.Domain.Tests\bin\Debug\net9.0\ControlParental.Domain.Tests.dll" adapterTypeName="executor://xunit/VsTestRunner2/netcoreapp" className="ControlParental.Domain.Tests.RulesEngineTests" name="Evaluar_Step10_AlwaysAllowed_NotBlockedByCategoryLimit" />
    </UnitTest>
    <UnitTest name="ControlParental.Domain.Tests.PrivilegeLevelTests.PrivilegeLevel_Unknown_ShouldBeTwo" storage="c:\users\usuario\desktop\proyectos\controlparental\tests\controlparental.domain.tests\bin\debug\net9.0\controlparental.domain.tests.dll" id="8bceaa1b-296c-ae76-aba5-7acc462f1c62">
      <Execution id="dff4fdbc-06e0-4deb-915a-448a95cffe98" />
      <TestMethod codeBase="C:\Users\Usuario\Desktop\Proyectos\ControlParental\tests\ControlParental.Domain.Tests\bin\Debug\net9.0\ControlParental.Domain.Tests.dll" adapterTypeName="executor://xunit/VsTestRunner2/netcoreapp" className="ControlParental.Domain.Tests.PrivilegeLevelTests" name="PrivilegeLevel_Unknown_ShouldBeTwo" />
    </UnitTest>
    <UnitTest name="ControlParental.Domain.Tests.PrivilegeLevelTests.PrivilegeLevel_Administrator_ShouldBeOne" storage="c:\users\usuario\desktop\proyectos\controlparental\tests\controlparental.domain.tests\bin\debug\net9.0\controlparental.domain.tests.dll" id="a39ddd9b-88b8-6450-85d5-919b4aa4ccff">
      <Execution id="bedc3755-6cd1-4911-ab1e-44dd846a4b08" />
      <TestMethod codeBase="C:\Users\Usuario\Desktop\Proyectos\ControlParental\tests\ControlParental.Domain.Tests\bin\Debug\net9.0\ControlParental.Domain.Tests.dll" adapterTypeName="executor://xunit/VsTestRunner2/netcoreapp" className="ControlParental.Domain.Tests.PrivilegeLevelTests" name="PrivilegeLevel_Administrator_ShouldBeOne" />
    </UnitTest>
    <UnitTest name="ControlParental.Domain.Tests.RulesEngineTests.Evaluar_Step11_ExemptApp_ShouldBypassGlobal" storage="c:\users\usuario\desktop\proyectos\controlparental\tests\controlparental.domain.tests\bin\debug\net9.0\controlparental.domain.tests.dll" id="f9131266-d959-d6ab-3289-7b6fd4f2686f">
      <Execution id="45303d1f-ac44-4678-8d83-8f02755e777c" />
      <TestMethod codeBase="C:\Users\Usuario\Desktop\Proyectos\ControlParental\tests\ControlParental.Domain.Tests\bin\Debug\net9.0\ControlParental.Domain.Tests.dll" adapterTypeName="executor://xunit/VsTestRunner2/netcoreapp" className="ControlParental.Domain.Tests.RulesEngineTests" name="Evaluar_Step11_ExemptApp_ShouldBypassGlobal" />
    </UnitTest>
    <UnitTest name="ControlParental.Domain.Tests.RulesEngineTests.Evaluar_Step1_NonExempt_ShouldNotBypass(appId: &quot;notepad&quot;)" storage="c:\users\usuario\desktop\proyectos\controlparental\tests\controlparental.domain.tests\bin\debug\net9.0\controlparental.domain.tests.dll" id="df7896e6-4a30-a724-0b0b-7cc3ad71f9f2">
      <Execution id="350e869c-e43f-4a52-a27a-a395918cece7" />
      <TestMethod codeBase="C:\Users\Usuario\Desktop\Proyectos\ControlParental\tests\ControlParental.Domain.Tests\bin\Debug\net9.0\ControlParental.Domain.Tests.dll" adapterTypeName="executor://xunit/VsTestRunner2/netcoreapp" className="ControlParental.Domain.Tests.RulesEngineTests" name="Evaluar_Step1_NonExempt_ShouldNotBypass" />
    </UnitTest>
    <UnitTest name="ControlParental.Domain.Tests.PolicyValidationTests.Window_CrossesMidnight_ShouldReturnCorrectValue" storage="c:\users\usuario\desktop\proyectos\controlparental\tests\controlparental.domain.tests\bin\debug\net9.0\controlparental.domain.tests.dll" id="3da043fd-f205-c82f-5eb2-6fd5a965a5f8">
      <Execution id="4226fa5e-e64a-4003-9588-7b87376d18fc" />
      <TestMethod codeBase="C:\Users\Usuario\Desktop\Proyectos\ControlParental\tests\ControlParental.Domain.Tests\bin\Debug\net9.0\ControlParental.Domain.Tests.dll" adapterTypeName="executor://xunit/VsTestRunner2/netcoreapp" className="ControlParental.Domain.Tests.PolicyValidationTests" name="Window_CrossesMidnight_ShouldReturnCorrectValue" />
    </UnitTest>
    <UnitTest name="ControlParental.Domain.Tests.RulesEngineTests.Evaluar_NoAppPolicy_ShouldDefaultAllow" storage="c:\users\usuario\desktop\proyectos\controlparental\tests\controlparental.domain.tests\bin\debug\net9.0\controlparental.domain.tests.dll" id="ee44c91a-1ae9-b17e-b781-bfc07c59f38a">
      <Execution id="cadb459d-648e-438a-af5e-9e7cd761cf50" />
      <TestMethod codeBase="C:\Users\Usuario\Desktop\Proyectos\ControlParental\tests\ControlParental.Domain.Tests\bin\Debug\net9.0\ControlParental.Domain.Tests.dll" adapterTypeName="executor://xunit/VsTestRunner2/netcoreapp" className="ControlParental.Domain.Tests.RulesEngineTests" name="Evaluar_NoAppPolicy_ShouldDefaultAllow" />
    </UnitTest>
[...]
    </UnitTest>
    <UnitTest name="ControlParental.Domain.Tests.RulesEngineTests.Evaluar_Step1_ExemptProcess_ShouldAllow(appId: &quot;explorer&quot;)" storage="c:\users\usuario\desktop\proyectos\controlparental\tests\controlparental.domain.tests\bin\debug\net9.0\controlparental.domain.tests.dll" id="42e9d0c5-f9f8-3059-98f5-4ba4dadda48f">
      <Execution id="d1848466-9ae6-4283-a192-0048e4b32a8a" />
      <TestMethod codeBase="C:\Users\Usuario\Desktop\Proyectos\ControlParental\tests\ControlParental.Domain.Tests\bin\Debug\net9.0\ControlParental.Domain.Tests.dll" adapterTypeName="executor://xunit/VsTestRunner2/netcoreapp" className="ControlParental.Domain.Tests.RulesEngineTests" name="Evaluar_Step1_ExemptProcess_ShouldAllow" />
    </UnitTest>
    <UnitTest name="ControlParental.Domain.Tests.RulesEngineTests.Evaluar_Step1_ExemptProcess_ShouldAllow(appId: &quot;explorer.exe&quot;)" storage="c:\users\usuario\desktop\proyectos\controlparental\tests\controlparental.domain.tests\bin\debug\net9.0\controlparental.domain.tests.dll" id="5efaf3c3-6983-3725-2d11-45b1e8d080aa">
      <Execution id="8052b71d-2430-4ef3-afb4-d94761ec465b" />
      <TestMethod codeBase="C:\Users\Usuario\Desktop\Proyectos\ControlParental\tests\ControlParental.Domain.Tests\bin\Debug\net9.0\ControlParental.Domain.Tests.dll" adapterTypeName="executor://xunit/VsTestRunner2/netcoreapp" className="ControlParental.Domain.Tests.RulesEngineTests" name="Evaluar_Step1_ExemptProcess_ShouldAllow" />
    </UnitTest>
    <UnitTest name="ControlParental.Domain.Tests.RulesEngineTests.Evaluar_Step7_Downtime_AlwaysAllowed_ShouldContinue" storage="c:\users\usuario\desktop\proyectos\controlparental\tests\controlparental.domain.tests\bin\debug\net9.0\controlparental.domain.tests.dll" id="ae5b0417-a02c-9bda-8541-60dbbe823e12">
      <Execution id="4fac1d69-3ed9-49e1-a0fe-a1bf6b1e7343" />
      <TestMethod codeBase="C:\Users\Usuario\Desktop\Proyectos\ControlParental\tests\ControlParental.Domain.Tests\bin\Debug\net9.0\ControlParental.Domain.Tests.dll" adapterTypeName="executor://xunit/VsTestRunner2/netcoreapp" className="ControlParental.Domain.Tests.RulesEngineTests" name="Evaluar_Step7_Downtime_AlwaysAllowed_ShouldContinue" />
    </UnitTest>
    <UnitTest name="ControlParental.Domain.Tests.RulesEngineTests.Evaluar_Step10_CategoryLimitExceeded_ShouldBlock" storage="c:\users\usuario\desktop\proyectos\controlparental\tests\controlparental.domain.tests\bin\debug\net9.0\controlparental.domain.tests.dll" id="bc125388-6953-5ef9-a46d-cd190236459b">
      <Execution id="bb4155b1-3428-4c5e-980b-a9d3a68b14e5" />
      <TestMethod codeBase="C:\Users\Usuario\Desktop\Proyectos\ControlParental\tests\ControlParental.Domain.Tests\bin\Debug\net9.0\ControlParental.Domain.Tests.dll" adapterTypeName="executor://xunit/VsTestRunner2/netcoreapp" className="ControlParental.Domain.Tests.RulesEngineTests" name="Evaluar_Step10_CategoryLimitExceeded_ShouldBlock" />
    </UnitTest>
    <UnitTest name="ControlParental.Domain.Tests.PolicyRoundTripTests.Deserialize_CategoryAssignments_ShouldMapCorrectly" storage="c:\users\usuario\desktop\proyectos\controlparental\tests\controlparental.domain.tests\bin\debug\net9.0\controlparental.domain.tests.dll" id="f61ac484-edf0-f734-17cb-0343d55621f2">
      <Execution id="98ca7b1e-df1e-4cbd-8b7d-059bd5857f39" />
      <TestMethod codeBase="C:\Users\Usuario\Desktop\Proyectos\ControlParental\tests\ControlParental.Domain.Tests\bin\Debug\net9.0\ControlParental.Domain.Tests.dll" adapterTypeName="executor://xunit/VsTestRunner2/netcoreapp" className="ControlParental.Domain.Tests.PolicyRoundTripTests" name="Deserialize_CategoryAssignments_ShouldMapCorrectly" />
    </UnitTest>
    <UnitTest name="ControlParental.Domain.Tests.RulesEngineTests.Evaluar_Step6_GrantDevice_DoesNotLiftAllowOnly" storage="c:\users\usuario\desktop\proyectos\controlparental\tests\controlparental.domain.tests\bin\debug\net9.0\controlparental.domain.tests.dll" id="4311625f-d719-9fd6-7351-87ee758a0faf">
      <Execution id="d9763337-1d82-44c4-a677-a954454bca92" />
      <TestMethod codeBase="C:\Users\Usuario\Desktop\Proyectos\ControlParental\tests\ControlParental.Domain.Tests\bin\Debug\net9.0\ControlParental.Domain.Tests.dll" adapterTypeName="executor://xunit/VsTestRunner2/netcoreapp" className="ControlParental.Domain.Tests.RulesEngineTests" name="Evaluar_Step6_GrantDevice_DoesNotLiftAllowOnly" />
    </UnitTest>
    <UnitTest name="ControlParental.Domain.Tests.PolicyValidationTests.Validate_LimitedWithoutDailyLimit_ShouldThrow" storage="c:\users\usuario\desktop\proyectos\controlparental\tests\controlparental.domain.tests\bin\debug\net9.0\controlparental.domain.tests.dll" id="17b3b413-d6f3-eecd-4aad-c377f76e70d7">
      <Execution id="3f4a4a23-d273-4ea1-b168-bdf187cfd802" />
      <TestMethod codeBase="C:\Users\Usuario\Desktop\Proyectos\ControlParental\tests\ControlParental.Domain.Tests\bin\Debug\net9.0\ControlParental.Domain.Tests.dll" adapterTypeName="executor://xunit/VsTestRunner2/netcoreapp" className="ControlParental.Domain.Tests.PolicyValidationTests" name="Validate_LimitedWithoutDailyLimit_ShouldThrow" />
    </UnitTest>
  </TestDefinitions>
  <TestEntries>
    <TestEntry testId="83470b3a-9004-b510-6624-ae6d1efde693" executionId="3957d316-12e3-4aa8-a309-7f5ad8216541" testListId="8c84fa94-04c1-424b-9868-57a2d4851a1d" />
    <TestEntry testId="f0219ec6-3e84-8aca-76f9-0b9e18990f49" executionId="d9f11fcc-486f-46d2-ae3c-6c1c8b38d1c6" testListId="8c84fa94-04c1-424b-9868-57a2d4851a1d" />
    <TestEntry testId="6c01ba8e-7b11-3ceb-bc2e-8e7c72ff2aa8" executionId="6a12676d-2cae-4ce4-b07b-1064b1bc667a" testListId="8c84fa94-04c1-424b-9868-57a2d4851a1d" />
    <TestEntry testId="42e9d0c5-f9f8-3059-98f5-4ba4dadda48f" executionId="d1848466-9ae6-4283-a192-0048e4b32a8a" testListId="8c84fa94-04c1-424b-9868-57a2d4851a1d" />
    <TestEntry testId="724ce597-d8ce-80ec-ef4d-6c2397c5b563" executionId="775ec776-d59d-4009-aec4-589a4d54dcbd" testListId="8c84fa94-04c1-424b-9868-57a2d4851a1d" />
    <TestEntry testId="3da043fd-f205-c82f-5eb2-6fd5a965a5f8" executionId="4226fa5e-e64a-4003-9588-7b87376d18fc" testListId="8c84fa94-04c1-424b-9868-57a2d4851a1d" />
    <TestEntry testId="3c278ffe-a02c-2384-895c-ca90a169f6b2" executionId="fbfd8b75-21dc-46ca-9bfb-f6c4a9a05caa" testListId="8c84fa94-04c1-424b-9868-57a2d4851a1d" />
    <TestEntry testId="217aa239-fb51-d3d9-4f4c-3d373f0d3a4c" executionId="81e5773f-a9ea-4db1-a359-db0a071930df" testListId="8c84fa94-04c1-424b-9868-57a2d4851a1d" />
    <TestEntry testId="7654755a-2409-6061-7b41-c32a3528439d" executionId="6bf72cd0-f07a-4ed0-aaa3-8efd04595e40" testListId="8c84fa94-04c1-424b-9868-57a2d4851a1d" />
    <TestEntry testId="f0667302-4575-75ba-2703-b61f073ab33e" executionId="9579b1c9-f566-40aa-8675-70763d352d59" testListId="8c84fa94-04c1-424b-9868-57a2d4851a1d" />
    <TestEntry testId="beaab520-571d-56b3-edd2-8919a7bdf955" executionId="a284b597-b973-4e39-aa41-a0654a13b50c" testListId="8c84fa94-04c1-424b-9868-57a2d4851a1d" />
    <TestEntry testId="8ce0dddf-4857-10d1-175e-f398d3aeeccd" executionId="60195d7f-3b05-49eb-9b9e-192dc9234615" testListId="8c84fa94-04c1-424b-9868-57a2d4851a1d" />
    <TestEntry testId="dbe19cd5-1d1d-4332-f562-88a1fda99cbb" executionId="05cb29e4-055d-411c-a2c6-e9ad51ace69e" testListId="8c84fa94-04c1-424b-9868-57a2d4851a1d" />
    <TestEntry testId="5efaf3c3-6983-3725-2d11-45b1e8d080aa" executionId="8052b71d-2430-4ef3-afb4-d94761ec465b" testListId="8c84fa94-04c1-424b-9868-57a2d4851a1d" />
    <TestEntry testId="67cb28c9-6976-ad31-a833-80a4242c5dd9" executionId="e29967a2-2eda-4468-b3bf-5a0e71c12385" testListId="8c84fa94-04c1-424b-9868-57a2d4851a1d" />
    <TestEntry testId="7abc109e-7eb9-5564-8a55-269fd1dc37bd" executionId="fbde9035-da68-4218-96ab-dc0a0a609c18" testListId="8c84fa94-04c1-424b-9868-57a2d4851a1d" />
    <TestEntry testId="ee44c91a-1ae9-b17e-b781-bfc07c59f38a" executionId="cadb459d-648e-438a-af5e-9e7cd761cf50" testListId="8c84fa94-04c1-424b-9868-57a2d4851a1d" />
    <TestEntry testId="c7e81ded-1bb6-ca46-62ee-84c6e504850f" executionId="f52ee75d-98b0-4a50-b15a-a717d1bf104c" testListId="8c84fa94-04c1-424b-9868-57a2d4851a1d" />
    <TestEntry testId="42c409eb-120e-cdeb-3c78-f5124bb745d6" executionId="bb810179-032d-477e-94ab-640f5e61f31f" testListId="8c84fa94-04c1-424b-9868-57a2d4851a1d" />
    <TestEntry testId="f9131266-d959-d6ab-3289-7b6fd4f2686f" executionId="45303d1f-ac44-4678-8d83-8f02755e777c" testListId="8c84fa94-04c1-424b-9868-57a2d4851a1d" />
    <TestEntry testId="1056631b-3a93-21ae-6fa2-6d5d8008037a" executionId="45795aa1-fe90-4f18-8e5f-5ff5f9c9ebca" testListId="8c84fa94-04c1-424b-9868-57a2d4851a1d" />
    <TestEntry testId="6056e294-221c-4b9d-f6c0-ae75355c6914" executionId="e593bb2c-48b8-4d55-a44b-5a32d83ba5c7" testListId="8c84fa94-04c1-424b-9868-57a2d4851a1d" />
    <TestEntry testId="9386cbdd-cdd4-d18a-469a-b2ba15235cd3" executionId="3f37d3ad-8bcf-4f69-8d18-9f8ab016e542" testListId="8c84fa94-04c1-424b-9868-57a2d4851a1d" />
    <TestEntry testId="0f2aa00b-7b3c-278f-7a49-e37888a482d5" executionId="762be39d-fad7-46bc-8489-d0c596cc158c" testListId="8c84fa94-04c1-424b-9868-57a2d4851a1d" />
    <TestEntry testId="bc125388-6953-5ef9-a46d-cd190236459b" executionId="bb4155b1-3428-4c5e-980b-a9d3a68b14e5" testListId="8c84fa94-04c1-424b-9868-57a2d4851a1d" />
    <TestEntry testId="af638153-0591-7bd6-c595-5521088f1ae6" executionId="894f3f32-4453-47fc-8f72-1591ee10b228" testListId="8c84fa94-04c1-424b-9868-57a2d4851a1d" />
    <TestEntry testId="7dba3626-667d-d592-fc50-16064fbe017a" executionId="348ad0ca-f347-4922-a684-889476600db9" testListId="8c84fa94-04c1-424b-9868-57a2d4851a1d" />
    <TestEntry testId="91a4398b-a269-6d67-8b30-ae5cde202691" executionId="578387da-091c-4b3c-9731-850a47eb1fc7" testListId="8c84fa94-04c1-424b-9868-57a2d4851a1d" />
    <TestEntry testId="e6b2c607-dab0-77eb-80ab-627e5513d766" executionId="cdc2db7e-4086-4e6a-adbe-1bad747921a1" testListId="8c84fa94-04c1-424b-9868-57a2d4851a1d" />
    <TestEntry testId="affdfc60-0c8a-9d73-715a-80cb162a2110" executionId="f080b62a-435d-425f-a901-fc91fe9d9386" testListId="8c84fa94-04c1-424b-9868-57a2d4851a1d" />
    <TestEntry testId="aeb9987d-f661-9636-56b1-0f36a9fa38ed" executionId="1579d903-e5f5-4fc2-a32a-e0a399f63e11" testListId="8c84fa94-04c1-424b-9868-57a2d4851a1d" />
    <TestEntry testId="ccae866a-cf53-f29d-f333-2fd34a975085" executionId="2cb61283-6507-40d4-8da0-5503ace5fda3" testListId="8c84fa94-04c1-424b-9868-57a2d4851a1d" />
    <TestEntry testId="8bceaa1b-296c-ae76-aba5-7acc462f1c62" executionId="dff4fdbc-06e0-4deb-915a-448a95cffe98" testListId="8c84fa94-04c1-424b-9868-57a2d4851a1d" />
    <TestEntry testId="5fe266e6-7be9-9af4-b62c-2d3a57b30187" executionId="b1faebc0-ae31-417e-82a8-a9797dedd512" testListId="8c84fa94-04c1-424b-9868-57a2d4851a1d" />
    <TestEntry testId="ee5e9a8b-f113-91c0-878f-f8c3a9aeec38" executionId="361fdce6-311e-4acc-97ff-ca447220e2e6" testListId="8c84fa94-04c1-424b-9868-57a2d4851a1d" />
    <TestEntry testId="559c93b0-e46d-a3f0-c9db-63fdf79436c5" executionId="b1d117e0-b3ca-43a9-b8ce-772161fe7ff5" testListId="8c84fa94-04c1-424b-9868-57a2d4851a1d" />
    <TestEntry testId="4820030e-e6b8-efb8-6d51-b7e3b8fa37ad" executionId="32117689-1259-41d7-acf8-b9440d52f7f6" testListId="8c84fa94-04c1-424b-9868-57a2d4851a1d" />
    <TestEntry testId="791044dc-0101-1fbf-166f-cbba62feef3e" executionId="09267739-3771-4b8e-9d5b-b625e295a1c5" testListId="8c84fa94-04c1-424b-9868-57a2d4851a1d" />
    <TestEntry testId="c65fe569-c4dd-3db2-fe65-a4e9367311a7" executionId="564997ed-06eb-47e5-84ea-2a2686cb8c7f" testListId="8c84fa94-04c1-424b-9868-57a2d4851a1d" />
    <TestEntry testId="2c666423-14e5-d662-1903-d7a93aedd759" executionId="3df72962-d3e9-49b9-a9fc-6eecc0e18565" testListId="8c84fa94-04c1-424b-9868-57a2d4851a1d" />
    <TestEntry testId="dad0ff27-3b6a-3df4-fbe8-43b5424694a4" executionId="26625627-bc08-4a56-b013-9c3e815cafc7" testListId="8c84fa94-04c1-424b-9868-57a2d4851a1d" />
    <TestEntry testId="70239425-ff60-3444-2cfc-98dba5588832" executionId="86336009-3e40-4da2-8e61-4ac63a2eca4b" testListId="8c84fa94-04c1-424b-9868-57a2d4851a1d" />
    <TestEntry testId="bd17de8b-935b-51df-1d10-4f8f1745145c" executionId="3044338e-0129-4c46-9ecd-2a8fcbcde410" testListId="8c84fa94-04c1-424b-9868-57a2d4851a1d" />
    <TestEntry testId="dd18b897-ec07-d131-2ad2-9fd09a2fe0f0" executionId="125d7edd-7a99-489b-9bb4-46ebdcc2ea56" testListId="8c84fa94-04c1-424b-9868-57a2d4851a1d" />
    <TestEntry testId="715c241e-1be9-fd79-51f4-658118d99b6c" executionId="870ae37d-a7a1-4661-ba62-98a060130763" testListId="8c84fa94-04c1-424b-9868-57a2d4851a1d" />
    <TestEntry testId="50bde805-5b4a-3093-5767-9b40a9ff4a9a" executionId="ee4ee160-6d94-499b-b0bb-0d8b4250f15a" testListId="8c84fa94-04c1-424b-9868-57a2d4851a1d" />
    <TestEntry testId="df7896e6-4a30-a724-0b0b-7cc3ad71f9f2" executionId="350e869c-e43f-4a52-a27a-a395918cece7" testListId="8c84fa94-04c1-424b-9868-57a2d4851a1d" />
    <TestEntry testId="c143393b-9631-c4e8-a221-a598d5139e6b" executionId="d20a7af7-d254-4ad6-8234-5f4b2b83e454" testListId="8c84fa94-04c1-424b-9868-57a2d4851a1d" />
    <TestEntry testId="90f0b806-230b-54df-506e-18d6d0438ef7" executionId="94794bdf-5bd8-4594-a404-bff2870e20b3" testListId="8c84fa94-04c1-424b-9868-57a2d4851a1d" />
    <TestEntry testId="e6325dba-8ed5-586c-7607-22c4c169bc95" executionId="e3966383-02f2-433f-9969-ea3402773d8e" testListId="8c84fa94-04c1-424b-9868-57a2d4851a1d" />
    <TestEntry testId="5a71bb72-ef76-0a3b-3580-e84064d9c504" executionId="8d44b2b8-4896-4899-9614-f6730785da5e" testListId="8c84fa94-04c1-424b-9868-57a2d4851a1d" />
    <TestEntry testId="9631bbf0-e5b1-88b8-ac60-145ed9858c91" executionId="127ab0e0-85ff-4c21-aed0-97e38b1fa04e" testListId="8c84fa94-04c1-424b-9868-57a2d4851a1d" />
    <TestEntry testId="09de3b8d-1d35-79cd-a51c-696321a23b09" executionId="78be7c99-c2c4-491e-a157-c725b695a12a" testListId="8c84fa94-04c1-424b-9868-57a2d4851a1d" />
    <TestEntry testId="1425f15f-e2a1-fcf4-50fc-821b0ad1196d" executionId="54cdc84b-a819-400e-922b-6ff892210c4b" testListId="8c84fa94-04c1-424b-9868-57a2d4851a1d" />
    <TestEntry testId="f61ac484-edf0-f734-17cb-0343d55621f2" executionId="98ca7b1e-df1e-4cbd-8b7d-059bd5857f39" testListId="8c84fa94-04c1-424b-9868-57a2d4851a1d" />
    <TestEntry testId="c59f2baa-df2c-e6fe-e486-2b2000801401" executionId="26bd9af3-3883-4203-9044-668f83683f88" testListId="8c84fa94-04c1-424b-9868-57a2d4851a1d" />
    <TestEntry testId="b35cadda-db28-abdc-7539-702533721bca" executionId="ada6fa52-c4d1-4b56-af4e-30a30366e046" testListId="8c84fa94-04c1-424b-9868-57a2d4851a1d" />
    <TestEntry testId="0500d047-6366-4080-ee48-7a796ba177ef" executionId="a01f0657-c2b6-4121-845e-f3eb0b6728bc" testListId="8c84fa94-04c1-424b-9868-57a2d4851a1d" />
    <TestEntry testId="17b3b413-d6f3-eecd-4aad-c377f76e70d7" executionId="3f4a4a23-d273-4ea1-b168-bdf187cfd802" testListId="8c84fa94-04c1-424b-9868-57a2d4851a1d" />
    <TestEntry testId="4311625f-d719-9fd6-7351-87ee758a0faf" executionId="d9763337-1d82-44c4-a677-a954454bca92" testListId="8c84fa94-04c1-424b-9868-57a2d4851a1d" />
    <TestEntry testId="e8cdfe3a-b63a-e596-355c-42b418a38e3f" executionId="563883c5-78ef-4f68-b879-74dfaec9fd29" testListId="8c84fa94-04c1-424b-9868-57a2d4851a1d" />
    <TestEntry testId="ae5b0417-a02c-9bda-8541-60dbbe823e12" executionId="4fac1d69-3ed9-49e1-a0fe-a1bf6b1e7343" testListId="8c84fa94-04c1-424b-9868-57a2d4851a1d" />
    <TestEntry testId="af8038b2-544a-11c7-14cb-559f27a86e0b" executionId="fd189531-724c-45ab-a6e4-7784157691f0" testListId="8c84fa94-04c1-424b-9868-57a2d4851a1d" />
    <TestEntry testId="6bf421b4-c1b0-67f8-806c-7e19f3825d6d" executionId="d52c2f87-72af-4a5c-b96c-a9393578efae" testListId="8c84fa94-04c1-424b-9868-57a2d4851a1d" />
    <TestEntry testId="b80f369c-0041-8a9c-6ecc-3421e6636a56" executionId="60e42fda-90e4-4652-9ec7-e89886b77224" testListId="8c84fa94-04c1-424b-9868-57a2d4851a1d" />
    <TestEntry testId="599dc8a8-7def-cd10-2f6a-a0e007fed76a" executionId="248ce93c-480b-42c1-a698-22a8b6c1b632" testListId="8c84fa94-04c1-424b-9868-57a2d4851a1d" />
    <TestEntry testId="a39ddd9b-88b8-6450-85d5-919b4aa4ccff" executionId="bedc3755-6cd1-4911-ab1e-44dd846a4b08" testListId="8c84fa94-04c1-424b-9868-57a2d4851a1d" />
    <TestEntry testId="75caa6bb-4b71-b759-3d44-04e6add41e4b" executionId="f68abaab-544c-435b-80ef-0c0598f65227" testListId="8c84fa94-04c1-424b-9868-57a2d4851a1d" />
    <TestEntry testId="8b23bee9-8d11-ce88-ec71-32098b38d4c8" executionId="0fa45f2b-8be9-44a6-abf6-9da9782f63d1" testListId="8c84fa94-04c1-424b-9868-57a2d4851a1d" />
    <TestEntry testId="7a190c9c-3689-8e9c-8707-2ba0089ee661" executionId="f0116657-ed39-4b15-9f60-921059b015e8" testListId="8c84fa94-04c1-424b-9868-57a2d4851a1d" />
    <TestEntry testId="8db5a0d8-a5e3-b015-c1d5-b89c45f24079" executionId="7c713864-efd7-4d53-8483-bbd4c3507332" testListId="8c84fa94-04c1-424b-9868-57a2d4851a1d" />
    <TestEntry testId="c94d00d2-d991-d4f3-04a5-ae73c597b6c9" executionId="93d63bcd-5209-46fb-b3d2-9a50f5b9928c" testListId="8c84fa94-04c1-424b-9868-57a2d4851a1d" />
    <TestEntry testId="eeebe98e-a9c8-a3c4-759d-f412fc75f7e8" executionId="6b580fe1-a8e2-4356-aab8-fa440eb9f200" testListId="8c84fa94-04c1-424b-9868-57a2d4851a1d" />
    <TestEntry testId="7913cb7f-0102-9266-be4e-c6e0a1ef04ff" executionId="6f22a35c-97f8-404b-85b5-5b7ec6795cd4" testListId="8c84fa94-04c1-424b-9868-57a2d4851a1d" />
    <TestEntry testId="42140588-68cd-aea3-b05e-1de479c2f5c9" executionId="e59ce1de-a920-4298-9088-0174bfe1df86" testListId="8c84fa94-04c1-424b-9868-57a2d4851a1d" />
    <TestEntry testId="0ac7beeb-b6c3-bc08-7dff-fd1262c7307a" executionId="1b094bd7-52bc-48b3-b460-691782afc59d" testListId="8c84fa94-04c1-424b-9868-57a2d4851a1d" />
    <TestEntry testId="7003ce89-1b0a-8f38-4609-af853ca81126" executionId="c177930d-d88b-4429-b62e-16c580e39eb3" testListId="8c84fa94-04c1-424b-9868-57a2d4851a1d" />
    <TestEntry testId="98348567-4216-de81-d7a4-3060dc32edef" executionId="983eba38-bf7c-416b-a64d-a2a81c6dc4b7" testListId="8c84fa94-04c1-424b-9868-57a2d4851a1d" />
    <TestEntry testId="872b3f08-5eb4-ef11-0ace-eb2463b3cbf7" executionId="dd4deb76-f93e-43dc-83ba-24deb48a59bc" testListId="8c84fa94-04c1-424b-9868-57a2d4851a1d" />
    <TestEntry testId="1f5f1a24-4b5c-1c29-45ff-c6367851a213" executionId="c5cef8c8-86af-4d76-ad3f-33d0e76e9710" testListId="8c84fa94-04c1-424b-9868-57a2d4851a1d" />
    <TestEntry testId="b1a675fc-9132-e59d-487c-404cf61018e8" executionId="851bca01-3db1-4096-93a5-7890290f3984" testListId="8c84fa94-04c1-424b-9868-57a2d4851a1d" />
    <TestEntry testId="0662c8ec-b675-f2a9-43f4-b6f540092947" executionId="4ad32d85-20d1-4db4-9f53-f37f72d84544" testListId="8c84fa94-04c1-424b-9868-57a2d4851a1d" />
  </TestEntries>
  <TestLists>
    <TestList name="Resultados sin formato de lista" id="8c84fa94-04c1-424b-9868-57a2d4851a1d" />
    <TestList name="Todos los resultados cargados" id="19431567-8539-422a-85d7-44ee4e166bda" />
  </TestLists>
  <ResultSummary outcome="Completed">
    <Counters total="82" executed="82" passed="82" failed="0" error="0" timeout="0" aborted="0" inconclusive="0" passedButRunAborted="0" notRunnable="0" notExecuted="0" disconnected="0" warning="0" completed="0" inProgress="0" pending="0" />
    <Output>
      <StdOut>[xUnit.net 00:00:00.00] xUnit.net VSTest Adapter v2.8.2+699d445a1a (64-bit .NET 9.0.17)&#xD;
[xUnit.net 00:00:00.14]   Discovering: ControlParental.Domain.Tests&#xD;
[xUnit.net 00:00:00.23]   Discovered:  ControlParental.Domain.Tests&#xD;
[xUnit.net 00:00:00.24]   Starting:    ControlParental.Domain.Tests&#xD;
[xUnit.net 00:00:00.53]   Finished:    ControlParental.Domain.Tests&#xD;
</StdOut>
    </Output>
  </ResultSummary>
</TestRun>