<?xml version="1.0" encoding="utf-8"?>
<TestRun id="901dea39-98b9-4772-b9d9-756de2531b7f" name="Usuario@PC-ISIS 2026-06-17 12:11:32" runUser="PC-ISIS\Usuario" xmlns="http://microsoft.com/schemas/VisualStudio/TeamTest/2010">
  <Times creation="2026-06-17T12:11:32.1353432-05:00" queuing="2026-06-17T12:11:32.1353436-05:00" start="2026-06-17T12:11:31.2994725-05:00" finish="2026-06-17T12:11:42.5588431-05:00" />
  <TestSettings name="default" id="aa1efdcf-5a8a-4221-8919-6cadeb2728cb">
    <Deployment runDeploymentRoot="Usuario_PC-ISIS_2026-06-17_12_11_32" />
  </TestSettings>
  <Results>
    <UnitTestResult executionId="2197bfeb-eb9b-49ce-ab05-2ef7e8b655d2" testId="377b7f47-88f5-01bf-6aa2-7d52c727b602" testName="ControlParental.Service.Tests.ScheduledWorkServiceTests.InitialState_IsRunningFalse" computerName="PC-ISIS" duration="00:00:00.0003270" startTime="2026-06-17T12:11:32.2402907-05:00" endTime="2026-06-17T12:11:32.2402908-05:00" testType="13cdc9d9-ddb5-4fa4-a97d-d965ccfc6d4b" outcome="Passed" testListId="8c84fa94-04c1-424b-9868-57a2d4851a1d" relativeResultsDirectory="2197bfeb-eb9b-49ce-ab05-2ef7e8b655d2" />
    <UnitTestResult executionId="800be9f1-0362-4e2b-90bf-d096e1df2e38" testId="2abc80d9-983a-664a-e51e-ee4ab38cf613" testName="ControlParental.Service.Tests.TimeProviderTests.ServerDate_NotSet_ShouldReturnNull" computerName="PC-ISIS" duration="00:00:00.0003240" startTime="2026-06-17T12:11:32.3460045-05:00" endTime="2026-06-17T12:11:32.3460047-05:00" testType="13cdc9d9-ddb5-4fa4-a97d-d965ccfc6d4b" outcome="Passed" testListId="8c84fa94-04c1-424b-9868-57a2d4851a1d" relativeResultsDirectory="800be9f1-0362-4e2b-90bf-d096e1df2e38" />
    <UnitTestResult executionId="b18c2651-352b-4d51-8168-68c062ef54f0" testId="54fb8924-23e7-1b39-ab19-503b2ea3f562" testName="ControlParental.Service.Tests.BackendClientTests.SendHeartbeatAsync_WhenSuccess_ReturnsOffset" computerName="PC-ISIS" duration="00:00:00.0255332" startTime="2026-06-17T12:11:32.3809359-05:00" endTime="2026-06-17T12:11:32.3809365-05:00" testType="13cdc9d9-ddb5-4fa4-a97d-d965ccfc6d4b" outcome="Passed" testListId="8c84fa94-04c1-424b-9868-57a2d4851a1d" relativeResultsDirectory="b18c2651-352b-4d51-8168-68c062ef54f0" />
    <UnitTestResult executionId="2d858d16-1057-4bc7-9ba5-61695e4f795b" testId="9d346df3-1ade-af69-4ac1-d3b57ba9fc8a" testName="ControlParental.Service.Tests.WnsNotificationServiceTests.NeedsRenewal_WhenTokenExpiresInExactly5Days_ReturnsTrue" computerName="PC-ISIS" duration="00:00:00.0006231" startTime="2026-06-17T12:11:32.4243454-05:00" endTime="2026-06-17T12:11:32.4243457-05:00" testType="13cdc9d9-ddb5-4fa4-a97d-d965ccfc6d4b" outcome="Passed" testListId="8c84fa94-04c1-424b-9868-57a2d4851a1d" relativeResultsDirectory="2d858d16-1057-4bc7-9ba5-61695e4f795b" />
    <UnitTestResult executionId="1a4b59d7-f5b9-4ca7-a521-64795af1e896" testId="02199717-c9b0-fc60-3fc9-5855f39f326e" testName="ControlParental.Service.Tests.OverlayPersistenceManagerTests.DisablePersistentOverlay_SetsActiveFalse" computerName="PC-ISIS" duration="00:00:00.0002058" startTime="2026-06-17T12:11:32.1100404-05:00" endTime="2026-06-17T12:11:32.1100405-05:00" testType="13cdc9d9-ddb5-4fa4-a97d-d965ccfc6d4b" outcome="Passed" testListId="8c84fa94-04c1-424b-9868-57a2d4851a1d" relativeResultsDirectory="1a4b59d7-f5b9-4ca7-a521-64795af1e896" />
    <UnitTestResult executionId="acd91a31-a8ac-44ec-a284-0838afc8e608" testId="f9dab0f1-30dd-8ea6-09a3-a0d7a6deb682" testName="ControlParental.Service.Tests.WnsNotificationServiceTests.GetOrRenewTokenAsync_WhenOAuthFails_ReturnsFailed" computerName="PC-ISIS" duration="00:00:00.0048259" startTime="2026-06-17T12:11:32.3939500-05:00" endTime="2026-06-17T12:11:32.3939507-05:00" testType="13cdc9d9-ddb5-4fa4-a97d-d965ccfc6d4b" outcome="Passed" testListId="8c84fa94-04c1-424b-9868-57a2d4851a1d" relativeResultsDirectory="acd91a31-a8ac-44ec-a284-0838afc8e608" />
    <UnitTestResult executionId="7f3052a4-aea4-4bd4-b568-9d6d8ecf8345" testId="cdeb1cf5-22ef-b89f-a93c-3f8c4defaf5d" testName="ControlParental.Service.Tests.EnforcementLevelMonitorTests.IsCritical_WhenServiceNotRunning_ReturnsTrue" computerName="PC-ISIS" duration="00:00:00.0024397" startTime="2026-06-17T12:11:32.2472875-05:00" endTime="2026-06-17T12:11:32.2472878-05:00" testType="13cdc9d9-ddb5-4fa4-a97d-d965ccfc6d4b" outcome="Passed" testListId="8c84fa94-04c1-424b-9868-57a2d4851a1d" relativeResultsDirectory="7f3052a4-aea4-4bd4-b568-9d6d8ecf8345" />
    <UnitTestResult executionId="6321b6ee-1335-4464-a832-c07decff52d1" testId="168ac29d-6e31-2630-96cc-b10509602460" testName="ControlParental.Service.Tests.WorkstationLockManagerTests.LockNowAsync_ClearsIsLockPendingAfterCompletion" computerName="PC-ISIS" duration="00:00:00.0012194" startTime="2026-06-17T12:11:33.1715095-05:00" endTime="2026-06-17T12:11:33.1715096-05:00" testType="13cdc9d9-ddb5-4fa4-a97d-d965ccfc6d4b" outcome="Passed" testListId="8c84fa94-04c1-424b-9868-57a2d4851a1d" relativeResultsDirectory="6321b6ee-1335-4464-a832-c07decff52d1" />
    <UnitTestResult executionId="ec7e99cb-3db3-4dad-a4e5-52d818ffe3c3" testId="eef5e693-08bd-f2a0-4763-7d64b887f393" testName="ControlParental.Service.Tests.ServiceHealthMonitorTests.IsAgentHealthy_WhenHeartbeatOverdue_ReturnsFalse" computerName="PC-ISIS" duration="00:00:00.0007464" startTime="2026-06-17T12:11:32.2448578-05:00" endTime="2026-06-17T12:11:32.2448579-05:00" testType="13cdc9d9-ddb5-4fa4-a97d-d965ccfc6d4b" outcome="Passed" testListId="8c84fa94-04c1-424b-9868-57a2d4851a1d" relativeResultsDirectory="ec7e99cb-3db3-4dad-a4e5-52d818ffe3c3" />
    <UnitTestResult executionId="87fb8973-2e4b-40d0-b036-87f57cf2bc6e" testId="28978a56-84f7-ea2f-1906-2ba50feade32" testName="ControlParental.Service.Tests.BackendClientTests.PushUsageLogsAsync_WhenTimeout_ReturnsFailed" computerName="PC-ISIS" duration="00:00:00.0022571" startTime="2026-06-17T12:11:32.3156985-05:00" endTime="2026-06-17T12:11:32.3156987-05:00" testType="13cdc9d9-ddb5-4fa4-a97d-d965ccfc6d4b" outcome="Passed" testListId="8c84fa94-04c1-424b-9868-57a2d4851a1d" relativeResultsDirectory="87fb8973-2e4b-40d0-b036-87f57cf2bc6e" />
    <UnitTestResult executionId="5c4e1cce-7372-41ed-b23a-25619d859e4d" testId="20fa143d-d152-cacb-b1a1-79beb722368f" testName="ControlParental.Service.Tests.ServiceHealthMonitorTests.HealthCheckCallback_WhenNotRunning_DoesNothing" computerName="PC-ISIS" duration="00:00:00.0002935" startTime="2026-06-17T12:11:32.2343932-05:00" endTime="2026-06-17T12:11:32.2343933-05:00" testType="13cdc9d9-ddb5-4fa4-a97d-d965ccfc6d4b" outcome="Passed" testListId="8c84fa94-04c1-424b-9868-57a2d4851a1d" relativeResultsDirectory="5c4e1cce-7372-41ed-b23a-25619d859e4d" />
    <UnitTestResult executionId="460bc45b-8d0b-425b-bf55-27ba205890c6" testId="6d7874ab-d0a9-dea7-4bfa-8dc7d076f371" testName="ControlParental.Service.Tests.EnforcementLevelMonitorTests.InitialState_CurrentLevelIsUnknown" computerName="PC-ISIS" duration="00:00:00.0002777" startTime="2026-06-17T12:11:32.2690390-05:00" endTime="2026-06-17T12:11:32.2690392-05:00" testType="13cdc9d9-ddb5-4fa4-a97d-d965ccfc6d4b" outcome="Passed" testListId="8c84fa94-04c1-424b-9868-57a2d4851a1d" relativeResultsDirectory="460bc45b-8d0b-425b-bf55-27ba205890c6" />
    <UnitTestResult executionId="ab3e7d04-768b-4e00-90a0-40e5ef400c52" testId="03f98adf-2ab6-844c-d5b0-7aee3740aff2" testName="ControlParental.Service.Tests.UsageAccumulatorTests.SetIpcChannel_UpdatesChannel" computerName="PC-ISIS" duration="00:00:00.0003706" startTime="2026-06-17T12:11:32.2982885-05:00" endTime="2026-06-17T12:11:32.2982888-05:00" testType="13cdc9d9-ddb5-4fa4-a97d-d965ccfc6d4b" outcome="Passed" testListId="8c84fa94-04c1-424b-9868-57a2d4851a1d" relativeResultsDirectory="ab3e7d04-768b-4e00-90a0-40e5ef400c52" />
    <UnitTestResult executionId="16fcf3fa-c4fd-4d32-a04a-f35ad8d84608" testId="0d84cf68-6d22-adf5-2946-0e66fcb9fb65" testName="ControlParental.Service.Tests.DeviceAuthenticatorTests.ValidateSessionAsync_WhenJwtWithInvalidChar_ReturnsFalse" computerName="PC-ISIS" duration="00:00:00.0010535" startTime="2026-06-17T12:11:32.4119479-05:00" endTime="2026-06-17T12:11:32.4119481-05:00" testType="13cdc9d9-ddb5-4fa4-a97d-d965ccfc6d4b" outcome="Passed" testListId="8c84fa94-04c1-424b-9868-57a2d4851a1d" relativeResultsDirectory="16fcf3fa-c4fd-4d32-a04a-f35ad8d84608" />
    <UnitTestResult executionId="9575aa70-654f-4f45-af2e-2286e127f093" testId="94bfd257-4989-3b85-c70a-413e3ffe2975" testName="ControlParental.Service.Tests.SecretStoreTests.DeleteSecret_OtherSecretsRemain" computerName="PC-ISIS" duration="00:00:00.0150642" startTime="2026-06-17T12:11:32.6399018-05:00" endTime="2026-06-17T12:11:32.6399023-05:00" testType="13cdc9d9-ddb5-4fa4-a97d-d965ccfc6d4b" outcome="Passed" testListId="8c84fa94-04c1-424b-9868-57a2d4851a1d" relativeResultsDirectory="9575aa70-654f-4f45-af2e-2286e127f093" />
    <UnitTestResult executionId="ba0a8f21-8070-4926-a1d3-fa9820d46b85" testId="e4ceabfe-9255-b5b9-5ef5-2728ac50a574" testName="ControlParental.Service.Tests.ScheduledWorkServiceBackoffTests.Backoff_DoublesAfterFailure" computerName="PC-ISIS" duration="00:00:00.0018139" startTime="2026-06-17T12:11:32.2200536-05:00" endTime="2026-06-17T12:11:32.2200538-05:00" testType="13cdc9d9-ddb5-4fa4-a97d-d965ccfc6d4b" outcome="Passed" testListId="8c84fa94-04c1-424b-9868-57a2d4851a1d" relativeResultsDirectory="ba0a8f21-8070-4926-a1d3-fa9820d46b85" />
    <UnitTestResult executionId="75684ab7-2037-40fe-b4fa-44217490c69f" testId="04502c78-74e9-10ff-49a7-a061b98b32b3" testName="ControlParental.Service.Tests.TaskSchedulerBackupServiceRegisterTests.RegisterBackupTasksAsync_WhenNotAdmin_DoesNotThrow" computerName="PC-ISIS" duration="00:00:00.2202776" startTime="2026-06-17T12:11:32.4954525-05:00" endTime="2026-06-17T12:11:32.4954527-05:00" testType="13cdc9d9-ddb5-4fa4-a97d-d965ccfc6d4b" outcome="Passed" testListId="8c84fa94-04c1-424b-9868-57a2d4851a1d" relativeResultsDirectory="75684ab7-2037-40fe-b4fa-44217490c69f" />
    <UnitTestResult executionId="40539235-ee34-4c5e-9d72-5af4b6916d3f" testId="e052e282-3c5f-b8b0-5017-b6953a9db3cb" testName="ControlParental.Service.Tests.UsageReconcilerTests.ReconcileAsync_WithDiscrepancy_FiresDiscrepancyFoundEvent" computerName="PC-ISIS" duration="00:00:00.0222588" startTime="2026-06-17T12:11:34.1194935-05:00" endTime="2026-06-17T12:11:34.1194938-05:00" testType="13cdc9d9-ddb5-4fa4-a97d-d965ccfc6d4b" outcome="Passed" testListId="8c84fa94-04c1-424b-9868-57a2d4851a1d" relativeResultsDirectory="40539235-ee34-4c5e-9d72-5af4b6916d3f" />
    <UnitTestResult executionId="e2880c12-41b1-4e0e-a4c9-ef565abf327e" testId="75b6a919-abd6-4f5f-20a9-0bd4c3a6dd93" testName="ControlParental.Service.Tests.WnsHostedServiceTests.RenewChannelAsync_WhenRenewFails_LogsWarning" computerName="PC-ISIS" duration="00:00:00.0159115" startTime="2026-06-17T12:11:32.2598220-05:00" endTime="2026-06-17T12:11:32.2598223-05:00" testType="13cdc9d9-ddb5-4fa4-a97d-d965ccfc6d4b" outcome="Passed" testListId="8c84fa94-04c1-424b-9868-57a2d4851a1d" relativeResultsDirectory="e2880c12-41b1-4e0e-a4c9-ef565abf327e" />
    <UnitTestResult executionId="4487240e-4570-4b8b-aaf1-a5e793da88cd" testId="c69d7732-3258-c0bc-8699-e3673a2a0d2c" testName="ControlParental.Service.Tests.AntiTamperMonitorTests.RecordServiceStopAttempt_WithoutReason_UsesDefaultDescription" computerName="PC-ISIS" duration="00:00:00.0084135" startTime="2026-06-17T12:11:32.2368735-05:00" endTime="2026-06-17T12:11:32.2368737-05:00" testType="13cdc9d9-ddb5-4fa4-a97d-d965ccfc6d4b" outcome="Passed" testListId="8c84fa94-04c1-424b-9868-57a2d4851a1d" relativeResultsDirectory="4487240e-4570-4b8b-aaf1-a5e793da88cd" />
    <UnitTestResult executionId="4267da7f-ca7c-4a7c-9f50-ffb2912d3cf2" testId="85b90ab7-72b0-992f-d3da-4f5a8cd82f9c" testName="ControlParental.Service.Tests.DeviceAuthenticatorTests.CreateAnonymousSessionAsync_WhenSuccess_ReturnsAuthenticated" computerName="PC-ISIS" duration="00:00:00.0048390" startTime="2026-06-17T12:11:32.4378175-05:00" endTime="2026-06-17T12:11:32.4378178-05:00" testType="13cdc9d9-ddb5-4fa4-a97d-d965ccfc6d4b" outcome="Passed" testListId="8c84fa94-04c1-424b-9868-57a2d4851a1d" relativeResultsDirectory="4267da7f-ca7c-4a7c-9f50-ffb2912d3cf2" />
    <UnitTestResult executionId="68c5c989-fd19-4903-ba68-8d70a909e664" testId="38726495-09a5-40e2-6876-7fbc39f66452" testName="ControlParental.Service.Tests.ScheduledWorkServiceTaskSchedulerTests.StartAsync_WhenBackupRegistered_LogsSuccessMessage" computerName="PC-ISIS" duration="00:00:00.1212058" startTime="2026-06-17T12:11:32.4299909-05:00" endTime="2026-06-17T12:11:32.4299910-05:00" testType="13cdc9d9-ddb5-4fa4-a97d-d965ccfc6d4b" outcome="Passed" testListId="8c84fa94-04c1-424b-9868-57a2d4851a1d" relativeResultsDirectory="68c5c989-fd19-4903-ba68-8d70a909e664" />
    <UnitTestResult executionId="40f2dec0-c813-4233-bed9-acffb4083ab5" testId="829f48c2-de01-d357-9913-82dd03758529" testName="ControlParental.Service.Tests.TimeProviderTests.ServerDate_UncertainFlag_ShouldBeSet" computerName="PC-ISIS" duration="00:00:00.0043627" startTime="2026-06-17T12:11:32.3231510-05:00" endTime="2026-06-17T12:11:32.3231513-05:00" testType="13cdc9d9-ddb5-4fa4-a97d-d965ccfc6d4b" outcome="Passed" testListId="8c84fa94-04c1-424b-9868-57a2d4851a1d" relativeResultsDirectory="40f2dec0-c813-4233-bed9-acffb4083ab5" />
    <UnitTestResult executionId="43524210-4a68-49ce-b8b6-d4a63b513d33" testId="f36c86c9-3e34-d2d1-4214-81ef8a9d4b68" testName="ControlParental.Service.Tests.ServiceRecoveryManagerTests.RequestAgentRecoveryAsync_WhenSucceeds_ReturnsTrue" computerName="PC-ISIS" duration="00:00:00.0030300" startTime="2026-06-17T12:11:32.1581353-05:00" endTime="2026-06-17T12:11:32.1581354-05:00" testType="13cdc9d9-ddb5-4fa4-a97d-d965ccfc6d4b" outcome="Passed" testListId="8c84fa94-04c1-424b-9868-57a2d4851a1d" relativeResultsDirectory="43524210-4a68-49ce-b8b6-d4a63b513d33" />
    <UnitTestResult executionId="a5b7a690-5a7b-4982-9b3e-388b0c0516b6" testId="7a54d7a0-ce14-c36f-9292-62bc3c1cb015" testName="ControlParental.Service.Tests.UsageReconcilerTests.StartAsync_WhenNotRunning_StartsAndSetsIsRunningTrue" computerName="PC-ISIS" duration="00:00:00.0431401" startTime="2026-06-17T12:11:33.1247683-05:00" endTime="2026-06-17T12:11:33.1247685-05:00" testType="13cdc9d9-ddb5-4fa4-a97d-d965ccfc6d4b" outcome="Passed" testListId="8c84fa94-04c1-424b-9868-57a2d4851a1d" relativeResultsDirectory="a5b7a690-5a7b-4982-9b3e-388b0c0516b6" />
    <UnitTestResult executionId="46aecdbb-87f7-4aef-b041-13bddc50a18c" testId="5d88a14f-5bce-121b-79d7-39cdc4ab0e16" testName="ControlParental.Service.Tests.SecretStoreTests.LocalMachine_EncryptedBlobHasNoPlaintext" computerName="PC-ISIS" duration="00:00:00.0126757" startTime="2026-06-17T12:11:32.6205044-05:00" endTime="2026-06-17T12:11:32.6205051-05:00" testType="13cdc9d9-ddb5-4fa4-a97d-d965ccfc6d4b" outcome="Passed" testListId="8c84fa94-04c1-424b-9868-57a2d4851a1d" relativeResultsDirectory="46aecdbb-87f7-4aef-b041-13bddc50a18c" />
    <UnitTestResult executionId="de5e020a-e503-4d1f-8702-381cf3c05494" testId="f5a59de4-60b5-6d48-61b9-a36840f6b92f" testName="ControlParental.Service.Tests.ServiceHostStartTests.HostStopAsync_DoesNotThrow" computerName="PC-ISIS" duration="00:00:00.0502533" startTime="2026-06-17T12:11:32.3540101-05:00" endTime="2026-06-17T12:11:32.3540105-05:00" testType="13cdc9d9-ddb5-4fa4-a97d-d965ccfc6d4b" outcome="Passed" testListId="8c84fa94-04c1-424b-9868-57a2d4851a1d" relativeResultsDirectory="de5e020a-e503-4d1f-8702-381cf3c05494" />
    <UnitTestResult executionId="4a342acc-f6b5-4e28-be0c-a557612d8776" testId="8a6bc106-1305-1bfd-167f-e5a55fc13ad8" testName="ControlParental.Service.Tests.ServiceHostStartTests.HostBuilder_ServicesResolve_WithoutThrowing" computerName="PC-ISIS" duration="00:00:00.0784629" startTime="2026-06-17T12:11:32.3036165-05:00" endTime="2026-06-17T12:11:32.3036166-05:00" testType="13cdc9d9-ddb5-4fa4-a97d-d965ccfc6d4b" outcome="Passed" testListId="8c84fa94-04c1-424b-9868-57a2d4851a1d" relativeResultsDirectory="4a342acc-f6b5-4e28-be0c-a557612d8776" />
    <UnitTestResult executionId="a8359bc3-20a1-4ea1-85f2-3b058092b773" testId="09e6b8ff-cf6f-cab6-4edd-89492d32fe8e" testName="ControlParental.Service.Tests.SecretStoreTests.ReadAsync_WithCancellationToken_CompletesSuccessfully" computerName="PC-ISIS" duration="00:00:00.0140680" startTime="2026-06-17T12:11:32.5606534-05:00" endTime="2026-06-17T12:11:32.5606540-05:00" testType="13cdc9d9-ddb5-4fa4-a97d-d965ccfc6d4b" outcome="Passed" testListId="8c84fa94-04c1-424b-9868-57a2d4851a1d" relativeResultsDirectory="a8359bc3-20a1-4ea1-85f2-3b058092b773" />
    <UnitTestResult executionId="fcd7b4a3-915d-4fab-aec3-d8fb34eb55bf" testId="4a9c91b2-e472-81c9-9be7-c41c814737f5" testName="ControlParental.Service.Tests.SecretStoreTests.ReadAsync_CanRoundTripUnicodeSecret" computerName="PC-ISIS" duration="00:00:00.0140487" startTime="2026-06-17T12:11:32.6698367-05:00" endTime="2026-06-17T12:11:32.6698372-05:00" testType="13cdc9d9-ddb5-4fa4-a97d-d965ccfc6d4b" outcome="Passed" testListId="8c84fa94-04c1-424b-9868-57a2d4851a1d" relativeResultsDirectory="fcd7b4a3-915d-4fab-aec3-d8fb34eb55bf" />
    <UnitTestResult executionId="15e55dae-c60d-4ac4-9fc0-93fed5f58c38" testId="af8b25bb-c52b-67ee-3db3-d2ca6c92796f" testName="ControlParental.Service.Tests.ServiceHealthMonitorTests.InitialState_IsAgentHealthyFalse" computerName="PC-ISIS" duration="00:00:00.0004921" startTime="2026-06-17T12:11:32.2313063-05:00" endTime="2026-06-17T12:11:32.2313064-05:00" testType="13cdc9d9-ddb5-4fa4-a97d-d965ccfc6d4b" outcome="Passed" testListId="8c84fa94-04c1-424b-9868-57a2d4851a1d" relativeResultsDirectory="15e55dae-c60d-4ac4-9fc0-93fed5f58c38" />
    <UnitTestResult executionId="e19ae2d6-bccb-47f0-b72d-3da9da715fce" testId="186e3411-0b2d-68ec-f88c-f16e6217483b" testName="ControlParental.Service.Tests.DeviceAuthenticatorTests.CreateAnonymousSessionAsync_WhenServerError_ReturnsFailed" computerName="PC-ISIS" duration="00:00:00.0024863" startTime="2026-06-17T12:11:32.3291614-05:00" endTime="2026-06-17T12:11:32.3291615-05:00" testType="13cdc9d9-ddb5-4fa4-a97d-d965ccfc6d4b" outcome="Passed" testListId="8c84fa94-04c1-424b-9868-57a2d4851a1d" relativeResultsDirectory="e19ae2d6-bccb-47f0-b72d-3da9da715fce" />
    <UnitTestResult executionId="5a73b2f8-7066-4b6f-a863-2e7130a35e4a" testId="d760b4c9-bccd-927e-8231-5693030532cc" testName="ControlParental.Service.Tests.DeviceAuthenticatorTests.CurrentDeviceId_Initially_Null" computerName="PC-ISIS" duration="00:00:00.0003435" startTime="2026-06-17T12:11:32.3526685-05:00" endTime="2026-06-17T12:11:32.3526687-05:00" testType="13cdc9d9-ddb5-4fa4-a97d-d965ccfc6d4b" outcome="Passed" testListId="8c84fa94-04c1-424b-9868-57a2d4851a1d" relativeResultsDirectory="5a73b2f8-7066-4b6f-a863-2e7130a35e4a" />
    <UnitTestResult executionId="9513a8b2-d918-430a-9f1a-f9e42de0776e" testId="777e1025-0a95-9e42-1a99-da2c8df43dac" testName="ControlParental.Service.Tests.TimeProviderTests.LocalDayOfWeek_ShouldReturnCorrectDay" computerName="PC-ISIS" duration="00:00:00.0041919" startTime="2026-06-17T12:11:32.3503043-05:00" endTime="2026-06-17T12:11:32.3503044-05:00" testType="13cdc9d9-ddb5-4fa4-a97d-d965ccfc6d4b" outcome="Passed" testListId="8c84fa94-04c1-424b-9868-57a2d4851a1d" relativeResultsDirectory="9513a8b2-d918-430a-9f1a-f9e42de0776e" />
    <UnitTestResult executionId="e14a7f5b-59dd-4f2e-9c9c-472bdc7f64f3" testId="47d77d0d-2fe5-6dff-c3df-172a7cd71584" testName="ControlParental.Service.Tests.BackendClientTests.SendHeartbeatAsync_WhenNetworkError_ReturnsFailed" computerName="PC-ISIS" duration="00:00:00.0014815" startTime="2026-06-17T12:11:32.4763349-05:00" endTime="2026-06-17T12:11:32.4763351-05:00" testType="13cdc9d9-ddb5-4fa4-a97d-d965ccfc6d4b" outcome="Passed" testListId="8c84fa94-04c1-424b-9868-57a2d4851a1d" relativeResultsDirectory="e14a7f5b-59dd-4f2e-9c9c-472bdc7f64f3" />
    <UnitTestResult executionId="19a8b812-357f-4741-805a-82783e821c79" testId="e95a4444-1c23-437f-e04d-5d6f140bb2da" testName="ControlParental.Service.Tests.ServiceHealthMonitorTests.RecordAgentDeath_FiresAgentDiedEvent" computerName="PC-ISIS" duration="00:00:00.0007603" startTime="2026-06-17T12:11:32.2404599-05:00" endTime="2026-06-17T12:11:32.2404600-05:00" testType="13cdc9d9-ddb5-4fa4-a97d-d965ccfc6d4b" outcome="Passed" testListId="8c84fa94-04c1-424b-9868-57a2d4851a1d" relativeResultsDirectory="19a8b812-357f-4741-805a-82783e821c79" />
    <UnitTestResult executionId="d5a229bd-8359-4f74-928d-f37bfe1b2cd0" testId="393c21a1-5dc8-1a52-8b8a-cb18aae327d2" testName="ControlParental.Service.Tests.UsageAccumulatorTests.GetMinutesRemainingAsync_ExceedsLimit_ReturnsZero" computerName="PC-ISIS" duration="00:00:00.0012195" startTime="2026-06-17T12:11:32.2952950-05:00" endTime="2026-06-17T12:11:32.2952951-05:00" testType="13cdc9d9-ddb5-4fa4-a97d-d965ccfc6d4b" outcome="Passed" testListId="8c84fa94-04c1-424b-9868-57a2d4851a1d" relativeResultsDirectory="d5a229bd-8359-4f74-928d-f37bfe1b2cd0" />
    <UnitTestResult executionId="e9f70d31-fcac-4bb9-8464-c21e08a38a00" testId="0effae78-1751-20f0-6144-b98d3ff301e3" testName="ControlParental.Service.Tests.WnsNotificationServiceTests.GetOrRenewTokenAsync_WhenTokenExpiringIn6Days_ReturnsValid" computerName="PC-ISIS" duration="00:00:00.0046489" startTime="2026-06-17T12:11:32.3890113-05:00" endTime="2026-06-17T12:11:32.3890114-05:00" testType="13cdc9d9-ddb5-4fa4-a97d-d965ccfc6d4b" outcome="Passed" testListId="8c84fa94-04c1-424b-9868-57a2d4851a1d" relativeResultsDirectory="e9f70d31-fcac-4bb9-8464-c21e08a38a00" />
    <UnitTestResult executionId="35ae4326-dd1c-4452-982f-7edc9456c246" testId="15d326e0-be01-f0a8-0789-74736eb86cd5" testName="ControlParental.Service.Tests.WnsNotificationServiceTests.GetOrRenewTokenAsync_WhenChannelRequestFails_ReturnsFailed" computerName="PC-ISIS" duration="00:00:00.0039620" startTime="2026-06-17T12:11:32.4032748-05:00" endTime="2026-06-17T12:11:32.4032750-05:00" testType="13cdc9d9-ddb5-4fa4-a97d-d965ccfc6d4b" outcome="Passed" testListId="8c84fa94-04c1-424b-9868-57a2d4851a1d" relativeResultsDirectory="35ae4326-dd1c-4452-982f-7edc9456c246" />
    <UnitTestResult executionId="c82ca1ff-3aaa-409f-b6ff-9b13c8d6d50b" testId="51f78c80-4ef2-ee7e-190e-4543a40803b3" testName="ControlParental.Service.Tests.UsageReconcilerTests.Constructor_WithNullIpcChannel_DoesNotThrow" computerName="PC-ISIS" duration="00:00:00.0085592" startTime="2026-06-17T12:11:33.5429844-05:00" endTime="2026-06-17T12:11:33.5429846-05:00" testType="13cdc9d9-ddb5-4fa4-a97d-d965ccfc6d4b" outcome="Passed" testListId="8c84fa94-04c1-424b-9868-57a2d4851a1d" relativeResultsDirectory="c82ca1ff-3aaa-409f-b6ff-9b13c8d6d50b" />
    <UnitTestResult executionId="5d7fca96-c5a9-4dbf-a11f-dd68e2aceae8" testId="d5ce0a62-f671-f03c-c20d-307d0a3ed428" testName="ControlParental.Service.Tests.AntiTamperMonitorTests.StartAsync_WhenNotDisposed_StartsSuccessfully" computerName="PC-ISIS" duration="00:00:00.0012521" startTime="2026-06-17T12:11:32.4123022-05:00" endTime="2026-06-17T12:11:32.4123023-05:00" testType="13cdc9d9-ddb5-4fa4-a97d-d965ccfc6d4b" outcome="Passed" testListId="8c84fa94-04c1-424b-9868-57a2d4851a1d" relativeResultsDirectory="5d7fca96-c5a9-4dbf-a11f-dd68e2aceae8" />
    <UnitTestResult executionId="9bca2a84-650c-4544-a307-b2638c61cdd3" testId="823163a6-7af1-1971-c44e-77c39560412b" testName="ControlParental.Service.Tests.ServiceRecoveryManagerTests.AgentDied_WhenHealthMonitorFires_TriggersRecovery" computerName="PC-ISIS" duration="00:00:00.1232167" startTime="2026-06-17T12:11:32.3092764-05:00" endTime="2026-06-17T12:11:32.3092765-05:00" testType="13cdc9d9-ddb5-4fa4-a97d-d965ccfc6d4b" outcome="Passed" testListId="8c84fa94-04c1-424b-9868-57a2d4851a1d" relativeResultsDirectory="9bca2a84-650c-4544-a307-b2638c61cdd3" />
    <UnitTestResult executionId="5ad5f813-6d4d-4d6d-bbd4-d83059b69305" testId="4604c811-2d33-ade1-41dd-e41ce18c5745" testName="ControlParental.Service.Tests.AntiTamperMonitorTests.RecordAgentDeath_AddsEventToDetectedEvents" computerName="PC-ISIS" duration="00:00:00.0010481" startTime="2026-06-17T12:11:32.4146100-05:00" endTime="2026-06-17T12:11:32.4146101-05:00" testType="13cdc9d9-ddb5-4fa4-a97d-d965ccfc6d4b" outcome="Passed" testListId="8c84fa94-04c1-424b-9868-57a2d4851a1d" relativeResultsDirectory="5ad5f813-6d4d-4d6d-bbd4-d83059b69305" />
    <UnitTestResult executionId="e3505bb0-c0a8-4563-aff1-4e5ea84ab277" testId="82a4af3c-82ab-3e52-2cfc-252f9e94f808" testName="ControlParental.Service.Tests.EnforcementLevelMonitorTests.EvaluateAsync_WhenChildIsAdmin_ReturnsDegraded" computerName="PC-ISIS" duration="00:00:00.0051462" startTime="2026-06-17T12:11:32.2126803-05:00" endTime="2026-06-17T12:11:32.2126807-05:00" testType="13cdc9d9-ddb5-4fa4-a97d-d965ccfc6d4b" outcome="Passed" testListId="8c84fa94-04c1-424b-9868-57a2d4851a1d" relativeResultsDirectory="e3505bb0-c0a8-4563-aff1-4e5ea84ab277" />
    <UnitTestResult executionId="234c53cd-f258-4723-addd-01edec2d06a0" testId="311390f3-619d-ee09-c514-93a4887fba86" testName="ControlParental.Service.Tests.AntiTamperMonitorTests.RecordAgentDeath_WithoutExitCode_UsesDefaultDescription" computerName="PC-ISIS" duration="00:00:00.0008364" startTime="2026-06-17T12:11:32.4083440-05:00" endTime="2026-06-17T12:11:32.4083442-05:00" testType="13cdc9d9-ddb5-4fa4-a97d-d965ccfc6d4b" outcome="Passed" testListId="8c84fa94-04c1-424b-9868-57a2d4851a1d" relativeResultsDirectory="234c53cd-f258-4723-addd-01edec2d06a0" />
    <UnitTestResult executionId="1f56e81a-f8f5-40fc-b8da-f3eea7dd5e16" testId="e645ca0f-9ae6-6e36-e7fe-f6598c7a6e0b" testName="ControlParental.Service.Tests.OverlayPersistenceManagerTests.Constructor_InitializesNotActive" computerName="PC-ISIS" duration="00:00:00.0002894" startTime="2026-06-17T12:11:32.1066961-05:00" endTime="2026-06-17T12:11:32.1066961-05:00" testType="13cdc9d9-ddb5-4fa4-a97d-d965ccfc6d4b" outcome="Passed" testListId="8c84fa94-04c1-424b-9868-57a2d4851a1d" relativeResultsDirectory="1f56e81a-f8f5-40fc-b8da-f3eea7dd5e16" />
    <UnitTestResult executionId="5cc6e89d-b808-467c-9204-21b64d7b1762" testId="f0aeaeb6-59c7-8864-fa04-e0827a20b52a" testName="ControlParental.Service.Tests.SecretStoreTests.ReadAsync_WhenSecretExists_ReturnsValue" computerName="PC-ISIS" duration="00:00:00.0147821" startTime="2026-06-17T12:11:32.6552235-05:00" endTime="2026-06-17T12:11:32.6552239-05:00" testType="13cdc9d9-ddb5-4fa4-a97d-d965ccfc6d4b" outcome="Passed" testListId="8c84fa94-04c1-424b-9868-57a2d4851a1d" relativeResultsDirectory="5cc6e89d-b808-467c-9204-21b64d7b1762" />
    <UnitTestResult executionId="1276ff01-2858-43fd-8bfa-1625ffefe673" testId="f26b07c6-6124-ec8f-e825-02e3959c835e" testName="ControlParental.Service.Tests.SecretStoreTests.WriteAsync_WithValidInput_Succeeds" computerName="PC-ISIS" duration="00:00:00.0045173" startTime="2026-06-17T12:11:32.6970217-05:00" endTime="2026-06-17T12:11:32.6970222-05:00" testType="13cdc9d9-ddb5-4fa4-a97d-d965ccfc6d4b" outcome="Passed" testListId="8c84fa94-04c1-424b-9868-57a2d4851a1d" relativeResultsDirectory="1276ff01-2858-43fd-8bfa-1625ffefe673" />
    <UnitTestResult executionId="393910b9-d44d-4021-9edf-91f3430d6790" testId="c2fcb945-ade1-845d-e06b-6e91816186be" testName="ControlParental.Service.Tests.UsageReconcilerTests.StartAsync_SubscribesToIpcMessages" computerName="PC-ISIS" duration="00:00:00.0175842" startTime="2026-06-17T12:11:34.2183585-05:00" endTime="2026-06-17T12:11:34.2183588-05:00" testType="13cdc9d9-ddb5-4fa4-a97d-d965ccfc6d4b" outcome="Passed" testListId="8c84fa94-04c1-424b-9868-57a2d4851a1d" relativeResultsDirectory="393910b9-d44d-4021-9edf-91f3430d6790" />
    <UnitTestResult executionId="1cae25aa-5b3b-44de-86a9-54d098035724" testId="4082bce4-f4a9-4806-e295-513ffccfc678" testName="ControlParental.Service.Tests.ScheduledWorkServiceTaskSchedulerTests.StartAsync_WhenBackupServiceThrows_DoesNotCrash" computerName="PC-ISIS" duration="00:00:00.0030401" startTime="2026-06-17T12:11:32.4325173-05:00" endTime="2026-06-17T12:11:32.4325175-05:00" testType="13cdc9d9-ddb5-4fa4-a97d-d965ccfc6d4b" outcome="Passed" testListId="8c84fa94-04c1-424b-9868-57a2d4851a1d" relativeResultsDirectory="1cae25aa-5b3b-44de-86a9-54d098035724" />
    <UnitTestResult executionId="e1c539bd-f082-4b73-82d0-d6df325eb3f5" testId="adb27593-7f00-f841-feeb-7fe739770f75" testName="ControlParental.Service.Tests.ServiceCompositionTests.ServiceProvider_CanResolveIBackendClient" computerName="PC-ISIS" duration="00:00:00.0042640" startTime="2026-06-17T12:11:32.2850215-05:00" endTime="2026-06-17T12:11:32.2850216-05:00" testType="13cdc9d9-ddb5-4fa4-a97d-d965ccfc6d4b" outcome="Passed" testListId="8c84fa94-04c1-424b-9868-57a2d4851a1d" relativeResultsDirectory="e1c539bd-f082-4b73-82d0-d6df325eb3f5" />
    <UnitTestResult executionId="b7e6a972-344d-45df-8dde-36f10d5cb9f3" testId="a82463f0-cba6-b545-009f-628da1d1823f" testName="ControlParental.Service.Tests.BackendClientTests.PushUsageLogsAsync_WhenNetworkError_ReturnsFailed" computerName="PC-ISIS" duration="00:00:00.0015564" startTime="2026-06-17T12:11:32.4852397-05:00" endTime="2026-06-17T12:11:32.4852398-05:00" testType="13cdc9d9-ddb5-4fa4-a97d-d965ccfc6d4b" outcome="Passed" testListId="8c84fa94-04c1-424b-9868-57a2d4851a1d" relativeResultsDirectory="b7e6a972-344d-45df-8dde-36f10d5cb9f3" />
    <UnitTestResult executionId="3767e8b5-3037-4491-842a-000e4404e84b" testId="562a65f3-8b06-70d5-68be-c861b75b4e81" testName="ControlParental.Service.Tests.BackendClientTests.FetchPolicyAsync_WhenNoNewVersion_ReturnsCurrentVersion" computerName="PC-ISIS" duration="00:00:00.0183843" startTime="2026-06-17T12:11:32.3502532-05:00" endTime="2026-06-17T12:11:32.3502535-05:00" testType="13cdc9d9-ddb5-4fa4-a97d-d965ccfc6d4b" outcome="Passed" testListId="8c84fa94-04c1-424b-9868-57a2d4851a1d" relativeResultsDirectory="3767e8b5-3037-4491-842a-000e4404e84b" />
    <UnitTestResult executionId="8712e32a-f585-46f3-aab7-a2043ab6f18e" testId="8fecd0b3-75da-20e8-de32-ab77a0a838b6" testName="ControlParental.Service.Tests.ScheduledWorkServiceTests.Dispose_WhenRunning_StopsService" computerName="PC-ISIS" duration="00:00:00.0004462" startTime="2026-06-17T12:11:32.2309924-05:00" endTime="2026-06-17T12:11:32.2309925-05:00" testType="13cdc9d9-ddb5-4fa4-a97d-d965ccfc6d4b" outcome="Passed" testListId="8c84fa94-04c1-424b-9868-57a2d4851a1d" relativeResultsDirectory="8712e32a-f585-46f3-aab7-a2043ab6f18e" />
    <UnitTestResult executionId="0de49376-37fb-4acc-82ef-24966a960ffe" testId="c9b57541-188c-abd8-9444-955225232ba2" testName="ControlParental.Service.Tests.ScheduledWorkServiceTests.StartAsync_WhenAlreadyRunning_ReturnsCompleted" computerName="PC-ISIS" duration="00:00:00.1538046" startTime="2026-06-17T12:11:32.2194613-05:00" endTime="2026-06-17T12:11:32.2194614-05:00" testType="13cdc9d9-ddb5-4fa4-a97d-d965ccfc6d4b" outcome="Passed" testListId="8c84fa94-04c1-424b-9868-57a2d4851a1d" relativeResultsDirectory="0de49376-37fb-4acc-82ef-24966a960ffe" />
    <UnitTestResult executionId="7114a631-9bc1-495e-9194-d3a2407e07ef" testId="c8ce133c-6c89-809f-e542-c6ab7ff40260" testName="ControlParental.Service.Tests.WorkstationLockManagerTests.LockNowAsync_WhenSendThrows_ReturnsFalseAndRecordsError" computerName="PC-ISIS" duration="00:00:00.0018247" startTime="2026-06-17T12:11:33.1889849-05:00" endTime="2026-06-17T12:11:33.1889852-05:00" testType="13cdc9d9-ddb5-4fa4-a97d-d965ccfc6d4b" outcome="Passed" testListId="8c84fa94-04c1-424b-9868-57a2d4851a1d" relativeResultsDirectory="7114a631-9bc1-495e-9194-d3a2407e07ef" />
    <UnitTestResult executionId="a37e27c4-3e18-47c9-931e-47827b2de31b" testId="4e0cff56-131a-6369-3ac6-b6a085c98678" testName="ControlParental.Service.Tests.SecretStoreTests.ReadAsync_WithNullName_ReturnsFailed" computerName="PC-ISIS" duration="00:00:00.0017165" startTime="2026-06-17T12:11:32.5900334-05:00" endTime="2026-06-17T12:11:32.5900336-05:00" testType="13cdc9d9-ddb5-4fa4-a97d-d965ccfc6d4b" outcome="Passed" testListId="8c84fa94-04c1-424b-9868-57a2d4851a1d" relativeResultsDirectory="a37e27c4-3e18-47c9-931e-47827b2de31b" />
    <UnitTestResult executionId="64cdd35f-ebe1-4023-81ee-8192c9196d71" testId="0ca30b17-1c1c-91db-5772-2cbc5562cfdd" testName="ControlParental.Service.Tests.UsageAccumulatorTests.StartAsync_SubscribesToIpcMessages" computerName="PC-ISIS" duration="00:00:00.0019828" startTime="2026-06-17T12:11:32.2844311-05:00" endTime="2026-06-17T12:11:32.2844316-05:00" testType="13cdc9d9-ddb5-4fa4-a97d-d965ccfc6d4b" outcome="Passed" testListId="8c84fa94-04c1-424b-9868-57a2d4851a1d" relativeResultsDirectory="64cdd35f-ebe1-4023-81ee-8192c9196d71" />
    <UnitTestResult executionId="eda233f9-5e1b-4a18-af49-780988d27e91" testId="a260f402-64ae-2fe4-bab4-9fa2781989d9" testName="ControlParental.Service.Tests.UsageReconcilerTests.ReconcileAsync_RecordsHistory" computerName="PC-ISIS" duration="00:00:00.0169285" startTime="2026-06-17T12:11:34.3989546-05:00" endTime="2026-06-17T12:11:34.3989548-05:00" testType="13cdc9d9-ddb5-4fa4-a97d-d965ccfc6d4b" outcome="Passed" testListId="8c84fa94-04c1-424b-9868-57a2d4851a1d" relativeResultsDirectory="eda233f9-5e1b-4a18-af49-780988d27e91" />
    <UnitTestResult executionId="2e90a909-c625-43f5-b835-86f6874f8954" testId="8bd240a0-b4f1-31af-93f0-bbc70bb747c2" testName="ControlParental.Service.Tests.BackendClientTests.FetchPolicyAsync_WhenMalformedJson_ReturnsFailed" computerName="PC-ISIS" duration="00:00:00.0021604" startTime="2026-06-17T12:11:32.4709459-05:00" endTime="2026-06-17T12:11:32.4709461-05:00" testType="13cdc9d9-ddb5-4fa4-a97d-d965ccfc6d4b" outcome="Passed" testListId="8c84fa94-04c1-424b-9868-57a2d4851a1d" relativeResultsDirectory="2e90a909-c625-43f5-b835-86f6874f8954" />
    <UnitTestResult executionId="6b03a804-0e08-436d-8ee8-f6c291807199" testId="a7b632e7-7278-0529-1a55-09cd379f0807" testName="ControlParental.Service.Tests.TaskSchedulerBackupServiceInterfaceTests.AreBackupTasksRegistered_WhenNotRegistered_ReturnsFalse" computerName="PC-ISIS" duration="00:00:00.0004861" startTime="2026-06-17T12:11:32.2787504-05:00" endTime="2026-06-17T12:11:32.2787505-05:00" testType="13cdc9d9-ddb5-4fa4-a97d-d965ccfc6d4b" outcome="Passed" testListId="8c84fa94-04c1-424b-9868-57a2d4851a1d" relativeResultsDirectory="6b03a804-0e08-436d-8ee8-f6c291807199" />
    <UnitTestResult executionId="0e6b56fe-29bd-4a17-ad83-4c5ba1b06988" testId="97afb46f-d139-4136-29e9-def011b15186" testName="ControlParental.Service.Tests.BackendClientTests.SendHeartbeatAsync_WhenMalformedJson_ReturnsFailed" computerName="PC-ISIS" duration="00:00:00.0047944" startTime="2026-06-17T12:11:32.4315143-05:00" endTime="2026-06-17T12:11:32.4315146-05:00" testType="13cdc9d9-ddb5-4fa4-a97d-d965ccfc6d4b" outcome="Passed" testListId="8c84fa94-04c1-424b-9868-57a2d4851a1d" relativeResultsDirectory="0e6b56fe-29bd-4a17-ad83-4c5ba1b06988" />
    <UnitTestResult executionId="fc38f497-6f9e-46d0-9fb6-999cdd070808" testId="35c0c255-788f-4588-876b-09d281d0829c" testName="ControlParental.Service.Tests.ScheduledWorkServiceBackupPollingTests.ExecutePolicySyncAsync_WhenMalformedJson_DoesNotCrash" computerName="PC-ISIS" duration="00:00:01.1051232" startTime="2026-06-17T12:11:37.8368841-05:00" endTime="2026-06-17T12:11:37.8368845-05:00" testType="13cdc9d9-ddb5-4fa4-a97d-d965ccfc6d4b" outcome="Passed" testListId="8c84fa94-04c1-424b-9868-57a2d4851a1d" relativeResultsDirectory="fc38f497-6f9e-46d0-9fb6-999cdd070808" />
    <UnitTestResult executionId="f3163f68-ca5d-422a-b27d-a75d7eaa4965" testId="82e78ae2-5db9-bc04-61b4-eacd9bd20764" testName="ControlParental.Service.Tests.EnforcementLevelMonitorTests.Constructor_WithNullScmController_ThrowsArgumentNullException" computerName="PC-ISIS" duration="00:00:00.0012331" startTime="2026-06-17T12:11:32.2703601-05:00" endTime="2026-06-17T12:11:32.2703603-05:00" testType="13cdc9d9-ddb5-4fa4-a97d-d965ccfc6d4b" outcome="Passed" testListId="8c84fa94-04c1-424b-9868-57a2d4851a1d" relativeResultsDirectory="f3163f68-ca5d-422a-b27d-a75d7eaa4965" />
    <UnitTestResult executionId="30182246-9c97-414b-b0e0-ca724244dedb" testId="18890bb6-acfc-0b83-d6a3-c38a01c269b2" testName="ControlParental.Service.Tests.ScheduledWorkServiceConnectivityTests.StopAsync_AfterStart_StopsService" computerName="PC-ISIS" duration="00:00:00.0012022" startTime="2026-06-17T12:11:32.2208976-05:00" endTime="2026-06-17T12:11:32.2208977-05:00" testType="13cdc9d9-ddb5-4fa4-a97d-d965ccfc6d4b" outcome="Passed" testListId="8c84fa94-04c1-424b-9868-57a2d4851a1d" relativeResultsDirectory="30182246-9c97-414b-b0e0-ca724244dedb" />
    <UnitTestResult executionId="379add61-3567-49db-a042-6345e7df43ae" testId="ff1c01b7-153d-ee18-b725-dfc33c48a7e0" testName="ControlParental.Service.Tests.ServiceRecoveryManagerTests.RequestAgentRecoveryAsync_WhenFails_ReturnsFalse" computerName="PC-ISIS" duration="00:00:00.0897747" startTime="2026-06-17T12:11:32.1548194-05:00" endTime="2026-06-17T12:11:32.1548197-05:00" testType="13cdc9d9-ddb5-4fa4-a97d-d965ccfc6d4b" outcome="Passed" testListId="8c84fa94-04c1-424b-9868-57a2d4851a1d" relativeResultsDirectory="379add61-3567-49db-a042-6345e7df43ae" />
    <UnitTestResult executionId="d4d8a8b6-b48d-4a54-a78e-f5d725f1d651" testId="c8cffaae-7fde-0da5-8bc0-634ab8fd87a3" testName="ControlParental.Service.Tests.DeviceAuthenticatorTests.RefreshTokenAsync_WhenHttpException_ReturnsNeedsRefresh" computerName="PC-ISIS" duration="00:00:00.0036403" startTime="2026-06-17T12:11:32.4172831-05:00" endTime="2026-06-17T12:11:32.4172832-05:00" testType="13cdc9d9-ddb5-4fa4-a97d-d965ccfc6d4b" outcome="Passed" testListId="8c84fa94-04c1-424b-9868-57a2d4851a1d" relativeResultsDirectory="d4d8a8b6-b48d-4a54-a78e-f5d725f1d651" />
    <UnitTestResult executionId="7f5fa560-5c96-4150-a481-69b3d4378c0a" testId="7419ab94-60f0-cf13-809b-5ce3fa5a711c" testName="ControlParental.Service.Tests.ScheduledWorkServiceBackoffTests.Dispose_DoesNotThrow" computerName="PC-ISIS" duration="00:00:00.0009141" startTime="2026-06-17T12:11:32.2208542-05:00" endTime="2026-06-17T12:11:32.2208544-05:00" testType="13cdc9d9-ddb5-4fa4-a97d-d965ccfc6d4b" outcome="Passed" testListId="8c84fa94-04c1-424b-9868-57a2d4851a1d" relativeResultsDirectory="7f5fa560-5c96-4150-a481-69b3d4378c0a" />
    <UnitTestResult executionId="7116c92f-a08d-4970-bf9d-ee86ea72c98a" testId="856d754c-fb1e-a4fc-d691-8746e4b7c54b" testName="ControlParental.Service.Tests.UsageReconcilerTests.ReconcileAsync_MultipleApps_HandlesCorrectly" computerName="PC-ISIS" duration="00:00:00.3364552" startTime="2026-06-17T12:11:33.5343544-05:00" endTime="2026-06-17T12:11:33.5343546-05:00" testType="13cdc9d9-ddb5-4fa4-a97d-d965ccfc6d4b" outcome="Passed" testListId="8c84fa94-04c1-424b-9868-57a2d4851a1d" relativeResultsDirectory="7116c92f-a08d-4970-bf9d-ee86ea72c98a" />
    <UnitTestResult executionId="737a7e9e-9b76-485b-a099-1b53e0a18419" testId="99f01fbc-ac50-2cee-840d-efe6736c5964" testName="ControlParental.Service.Tests.ScheduledWorkServiceTests.Constructor_WithNullEnforcementLevelMonitor_ThrowsArgumentNullException" computerName="PC-ISIS" duration="00:00:00.0012089" startTime="2026-06-17T12:11:32.2304625-05:00" endTime="2026-06-17T12:11:32.2304628-05:00" testType="13cdc9d9-ddb5-4fa4-a97d-d965ccfc6d4b" outcome="Passed" testListId="8c84fa94-04c1-424b-9868-57a2d4851a1d" relativeResultsDirectory="737a7e9e-9b76-485b-a099-1b53e0a18419" />
    <UnitTestResult executionId="56366ba9-53f9-4419-9a19-38f79c718271" testId="7523693b-47c1-9d9e-2ef8-b1006673b788" testName="ControlParental.Service.Tests.EnforcementLevelMonitorTests.IssueDetected_WhenIssueDetected_FiresEvent" computerName="PC-ISIS" duration="00:00:00.0143216" startTime="2026-06-17T12:11:32.2620858-05:00" endTime="2026-06-17T12:11:32.2620859-05:00" testType="13cdc9d9-ddb5-4fa4-a97d-d965ccfc6d4b" outcome="Passed" testListId="8c84fa94-04c1-424b-9868-57a2d4851a1d" relativeResultsDirectory="56366ba9-53f9-4419-9a19-38f79c718271" />
    <UnitTestResult executionId="a2fd5fdc-93a4-4fe8-adca-d1292531fa8c" testId="5c8349dc-c530-f305-a46f-f2ae9cabf82b" testName="ControlParental.Service.Tests.WorkstationLockManagerTests.LockNowAsync_WhenIpcNotConnected_ReturnsFalse" computerName="PC-ISIS" duration="00:00:00.0064584" startTime="2026-06-17T12:11:32.1525880-05:00" endTime="2026-06-17T12:11:32.1525883-05:00" testType="13cdc9d9-ddb5-4fa4-a97d-d965ccfc6d4b" outcome="Passed" testListId="8c84fa94-04c1-424b-9868-57a2d4851a1d" relativeResultsDirectory="a2fd5fdc-93a4-4fe8-adca-d1292531fa8c" />
    <UnitTestResult executionId="d6a1f2e8-ce5e-42c0-8d5b-8ccf428d89fb" testId="0de3276e-8d88-3956-1837-a5d0cba413a8" testName="ControlParental.Service.Tests.AntiTamperMonitorTests.StartAsync_WhenAlreadyRunning_DoesNotThrow" computerName="PC-ISIS" duration="00:00:00.0015982" startTime="2026-06-17T12:11:32.2704955-05:00" endTime="2026-06-17T12:11:32.2704956-05:00" testType="13cdc9d9-ddb5-4fa4-a97d-d965ccfc6d4b" outcome="Passed" testListId="8c84fa94-04c1-424b-9868-57a2d4851a1d" relativeResultsDirectory="d6a1f2e8-ce5e-42c0-8d5b-8ccf428d89fb" />
    <UnitTestResult executionId="b57c86d5-7d6e-4c2f-8c83-ca1d0ebe95c6" testId="d133ed80-4faa-3e01-9d7e-a73dda85b7cd" testName="ControlParental.Service.Tests.UsageReconcilerTests.ReconcileAsync_WmiLessThanRecorded_DoesNotBackfill" computerName="PC-ISIS" duration="00:00:00.0171639" startTime="2026-06-17T12:11:34.2580213-05:00" endTime="2026-06-17T12:11:34.2580215-05:00" testType="13cdc9d9-ddb5-4fa4-a97d-d965ccfc6d4b" outcome="Passed" testListId="8c84fa94-04c1-424b-9868-57a2d4851a1d" relativeResultsDirectory="b57c86d5-7d6e-4c2f-8c83-ca1d0ebe95c6" />
    <UnitTestResult executionId="7eac7f6a-ff93-4de6-b0e5-a4a2abb26485" testId="d64edc36-b6b5-8224-0a77-6e01060b51b3" testName="ControlParental.Service.Tests.DeviceAuthenticatorTests.RotateSessionAsync_InvalidatesAndCreatesNew" computerName="PC-ISIS" duration="00:00:00.0069690" startTime="2026-06-17T12:11:32.4659064-05:00" endTime="2026-06-17T12:11:32.4659067-05:00" testType="13cdc9d9-ddb5-4fa4-a97d-d965ccfc6d4b" outcome="Passed" testListId="8c84fa94-04c1-424b-9868-57a2d4851a1d" relativeResultsDirectory="7eac7f6a-ff93-4de6-b0e5-a4a2abb26485" />
    <UnitTestResult executionId="711e535d-6de3-4cd2-bc5c-c97f4cfb94b7" testId="3e8c6230-618e-d5ba-a77e-1d13918fad4c" testName="ControlParental.Service.Tests.DeviceAuthenticatorTests.ValidateSessionAsync_WhenValidSession_ReturnsTrue" computerName="PC-ISIS" duration="00:00:00.0113322" startTime="2026-06-17T12:11:32.3893830-05:00" endTime="2026-06-17T12:11:32.3893832-05:00" testType="13cdc9d9-ddb5-4fa4-a97d-d965ccfc6d4b" outcome="Passed" testListId="8c84fa94-04c1-424b-9868-57a2d4851a1d" relativeResultsDirectory="711e535d-6de3-4cd2-bc5c-c97f4cfb94b7" />
    <UnitTestResult executionId="812578e2-2777-4f73-978c-6775ea895697" testId="838fc357-033d-9e84-1a8e-d1f2f12b24ac" testName="ControlParental.Service.Tests.ServiceHealthMonitorTests.RecordAgentDeath_IncrementsAgentRestartCount" computerName="PC-ISIS" duration="00:00:00.0011225" startTime="2026-06-17T12:11:32.1568544-05:00" endTime="2026-06-17T12:11:32.1568545-05:00" testType="13cdc9d9-ddb5-4fa4-a97d-d965ccfc6d4b" outcome="Passed" testListId="8c84fa94-04c1-424b-9868-57a2d4851a1d" relativeResultsDirectory="812578e2-2777-4f73-978c-6775ea895697" />
    <UnitTestResult executionId="c3e1b02d-f21a-478f-946d-ca563c3a3f05" testId="68bd304d-ee46-f184-8a22-8814a4d28c5b" testName="ControlParental.Service.Tests.ServiceRecoveryManagerTests.InitialState_IsInRecoveryModeFalse" computerName="PC-ISIS" duration="00:00:00.0003302" startTime="2026-06-17T12:11:32.1724876-05:00" endTime="2026-06-17T12:11:32.1724878-05:00" testType="13cdc9d9-ddb5-4fa4-a97d-d965ccfc6d4b" outcome="Passed" testListId="8c84fa94-04c1-424b-9868-57a2d4851a1d" relativeResultsDirectory="c3e1b02d-f21a-478f-946d-ca563c3a3f05" />
    <UnitTestResult executionId="a2b002dc-a34d-4c66-9a7a-68db9b66cfa2" testId="58987d30-14d0-08b7-ba8e-72135463fe0f" testName="ControlParental.Service.Tests.ServiceHealthMonitorTests.ResetAgentRestartCount_ResetsToZero" computerName="PC-ISIS" duration="00:00:00.0004077" startTime="2026-06-17T12:11:32.2324602-05:00" endTime="2026-06-17T12:11:32.2324604-05:00" testType="13cdc9d9-ddb5-4fa4-a97d-d965ccfc6d4b" outcome="Passed" testListId="8c84fa94-04c1-424b-9868-57a2d4851a1d" relativeResultsDirectory="a2b002dc-a34d-4c66-9a7a-68db9b66cfa2" />
    <UnitTestResult executionId="c0ab9103-a75b-4e2a-abc1-d7b198acc124" testId="20403268-f2ff-fc5b-287a-6e507903481b" testName="ControlParental.Service.Tests.ProcessTerminatorTests.CanTerminate_ReturnsExpectedResult(appId: &quot;com.example.app&quot;, expected: True)" computerName="PC-ISIS" duration="00:00:00.0000095" startTime="2026-06-17T12:11:32.0951402-05:00" endTime="2026-06-17T12:11:32.0951403-05:00" testType="13cdc9d9-ddb5-4fa4-a97d-d965ccfc6d4b" outcome="Passed" testListId="8c84fa94-04c1-424b-9868-57a2d4851a1d" relativeResultsDirectory="c0ab9103-a75b-4e2a-abc1-d7b198acc124" />
    <UnitTestResult executionId="5e77e283-3f98-4c8f-bd0f-173fcb7c30cb" testId="171486ad-e095-d161-522c-bfcb3f688e60" testName="ControlParental.Service.Tests.AntiTamperMonitorTests.Constructor_WithNullPrivilegeInspector_ThrowsArgumentNullException" computerName="PC-ISIS" duration="00:00:00.0012658" startTime="2026-06-17T12:11:32.2398834-05:00" endTime="2026-06-17T12:11:32.2398835-05:00" testType="13cdc9d9-ddb5-4fa4-a97d-d965ccfc6d4b" outcome="Passed" testListId="8c84fa94-04c1-424b-9868-57a2d4851a1d" relativeResultsDirectory="5e77e283-3f98-4c8f-bd0f-173fcb7c30cb" />
    <UnitTestResult executionId="90c43418-e7a6-48a5-b78f-6cc5e50f055b" testId="683763b1-babc-ad85-f0ad-02c3ab8e5914" testName="ControlParental.Service.Tests.ScheduledWorkServiceBackupPollingTests.ExecutePolicySyncAsync_WhenNetworkFails_AppliesBackoff" computerName="PC-ISIS" duration="00:00:01.1182097" startTime="2026-06-17T12:11:42.3231352-05:00" endTime="2026-06-17T12:11:42.3231354-05:00" testType="13cdc9d9-ddb5-4fa4-a97d-d965ccfc6d4b" outcome="Passed" testListId="8c84fa94-04c1-424b-9868-57a2d4851a1d" relativeResultsDirectory="90c43418-e7a6-48a5-b78f-6cc5e50f055b" />
    <UnitTestResult executionId="de1f9936-8a15-474e-a78e-ee7779738154" testId="228ee33a-9756-f717-114c-bd3b0d11238b" testName="ControlParental.Service.Tests.PolicyRepositoryTests.EnqueueOutboxEvent_New_ShouldInsert" computerName="PC-ISIS" duration="00:00:00.0443845" startTime="2026-06-17T12:11:33.3739021-05:00" endTime="2026-06-17T12:11:33.3739028-05:00" testType="13cdc9d9-ddb5-4fa4-a97d-d965ccfc6d4b" outcome="Passed" testListId="8c84fa94-04c1-424b-9868-57a2d4851a1d" relativeResultsDirectory="de1f9936-8a15-474e-a78e-ee7779738154" />
    <UnitTestResult executionId="3b467dfe-44fa-4318-ba1c-f7bb3f87eb0f" testId="c38071c9-f925-cc3d-e3d7-bf413d905901" testName="ControlParental.Service.Tests.ScheduledWorkServiceBackupPollingTests.ExecutePolicySyncAsync_WhenPolicyIsNewer_AppliesIt" computerName="PC-ISIS" duration="00:00:01.1196381" startTime="2026-06-17T12:11:41.2043406-05:00" endTime="2026-06-17T12:11:41.2043408-05:00" testType="13cdc9d9-ddb5-4fa4-a97d-d965ccfc6d4b" outcome="Passed" testListId="8c84fa94-04c1-424b-9868-57a2d4851a1d" relativeResultsDirectory="3b467dfe-44fa-4318-ba1c-f7bb3f87eb0f" />
    <UnitTestResult executionId="0cb7b8dd-732d-4f84-9a3c-fff86c0771fd" testId="4653bdb1-15dd-b428-9d92-5425e6bb227a" testName="ControlParental.Service.Tests.ScheduledWorkServiceTests.Constructor_WithNullPolicyRepository_ThrowsArgumentNullException" computerName="PC-ISIS" duration="00:00:00.0010726" startTime="2026-06-17T12:11:32.2333895-05:00" endTime="2026-06-17T12:11:32.2333897-05:00" testType="13cdc9d9-ddb5-4fa4-a97d-d965ccfc6d4b" outcome="Passed" testListId="8c84fa94-04c1-424b-9868-57a2d4851a1d" relativeResultsDirectory="0cb7b8dd-732d-4f84-9a3c-fff86c0771fd" />
    <UnitTestResult executionId="258a738c-781c-49f4-aa39-815478253903" testId="b4af5694-0128-f9e7-2d62-bd1f46aa4dbe" testName="ControlParental.Service.Tests.ScheduledWorkServiceTests.Constructor_WithNullTimeProvider_ThrowsArgumentNullException" computerName="PC-ISIS" duration="00:00:00.0010669" startTime="2026-06-17T12:11:32.2321364-05:00" endTime="2026-06-17T12:11:32.2321365-05:00" testType="13cdc9d9-ddb5-4fa4-a97d-d965ccfc6d4b" outcome="Passed" testListId="8c84fa94-04c1-424b-9868-57a2d4851a1d" relativeResultsDirectory="258a738c-781c-49f4-aa39-815478253903" />
    <UnitTestResult executionId="047d6ad3-e759-41d1-8adc-4f17fe2f944b" testId="504cd728-c772-0cb5-ba87-43ee880d7000" testName="ControlParental.Service.Tests.DeviceAuthenticatorTests.RefreshTokenAsync_WhenGeneralException_ReturnsNeedsRefresh" computerName="PC-ISIS" duration="00:00:00.0040013" startTime="2026-06-17T12:11:32.4108159-05:00" endTime="2026-06-17T12:11:32.4108162-05:00" testType="13cdc9d9-ddb5-4fa4-a97d-d965ccfc6d4b" outcome="Passed" testListId="8c84fa94-04c1-424b-9868-57a2d4851a1d" relativeResultsDirectory="047d6ad3-e759-41d1-8adc-4f17fe2f944b" />
    <UnitTestResult executionId="4e81e98e-69f8-462d-a6e4-9c8d4744c491" testId="9f5a7908-a760-5b61-d837-3b11948001d7" testName="ControlParental.Service.Tests.ScheduledWorkServiceBackupPollingTests.BackupPollingTimer_SkipsSyncWhenNetworkUnavailable" computerName="PC-ISIS" duration="00:00:01.1154250" startTime="2026-06-17T12:11:33.4074326-05:00" endTime="2026-06-17T12:11:33.4074336-05:00" testType="13cdc9d9-ddb5-4fa4-a97d-d965ccfc6d4b" outcome="Passed" testListId="8c84fa94-04c1-424b-9868-57a2d4851a1d" relativeResultsDirectory="4e81e98e-69f8-462d-a6e4-9c8d4744c491" />
    <UnitTestResult executionId="35a4e5da-cb92-46fd-b615-023bbf585e9a" testId="3430c1be-e4a5-2911-6d83-e4530d5b91f8" testName="ControlParental.Service.Tests.WnsHostedServiceTests.StartAsync_WhenChannelUriNull_DoesNotRegister" computerName="PC-ISIS" duration="00:00:00.0034055" startTime="2026-06-17T12:11:32.2639314-05:00" endTime="2026-06-17T12:11:32.2639315-05:00" testType="13cdc9d9-ddb5-4fa4-a97d-d965ccfc6d4b" outcome="Passed" testListId="8c84fa94-04c1-424b-9868-57a2d4851a1d" relativeResultsDirectory="35a4e5da-cb92-46fd-b615-023bbf585e9a" />
    <UnitTestResult executionId="539fafcc-259d-4c0b-ba69-b6ab4de17a8d" testId="2ca1024f-62e1-0f39-7507-c19679e930c2" testName="ControlParental.Service.Tests.BackendClientTests.PushBehavioralEventsAsync_WhenServerError_ReturnsFailed" computerName="PC-ISIS" duration="00:00:00.0018614" startTime="2026-06-17T12:11:32.4360524-05:00" endTime="2026-06-17T12:11:32.4360526-05:00" testType="13cdc9d9-ddb5-4fa4-a97d-d965ccfc6d4b" outcome="Passed" testListId="8c84fa94-04c1-424b-9868-57a2d4851a1d" relativeResultsDirectory="539fafcc-259d-4c0b-ba69-b6ab4de17a8d" />
    <UnitTestResult executionId="9aac5330-a8d9-4021-b6ab-60b6056c94cc" testId="d9c932c4-22cb-0a75-d9c4-55b04f1a471e" testName="ControlParental.Service.Tests.ServiceHealthMonitorTests.IsAgentInCriticalState_WhenBelowThreshold_ReturnsFalse" computerName="PC-ISIS" duration="00:00:00.0004617" startTime="2026-06-17T12:11:32.1573437-05:00" endTime="2026-06-17T12:11:32.1573438-05:00" testType="13cdc9d9-ddb5-4fa4-a97d-d965ccfc6d4b" outcome="Passed" testListId="8c84fa94-04c1-424b-9868-57a2d4851a1d" relativeResultsDirectory="9aac5330-a8d9-4021-b6ab-60b6056c94cc" />
    <UnitTestResult executionId="bd2b35a1-88e1-40a5-b709-726f46b7fe33" testId="8a315c9f-9412-8f85-4ff6-4a00e08d63ac" testName="ControlParental.Service.Tests.WnsHostedServiceTests.Dispose_DoesNotThrow" computerName="PC-ISIS" duration="00:00:00.0006953" startTime="2026-06-17T12:11:32.2270449-05:00" endTime="2026-06-17T12:11:32.2270450-05:00" testType="13cdc9d9-ddb5-4fa4-a97d-d965ccfc6d4b" outcome="Passed" testListId="8c84fa94-04c1-424b-9868-57a2d4851a1d" relativeResultsDirectory="bd2b35a1-88e1-40a5-b709-726f46b7fe33" />
    <UnitTestResult executionId="7edfcbf6-cb9d-42b1-9551-04155d4059f7" testId="4c9803ad-fb98-fe36-1e4b-2604e31ca196" testName="ControlParental.Service.Tests.WorkstationLockManagerTests.Constructor_WithNullIpcChannel_DoesNotThrow" computerName="PC-ISIS" duration="00:00:00.0014356" startTime="2026-06-17T12:11:32.1585737-05:00" endTime="2026-06-17T12:11:32.1585739-05:00" testType="13cdc9d9-ddb5-4fa4-a97d-d965ccfc6d4b" outcome="Passed" testListId="8c84fa94-04c1-424b-9868-57a2d4851a1d" relativeResultsDirectory="7edfcbf6-cb9d-42b1-9551-04155d4059f7" />
    <UnitTestResult executionId="7b36cdaa-8c58-46a3-b8a9-401ac85d5b9e" testId="7cbdd8ba-e197-78d8-0f4a-cd5c898a8acb" testName="ControlParental.Service.Tests.ServiceHealthMonitorTests.Dispose_WhenRunning_StopsMonitor" computerName="PC-ISIS" duration="00:00:00.0005825" startTime="2026-06-17T12:11:32.2319775-05:00" endTime="2026-06-17T12:11:32.2319776-05:00" testType="13cdc9d9-ddb5-4fa4-a97d-d965ccfc6d4b" outcome="Passed" testListId="8c84fa94-04c1-424b-9868-57a2d4851a1d" relativeResultsDirectory="7b36cdaa-8c58-46a3-b8a9-401ac85d5b9e" />
    <UnitTestResult executionId="7d80eaae-bce9-45ee-a338-efea8b9955c3" testId="a7189fbb-7783-c9a5-d605-88983b7e0ce0" testName="ControlParental.Service.Tests.OverlayPersistenceManagerTests.StateMachine_MultipleEnables_OverwritesReason" computerName="PC-ISIS" duration="00:00:00.0002161" startTime="2026-06-17T12:11:32.1094070-05:00" endTime="2026-06-17T12:11:32.1094071-05:00" testType="13cdc9d9-ddb5-4fa4-a97d-d965ccfc6d4b" outcome="Passed" testListId="8c84fa94-04c1-424b-9868-57a2d4851a1d" relativeResultsDirectory="7d80eaae-bce9-45ee-a338-efea8b9955c3" />
    <UnitTestResult executionId="dc34af66-7b5b-4d4b-87b3-72683ff7139e" testId="9763b9a9-a11a-4b38-4419-6b3f3a449154" testName="ControlParental.Service.Tests.ServiceHealthMonitorTests.StartAsync_WhenAlreadyRunning_ReturnsCompleted" computerName="PC-ISIS" duration="00:00:00.0008308" startTime="2026-06-17T12:11:32.2621739-05:00" endTime="2026-06-17T12:11:32.2621740-05:00" testType="13cdc9d9-ddb5-4fa4-a97d-d965ccfc6d4b" outcome="Passed" testListId="8c84fa94-04c1-424b-9868-57a2d4851a1d" relativeResultsDirectory="dc34af66-7b5b-4d4b-87b3-72683ff7139e" />
    <UnitTestResult executionId="aad09312-f3ae-41a5-852e-9665e6fa0d2c" testId="e1e33df4-385b-4853-f44b-453107f61852" testName="ControlParental.Service.Tests.ScheduledWorkServiceBackupPollingTests.ExecutePolicySyncAsync_WhenPolicyIsOlder_DoesNotOverwrite" computerName="PC-ISIS" duration="00:00:01.1279801" startTime="2026-06-17T12:11:40.0798108-05:00" endTime="2026-06-17T12:11:40.0798116-05:00" testType="13cdc9d9-ddb5-4fa4-a97d-d965ccfc6d4b" outcome="Passed" testListId="8c84fa94-04c1-424b-9868-57a2d4851a1d" relativeResultsDirectory="aad09312-f3ae-41a5-852e-9665e6fa0d2c" />
    <UnitTestResult executionId="77cbb8c9-144e-4aa0-b97f-db04ae7726d7" testId="aeecee5a-48c3-3b5b-1069-134abdd60fcd" testName="ControlParental.Service.Tests.ScheduledWorkServiceBackupPollingTests.BackupPollingTimer_TriggersPolicySyncOnInterval" computerName="PC-ISIS" duration="00:00:01.1088139" startTime="2026-06-17T12:11:34.5169280-05:00" endTime="2026-06-17T12:11:34.5169283-05:00" testType="13cdc9d9-ddb5-4fa4-a97d-d965ccfc6d4b" outcome="Passed" testListId="8c84fa94-04c1-424b-9868-57a2d4851a1d" relativeResultsDirectory="77cbb8c9-144e-4aa0-b97f-db04ae7726d7" />
    <UnitTestResult executionId="80a5e9a3-39ef-4da4-bd3b-8895c1047dc9" testId="82db6d46-bfe4-92df-c41a-91f9f5834bbb" testName="ControlParental.Service.Tests.ProcessTerminatorTests.CanTerminate_WithExeSuffix_NormalizesCorrectly" computerName="PC-ISIS" duration="00:00:00.0001359" startTime="2026-06-17T12:11:32.1143651-05:00" endTime="2026-06-17T12:11:32.1143653-05:00" testType="13cdc9d9-ddb5-4fa4-a97d-d965ccfc6d4b" outcome="Passed" testListId="8c84fa94-04c1-424b-9868-57a2d4851a1d" relativeResultsDirectory="80a5e9a3-39ef-4da4-bd3b-8895c1047dc9" />
    <UnitTestResult executionId="8ab3b00d-5db9-454d-a5d4-40283471ba49" testId="6dab2eb4-aea3-3f96-1f5e-3ffe5fb96aa7" testName="ControlParental.Service.Tests.ScheduledWorkServiceBackupPollingTests.PolicySyncIntervalSeconds_Is30" computerName="PC-ISIS" duration="00:00:00.0027714" startTime="2026-06-17T12:11:36.7312066-05:00" endTime="2026-06-17T12:11:36.7312068-05:00" testType="13cdc9d9-ddb5-4fa4-a97d-d965ccfc6d4b" outcome="Passed" testListId="8c84fa94-04c1-424b-9868-57a2d4851a1d" relativeResultsDirectory="8ab3b00d-5db9-454d-a5d4-40283471ba49" />
    <UnitTestResult executionId="4c90282b-bba3-41b7-aa9b-f72cd31b60aa" testId="2bbd0cc2-7289-d2ed-aac6-7ddfd875e394" testName="ControlParental.Service.Tests.BackendClientTests.PushDeviceAlertsAsync_SendsIdempotencyHeader" computerName="PC-ISIS" duration="00:00:00.0017011" startTime="2026-06-17T12:11:32.4794438-05:00" endTime="2026-06-17T12:11:32.4794440-05:00" testType="13cdc9d9-ddb5-4fa4-a97d-d965ccfc6d4b" outcome="Passed" testListId="8c84fa94-04c1-424b-9868-57a2d4851a1d" relativeResultsDirectory="4c90282b-bba3-41b7-aa9b-f72cd31b60aa" />
    <UnitTestResult executionId="d0e0aaa4-76fe-496a-8677-d32c4132ed41" testId="1e4a488b-c6b7-8945-be1a-e746d19fe2b8" testName="ControlParental.Service.Tests.BackendClientTests.ReportIntegrityAsync_WhenNetworkError_ReturnsFalse" computerName="PC-ISIS" duration="00:00:00.0012369" startTime="2026-06-17T12:11:32.4776431-05:00" endTime="2026-06-17T12:11:32.4776433-05:00" testType="13cdc9d9-ddb5-4fa4-a97d-d965ccfc6d4b" outcome="Passed" testListId="8c84fa94-04c1-424b-9868-57a2d4851a1d" relativeResultsDirectory="d0e0aaa4-76fe-496a-8677-d32c4132ed41" />
    <UnitTestResult executionId="9aa5dbdd-8de0-4934-9aa3-f360cbfd6f8f" testId="0b02c6b3-ac1a-a961-d8e4-491c6017baaf" testName="ControlParental.Service.Tests.WnsNotificationServiceTests.NeedsRenewal_WhenNoToken_ReturnsTrue" computerName="PC-ISIS" duration="00:00:00.0005604" startTime="2026-06-17T12:11:32.3945934-05:00" endTime="2026-06-17T12:11:32.3945935-05:00" testType="13cdc9d9-ddb5-4fa4-a97d-d965ccfc6d4b" outcome="Passed" testListId="8c84fa94-04c1-424b-9868-57a2d4851a1d" relativeResultsDirectory="9aa5dbdd-8de0-4934-9aa3-f360cbfd6f8f" />
    <UnitTestResult executionId="8cfcc058-ea4d-4784-b85e-18677edf1941" testId="8f60e0fc-5ffd-fa2c-ad60-992110097702" testName="ControlParental.Service.Tests.TimeProviderTests.LocalNow_ConvertsToZone_ShouldReturnLocalTime" computerName="PC-ISIS" duration="00:00:00.0087087" startTime="2026-06-17T12:11:32.3179469-05:00" endTime="2026-06-17T12:11:32.3179472-05:00" testType="13cdc9d9-ddb5-4fa4-a97d-d965ccfc6d4b" outcome="Passed" testListId="8c84fa94-04c1-424b-9868-57a2d4851a1d" relativeResultsDirectory="8cfcc058-ea4d-4784-b85e-18677edf1941" />
    <UnitTestResult executionId="eeb0c4b3-6624-4a20-8c32-862885fae500" testId="9fccdfec-09c9-78e1-8ef5-65e6a73511e7" testName="ControlParental.Service.Tests.WnsHostedServiceTests.StopAsync_CancelsRenewalTimer" computerName="PC-ISIS" duration="00:00:00.0035839" startTime="2026-06-17T12:11:32.2391237-05:00" endTime="2026-06-17T12:11:32.2391238-05:00" testType="13cdc9d9-ddb5-4fa4-a97d-d965ccfc6d4b" outcome="Passed" testListId="8c84fa94-04c1-424b-9868-57a2d4851a1d" relativeResultsDirectory="eeb0c4b3-6624-4a20-8c32-862885fae500" />
    <UnitTestResult executionId="8380c34a-d20a-4139-8f36-a51215832e5b" testId="b0e125d3-6f0f-f782-1764-7777d56f1005" testName="ControlParental.Service.Tests.EnforcementLevelMonitorTests.IsCritical_WhenNoSevereIssues_ReturnsFalse" computerName="PC-ISIS" duration="00:00:00.0022337" startTime="2026-06-17T12:11:32.2641006-05:00" endTime="2026-06-17T12:11:32.2641007-05:00" testType="13cdc9d9-ddb5-4fa4-a97d-d965ccfc6d4b" outcome="Passed" testListId="8c84fa94-04c1-424b-9868-57a2d4851a1d" relativeResultsDirectory="8380c34a-d20a-4139-8f36-a51215832e5b" />
    <UnitTestResult executionId="3415e75a-5d9d-48b3-b8c1-2660a72dd95b" testId="1063c2a5-51cc-702a-3827-78bf5ffe08ea" testName="ControlParental.Service.Tests.ServiceHealthMonitorTests.InitialState_IsServiceHealthyFalse" computerName="PC-ISIS" duration="00:00:00.0002067" startTime="2026-06-17T12:11:32.2401820-05:00" endTime="2026-06-17T12:11:32.2401821-05:00" testType="13cdc9d9-ddb5-4fa4-a97d-d965ccfc6d4b" outcome="Passed" testListId="8c84fa94-04c1-424b-9868-57a2d4851a1d" relativeResultsDirectory="3415e75a-5d9d-48b3-b8c1-2660a72dd95b" />
    <UnitTestResult executionId="fcf85bb7-75aa-4c79-afb5-bd566903f532" testId="20660569-646c-43a4-1670-4f4ff02010f0" testName="ControlParental.Service.Tests.PolicyRepositoryTests.GetActiveGrants_Expired_ShouldNotReturn" computerName="PC-ISIS" duration="00:00:01.0053380" startTime="2026-06-17T12:11:33.2273775-05:00" endTime="2026-06-17T12:11:33.2273778-05:00" testType="13cdc9d9-ddb5-4fa4-a97d-d965ccfc6d4b" outcome="Passed" testListId="8c84fa94-04c1-424b-9868-57a2d4851a1d" relativeResultsDirectory="fcf85bb7-75aa-4c79-afb5-bd566903f532" />
    <UnitTestResult executionId="c7114633-6d80-4838-9c3f-1df33916d2a9" testId="a47ae5fb-9874-af3a-fcbf-81a9232fc59a" testName="ControlParental.Service.Tests.ServiceHealthMonitorTests.StartAsync_WhenDisposed_ThrowsObjectDisposedException" computerName="PC-ISIS" duration="00:00:00.0015733" startTime="2026-06-17T12:11:32.2480790-05:00" endTime="2026-06-17T12:11:32.2480791-05:00" testType="13cdc9d9-ddb5-4fa4-a97d-d965ccfc6d4b" outcome="Passed" testListId="8c84fa94-04c1-424b-9868-57a2d4851a1d" relativeResultsDirectory="c7114633-6d80-4838-9c3f-1df33916d2a9" />
    <UnitTestResult executionId="0edd2b0a-394d-4ea7-80aa-fb9ddbfa9088" testId="4103eb7c-6c1c-23d7-2577-cbcec56ba94e" testName="ControlParental.Service.Tests.AntiTamperMonitorTests.RecordUninstallAttempt_WithoutPackageName_UsesDefaultDescription" computerName="PC-ISIS" duration="00:00:00.0006950" startTime="2026-06-17T12:11:32.2415337-05:00" endTime="2026-06-17T12:11:32.2415339-05:00" testType="13cdc9d9-ddb5-4fa4-a97d-d965ccfc6d4b" outcome="Passed" testListId="8c84fa94-04c1-424b-9868-57a2d4851a1d" relativeResultsDirectory="0edd2b0a-394d-4ea7-80aa-fb9ddbfa9088" />
    <UnitTestResult executionId="31043059-eccf-4eb2-82bc-c59cba35adbd" testId="780a91ce-ffa3-b32c-301e-b67121a241ce" testName="ControlParental.Service.Tests.UsageAccumulatorTests.SimulateTick_DoesNotAccumulate_WhenPaused" computerName="PC-ISIS" duration="00:00:00.0036593" startTime="2026-06-17T12:11:32.2823619-05:00" endTime="2026-06-17T12:11:32.2823621-05:00" testType="13cdc9d9-ddb5-4fa4-a97d-d965ccfc6d4b" outcome="Passed" testListId="8c84fa94-04c1-424b-9868-57a2d4851a1d" relativeResultsDirectory="31043059-eccf-4eb2-82bc-c59cba35adbd" />
    <UnitTestResult executionId="5a370b70-f4e4-42bf-9dc8-184b7565a140" testId="87dea6da-cdf2-0254-394a-2dfe02fd7b11" testName="ControlParental.Service.Tests.ScheduledWorkServiceBackoffTests.Backoff_DoesNotExceedMax" computerName="PC-ISIS" duration="00:00:00.0002962" startTime="2026-06-17T12:11:32.2179870-05:00" endTime="2026-06-17T12:11:32.2179872-05:00" testType="13cdc9d9-ddb5-4fa4-a97d-d965ccfc6d4b" outcome="Passed" testListId="8c84fa94-04c1-424b-9868-57a2d4851a1d" relativeResultsDirectory="5a370b70-f4e4-42bf-9dc8-184b7565a140" />
    <UnitTestResult executionId="83de955a-6f9b-4587-b7fd-a019a0d06837" testId="89b494f2-5d06-a497-61c6-80244a37783f" testName="ControlParental.Service.Tests.UsageAccumulatorTests.StartAsync_SetsRunningState" computerName="PC-ISIS" duration="00:00:00.0006927" startTime="2026-06-17T12:11:32.2856952-05:00" endTime="2026-06-17T12:11:32.2856953-05:00" testType="13cdc9d9-ddb5-4fa4-a97d-d965ccfc6d4b" outcome="Passed" testListId="8c84fa94-04c1-424b-9868-57a2d4851a1d" relativeResultsDirectory="83de955a-6f9b-4587-b7fd-a019a0d06837" />
    <UnitTestResult executionId="28148ce0-ee7b-4691-a6b4-519b9c26bbdb" testId="4f54642f-3b6c-71b1-d9c7-3025ec5ee0a4" testName="ControlParental.Service.Tests.OverlayPersistenceManagerTests.OnSessionUnlocked_WithNullAction_DoesNotThrow" computerName="PC-ISIS" duration="00:00:00.0007352" startTime="2026-06-17T12:11:32.1093125-05:00" endTime="2026-06-17T12:11:32.1093126-05:00" testType="13cdc9d9-ddb5-4fa4-a97d-d965ccfc6d4b" outcome="Passed" testListId="8c84fa94-04c1-424b-9868-57a2d4851a1d" relativeResultsDirectory="28148ce0-ee7b-4691-a6b4-519b9c26bbdb" />
    <UnitTestResult executionId="0cff6b90-e912-42a0-b1aa-d5f6929031d2" testId="82d4a379-5e05-caa4-ec87-9bfbe372be05" testName="ControlParental.Service.Tests.WorkstationLockManagerTests.InitialState_IsLockPendingFalse" computerName="PC-ISIS" duration="00:00:00.0002562" startTime="2026-06-17T12:11:32.1570844-05:00" endTime="2026-06-17T12:11:32.1570845-05:00" testType="13cdc9d9-ddb5-4fa4-a97d-d965ccfc6d4b" outcome="Passed" testListId="8c84fa94-04c1-424b-9868-57a2d4851a1d" relativeResultsDirectory="0cff6b90-e912-42a0-b1aa-d5f6929031d2" />
    <UnitTestResult executionId="327c4afc-4956-4784-bf58-3c0a3a6cbc3b" testId="102b0b09-f974-2054-fac3-d37661414256" testName="ControlParental.Service.Tests.BackendClientTests.SendHeartbeatAsync_WhenServerError_ReturnsFailed" computerName="PC-ISIS" duration="00:00:00.0015987" startTime="2026-06-17T12:11:32.4811216-05:00" endTime="2026-06-17T12:11:32.4811218-05:00" testType="13cdc9d9-ddb5-4fa4-a97d-d965ccfc6d4b" outcome="Passed" testListId="8c84fa94-04c1-424b-9868-57a2d4851a1d" relativeResultsDirectory="327c4afc-4956-4784-bf58-3c0a3a6cbc3b" />
    <UnitTestResult executionId="db9b6af9-e143-4c56-bfe0-e767572930dc" testId="ba1894b4-9442-3e1e-a2fd-6b1ce262e9c1" testName="ControlParental.Service.Tests.UsageAccumulatorTests.Stop_UnsubscribesFromIpcMessages" computerName="PC-ISIS" duration="00:00:00.0007243" startTime="2026-06-17T12:11:32.2939970-05:00" endTime="2026-06-17T12:11:32.2939972-05:00" testType="13cdc9d9-ddb5-4fa4-a97d-d965ccfc6d4b" outcome="Passed" testListId="8c84fa94-04c1-424b-9868-57a2d4851a1d" relativeResultsDirectory="db9b6af9-e143-4c56-bfe0-e767572930dc" />
    <UnitTestResult executionId="89c698ff-7761-4974-9d46-3be2167feb30" testId="e713ffd7-8231-5b52-c06d-7ce1b57c7ed1" testName="ControlParental.Service.Tests.DeviceAuthenticatorTests.RefreshIfNeededAsync_WhenNotAuthenticated_ReturnsFailed" computerName="PC-ISIS" duration="00:00:00.0010583" startTime="2026-06-17T12:11:32.3905432-05:00" endTime="2026-06-17T12:11:32.3905435-05:00" testType="13cdc9d9-ddb5-4fa4-a97d-d965ccfc6d4b" outcome="Passed" testListId="8c84fa94-04c1-424b-9868-57a2d4851a1d" relativeResultsDirectory="89c698ff-7761-4974-9d46-3be2167feb30" />
    <UnitTestResult executionId="725750ef-6cfe-4821-acb4-dfa84ee496b3" testId="6a02a294-175f-2d08-0150-5ecf3b806d94" testName="ControlParental.Service.Tests.ServiceHealthMonitorTests.Dispose_CalledTwice_DoesNotThrow" computerName="PC-ISIS" duration="00:00:00.0007953" startTime="2026-06-17T12:11:32.2400057-05:00" endTime="2026-06-17T12:11:32.2400058-05:00" testType="13cdc9d9-ddb5-4fa4-a97d-d965ccfc6d4b" outcome="Passed" testListId="8c84fa94-04c1-424b-9868-57a2d4851a1d" relativeResultsDirectory="725750ef-6cfe-4821-acb4-dfa84ee496b3" />
    <UnitTestResult executionId="5af20bc7-2673-4ded-a377-c7b43a536265" testId="187e8ad6-82e4-ddbc-3127-ded4bdc3fe6b" testName="ControlParental.Service.Tests.DeviceAuthenticatorTests.ValidateSessionAsync_WhenRequiresRePairing_ReturnsFalse" computerName="PC-ISIS" duration="00:00:00.0010118" startTime="2026-06-17T12:11:32.4272046-05:00" endTime="2026-06-17T12:11:32.4272048-05:00" testType="13cdc9d9-ddb5-4fa4-a97d-d965ccfc6d4b" outcome="Passed" testListId="8c84fa94-04c1-424b-9868-57a2d4851a1d" relativeResultsDirectory="5af20bc7-2673-4ded-a377-c7b43a536265" />
    <UnitTestResult executionId="adb4e9e9-f7be-4d58-b769-b41184525698" testId="7129f542-8083-8a4c-d1ee-f9177080aee2" testName="ControlParental.Service.Tests.ServiceHealthMonitorTests.GetHealthIssues_WhenMonitorNotRunning_ReturnsNotRunningIssue" computerName="PC-ISIS" duration="00:00:00.0002450" startTime="2026-06-17T12:11:32.2623554-05:00" endTime="2026-06-17T12:11:32.2623555-05:00" testType="13cdc9d9-ddb5-4fa4-a97d-d965ccfc6d4b" outcome="Passed" testListId="8c84fa94-04c1-424b-9868-57a2d4851a1d" relativeResultsDirectory="adb4e9e9-f7be-4d58-b769-b41184525698" />
    <UnitTestResult executionId="120165df-00b5-4c81-bfb0-ab3560855d51" testId="490bb4b5-048f-837a-684b-f485f69415af" testName="ControlParental.Service.Tests.ScheduledWorkServiceTests.Constructor_WithNullRecoveryManager_ThrowsArgumentNullException" computerName="PC-ISIS" duration="00:00:00.0012934" startTime="2026-06-17T12:11:32.2262576-05:00" endTime="2026-06-17T12:11:32.2262578-05:00" testType="13cdc9d9-ddb5-4fa4-a97d-d965ccfc6d4b" outcome="Passed" testListId="8c84fa94-04c1-424b-9868-57a2d4851a1d" relativeResultsDirectory="120165df-00b5-4c81-bfb0-ab3560855d51" />
    <UnitTestResult executionId="678c528d-5767-42da-a84a-15618d863786" testId="e0c2bc99-aac4-fea3-551b-c6db8bf4c994" testName="ControlParental.Service.Tests.ServiceHealthMonitorTests.GetHealthIssues_WhenAgentInCriticalState_ReturnsCriticalIssue" computerName="PC-ISIS" duration="00:00:00.0733381" startTime="2026-06-17T12:11:32.2307350-05:00" endTime="2026-06-17T12:11:32.2307352-05:00" testType="13cdc9d9-ddb5-4fa4-a97d-d965ccfc6d4b" outcome="Passed" testListId="8c84fa94-04c1-424b-9868-57a2d4851a1d" relativeResultsDirectory="678c528d-5767-42da-a84a-15618d863786" />
    <UnitTestResult executionId="c5dba270-e667-4e97-9763-1faaf735b32e" testId="20a5d601-b56a-b4d4-f1ba-6178210d4cb1" testName="ControlParental.Service.Tests.EnforcementLevelMonitorTests.EvaluateAsync_WhenAgentUnhealthy_ReturnsDegraded" computerName="PC-ISIS" duration="00:00:00.0031926" startTime="2026-06-17T12:11:32.2912556-05:00" endTime="2026-06-17T12:11:32.2912559-05:00" testType="13cdc9d9-ddb5-4fa4-a97d-d965ccfc6d4b" outcome="Passed" testListId="8c84fa94-04c1-424b-9868-57a2d4851a1d" relativeResultsDirectory="c5dba270-e667-4e97-9763-1faaf735b32e" />
    <UnitTestResult executionId="d719ee5b-2654-40b1-b0f4-e8c8d891d45b" testId="e1cf9fe9-1d51-1c7d-34d6-82911f5dfa97" testName="ControlParental.Service.Tests.ProcessTerminatorTests.TerminateAsync_WithProtectedProcess_ReturnsFalse" computerName="PC-ISIS" duration="00:00:00.0016960" startTime="2026-06-17T12:11:32.1070954-05:00" endTime="2026-06-17T12:11:32.1070954-05:00" testType="13cdc9d9-ddb5-4fa4-a97d-d965ccfc6d4b" outcome="Passed" testListId="8c84fa94-04c1-424b-9868-57a2d4851a1d" relativeResultsDirectory="d719ee5b-2654-40b1-b0f4-e8c8d891d45b" />
    <UnitTestResult executionId="518dd42f-8afe-461f-bdb9-393f62815fa4" testId="dd0270a7-6b02-9a27-236f-0cd3aa389ed7" testName="ControlParental.Service.Tests.SecretStoreTests.DeleteAsync_WhenSecretDoesNotExist_ReturnsFalse" computerName="PC-ISIS" duration="00:00:00.0024765" startTime="2026-06-17T12:11:32.4975255-05:00" endTime="2026-06-17T12:11:32.4975258-05:00" testType="13cdc9d9-ddb5-4fa4-a97d-d965ccfc6d4b" outcome="Passed" testListId="8c84fa94-04c1-424b-9868-57a2d4851a1d" relativeResultsDirectory="518dd42f-8afe-461f-bdb9-393f62815fa4" />
    <UnitTestResult executionId="3b3e30ac-83df-4f77-bbe9-55c55bde594d" testId="1a0cc4b8-dbcc-8d28-55ee-6674019d3d1c" testName="ControlParental.Service.Tests.ServiceHealthMonitorTests.RecordAgentHeartbeat_UpdatesLastAgentHeartbeat" computerName="PC-ISIS" duration="00:00:00.0100536" startTime="2026-06-17T12:11:32.2579997-05:00" endTime="2026-06-17T12:11:32.2580000-05:00" testType="13cdc9d9-ddb5-4fa4-a97d-d965ccfc6d4b" outcome="Passed" testListId="8c84fa94-04c1-424b-9868-57a2d4851a1d" relativeResultsDirectory="3b3e30ac-83df-4f77-bbe9-55c55bde594d" />
    <UnitTestResult executionId="0f602360-ab87-4052-be6b-aa4d087cd796" testId="2ef3404d-5892-ec1a-5244-e840cd45ea86" testName="ControlParental.Service.Tests.UsageReconcilerTests.ReconcileAsync_AlreadyReconciledToday_ReturnsOkWithZeroCounts" computerName="PC-ISIS" duration="00:00:00.0128004" startTime="2026-06-17T12:11:34.2006630-05:00" endTime="2026-06-17T12:11:34.2006632-05:00" testType="13cdc9d9-ddb5-4fa4-a97d-d965ccfc6d4b" outcome="Passed" testListId="8c84fa94-04c1-424b-9868-57a2d4851a1d" relativeResultsDirectory="0f602360-ab87-4052-be6b-aa4d087cd796" />
    <UnitTestResult executionId="8f155a18-9e5f-4ae4-8a8f-4c5783dc372c" testId="11bbb0ee-c0d9-20f3-e81f-cca715062226" testName="ControlParental.Service.Tests.WnsNotificationServiceTests.NeedsRenewal_WhenTokenValid_ReturnsFalse" computerName="PC-ISIS" duration="00:00:00.0006259" startTime="2026-06-17T12:11:32.4304763-05:00" endTime="2026-06-17T12:11:32.4304765-05:00" testType="13cdc9d9-ddb5-4fa4-a97d-d965ccfc6d4b" outcome="Passed" testListId="8c84fa94-04c1-424b-9868-57a2d4851a1d" relativeResultsDirectory="8f155a18-9e5f-4ae4-8a8f-4c5783dc372c" />
    <UnitTestResult executionId="7d40b4ca-b193-4163-9a74-52f1a0a53921" testId="69437851-58cd-e81c-1ac4-cd5290d4dde5" testName="ControlParental.Service.Tests.EnforcementLevelMonitorTests.EvaluateAsync_WhenServiceNotRunning_ReturnsDegraded" computerName="PC-ISIS" duration="00:00:00.0251213" startTime="2026-06-17T12:11:32.2389968-05:00" endTime="2026-06-17T12:11:32.2389970-05:00" testType="13cdc9d9-ddb5-4fa4-a97d-d965ccfc6d4b" outcome="Passed" testListId="8c84fa94-04c1-424b-9868-57a2d4851a1d" relativeResultsDirectory="7d40b4ca-b193-4163-9a74-52f1a0a53921" />
    <UnitTestResult executionId="8d3c6d6d-5f4c-42ec-bb94-fbde895eaa65" testId="d40626bc-2fa5-42cb-4c03-e8c8e911008c" testName="ControlParental.Service.Tests.OverlayPersistenceManagerTests.EnablePersistentOverlay_WithCtaLabel_StoresCtaLabel" computerName="PC-ISIS" duration="00:00:00.0002691" startTime="2026-06-17T12:11:32.1094539-05:00" endTime="2026-06-17T12:11:32.1094540-05:00" testType="13cdc9d9-ddb5-4fa4-a97d-d965ccfc6d4b" outcome="Passed" testListId="8c84fa94-04c1-424b-9868-57a2d4851a1d" relativeResultsDirectory="8d3c6d6d-5f4c-42ec-bb94-fbde895eaa65" />
    <UnitTestResult executionId="3c93f82a-96c9-474b-8238-a9f738d91856" testId="4c5cfac3-5628-b329-4529-574185b5e0b7" testName="ControlParental.Service.Tests.UsageReconcilerTests.Constructor_WithNullResolveAppId_ThrowsArgumentNullException" computerName="PC-ISIS" duration="00:00:00.0729188" startTime="2026-06-17T12:11:33.1977600-05:00" endTime="2026-06-17T12:11:33.1977601-05:00" testType="13cdc9d9-ddb5-4fa4-a97d-d965ccfc6d4b" outcome="Passed" testListId="8c84fa94-04c1-424b-9868-57a2d4851a1d" relativeResultsDirectory="3c93f82a-96c9-474b-8238-a9f738d91856" />
    <UnitTestResult executionId="e33ee6b6-0ff3-4c13-bbd2-fc4686f352e1" testId="170c3a14-bcb1-98e3-98f0-5baa117f2054" testName="ControlParental.Service.Tests.SecretStoreTests.WriteAsync_WithNullName_ReturnsFailed" computerName="PC-ISIS" duration="00:00:00.0024313" startTime="2026-06-17T12:11:32.4949076-05:00" endTime="2026-06-17T12:11:32.4949080-05:00" testType="13cdc9d9-ddb5-4fa4-a97d-d965ccfc6d4b" outcome="Passed" testListId="8c84fa94-04c1-424b-9868-57a2d4851a1d" relativeResultsDirectory="e33ee6b6-0ff3-4c13-bbd2-fc4686f352e1" />
    <UnitTestResult executionId="ba10cf0a-8a70-4547-a43f-2a1ee2848209" testId="db1d85d8-b1e5-cfe4-340c-7d5b970a83b7" testName="ControlParental.Service.Tests.BackendClientTests.FetchPolicyAsync_SendsAuthorizationBearerHeader" computerName="PC-ISIS" duration="00:00:00.0025209" startTime="2026-06-17T12:11:32.3974841-05:00" endTime="2026-06-17T12:11:32.3974843-05:00" testType="13cdc9d9-ddb5-4fa4-a97d-d965ccfc6d4b" outcome="Passed" testListId="8c84fa94-04c1-424b-9868-57a2d4851a1d" relativeResultsDirectory="ba10cf0a-8a70-4547-a43f-2a1ee2848209" />
    <UnitTestResult executionId="f2942aaa-be10-4320-ad90-30a86af10fac" testId="881ca7d5-e2cc-4c6d-9af0-2f09dfd5826c" testName="ControlParental.Service.Tests.AntiTamperMonitorTests.InitialState_TimezoneChangedDetectedIsFalse" computerName="PC-ISIS" duration="00:00:00.0004280" startTime="2026-06-17T12:11:32.4063204-05:00" endTime="2026-06-17T12:11:32.4063205-05:00" testType="13cdc9d9-ddb5-4fa4-a97d-d965ccfc6d4b" outcome="Passed" testListId="8c84fa94-04c1-424b-9868-57a2d4851a1d" relativeResultsDirectory="f2942aaa-be10-4320-ad90-30a86af10fac" />
    <UnitTestResult executionId="731948d7-d620-419a-9ba1-37445ce81ef6" testId="c0885e15-b977-d793-5034-b132af539a6b" testName="ControlParental.Service.Tests.PolicyRepositoryTests.UpsertPolicy_SameVersion_ShouldDiscard" computerName="PC-ISIS" duration="00:00:00.0015705" startTime="2026-06-17T12:11:33.4541971-05:00" endTime="2026-06-17T12:11:33.4541972-05:00" testType="13cdc9d9-ddb5-4fa4-a97d-d965ccfc6d4b" outcome="Passed" testListId="8c84fa94-04c1-424b-9868-57a2d4851a1d" relativeResultsDirectory="731948d7-d620-419a-9ba1-37445ce81ef6" />
    <UnitTestResult executionId="e28de46d-b021-40dd-a313-d37e6bfea3a5" testId="bd016710-dcfe-6cac-d801-d5dea7204a08" testName="ControlParental.Service.Tests.BackendClientTests.RegisterPushTokenAsync_WhenServerError_ReturnsFailed" computerName="PC-ISIS" duration="00:00:00.0019816" startTime="2026-06-17T12:11:32.3995500-05:00" endTime="2026-06-17T12:11:32.3995502-05:00" testType="13cdc9d9-ddb5-4fa4-a97d-d965ccfc6d4b" outcome="Passed" testListId="8c84fa94-04c1-424b-9868-57a2d4851a1d" relativeResultsDirectory="e28de46d-b021-40dd-a313-d37e6bfea3a5" />
    <UnitTestResult executionId="10817c4d-4cb0-4fc8-b33b-d1124eef7175" testId="ce02edfa-764e-8475-28bf-37f2bc6c7044" testName="ControlParental.Service.Tests.ServiceHealthMonitorTests.RecordAgentHeartbeat_SetsIsAgentHealthyTrue" computerName="PC-ISIS" duration="00:00:00.0004584" startTime="2026-06-17T12:11:32.2461288-05:00" endTime="2026-06-17T12:11:32.2461290-05:00" testType="13cdc9d9-ddb5-4fa4-a97d-d965ccfc6d4b" outcome="Passed" testListId="8c84fa94-04c1-424b-9868-57a2d4851a1d" relativeResultsDirectory="10817c4d-4cb0-4fc8-b33b-d1124eef7175" />
    <UnitTestResult executionId="ba367db4-3bea-4ee5-bf21-eae38ffa8f44" testId="1163bda7-b5ff-21ba-62fb-676215a20d7b" testName="ControlParental.Service.Tests.SecretStoreTests.ReadAsync_WithEmptyName_ReturnsFailed" computerName="PC-ISIS" duration="00:00:00.0020196" startTime="2026-06-17T12:11:32.5255441-05:00" endTime="2026-06-17T12:11:32.5255445-05:00" testType="13cdc9d9-ddb5-4fa4-a97d-d965ccfc6d4b" outcome="Passed" testListId="8c84fa94-04c1-424b-9868-57a2d4851a1d" relativeResultsDirectory="ba367db4-3bea-4ee5-bf21-eae38ffa8f44" />
    <UnitTestResult executionId="6682c6e4-892e-470e-aaa2-ede0ae7a5649" testId="8faab45f-33aa-bb97-4784-156db314e079" testName="ControlParental.Service.Tests.ServiceRecoveryManagerTests.Constructor_WithNullRecoverAgentFunc_ThrowsArgumentNullException" computerName="PC-ISIS" duration="00:00:00.0007607" startTime="2026-06-17T12:11:32.1735651-05:00" endTime="2026-06-17T12:11:32.1735653-05:00" testType="13cdc9d9-ddb5-4fa4-a97d-d965ccfc6d4b" outcome="Passed" testListId="8c84fa94-04c1-424b-9868-57a2d4851a1d" relativeResultsDirectory="6682c6e4-892e-470e-aaa2-ede0ae7a5649" />
    <UnitTestResult executionId="b0633f82-5055-4f9d-a856-401c029d3f17" testId="076d7ae3-6976-6c9f-e4f8-fb17aa159639" testName="ControlParental.Service.Tests.PolicyRepositoryTests.GetUsageSnapshot_ShouldComputeAggregates" computerName="PC-ISIS" duration="00:00:00.0501830" startTime="2026-06-17T12:11:33.4262651-05:00" endTime="2026-06-17T12:11:33.4262658-05:00" testType="13cdc9d9-ddb5-4fa4-a97d-d965ccfc6d4b" outcome="Passed" testListId="8c84fa94-04c1-424b-9868-57a2d4851a1d" relativeResultsDirectory="b0633f82-5055-4f9d-a856-401c029d3f17" />
    <UnitTestResult executionId="c5808e01-c377-45df-819a-e3b45d04cea9" testId="ce7ca2f3-8b97-3b34-6cb7-f6029b0584fd" testName="ControlParental.Service.Tests.ScheduledWorkServiceTaskSchedulerTests.StartAsync_WhenBackupServiceNull_DoesNotCrash" computerName="PC-ISIS" duration="00:00:00.0026211" startTime="2026-06-17T12:11:32.5506783-05:00" endTime="2026-06-17T12:11:32.5506787-05:00" testType="13cdc9d9-ddb5-4fa4-a97d-d965ccfc6d4b" outcome="Passed" testListId="8c84fa94-04c1-424b-9868-57a2d4851a1d" relativeResultsDirectory="c5808e01-c377-45df-819a-e3b45d04cea9" />
    <UnitTestResult executionId="5e02d60b-3617-468f-970d-5ff698a19794" testId="e7cd659f-eebc-ac8c-ecea-74afd0d57118" testName="ControlParental.Service.Tests.BackendClientTests.RegisterPushTokenAsync_WhenSuccess_ReturnsExpiresAt" computerName="PC-ISIS" duration="00:00:00.0060697" startTime="2026-06-17T12:11:32.3948649-05:00" endTime="2026-06-17T12:11:32.3948651-05:00" testType="13cdc9d9-ddb5-4fa4-a97d-d965ccfc6d4b" outcome="Passed" testListId="8c84fa94-04c1-424b-9868-57a2d4851a1d" relativeResultsDirectory="5e02d60b-3617-468f-970d-5ff698a19794" />
[...]
    <TestEntry testId="e7cff0e2-8d96-c9c9-167d-73d82053d2bc" executionId="69b24a6e-52cf-471a-99d0-1a98c6bf9bf5" testListId="8c84fa94-04c1-424b-9868-57a2d4851a1d" />
    <TestEntry testId="18405812-8a2a-67cd-08c0-5d4ec3810f1c" executionId="acb00eb1-8a0a-4f81-9d75-08cd41b82d71" testListId="8c84fa94-04c1-424b-9868-57a2d4851a1d" />
    <TestEntry testId="46447486-c0b9-2a93-ccd8-7e41c4a6445a" executionId="b9840374-e795-40c3-91a1-fb4aaf549c77" testListId="8c84fa94-04c1-424b-9868-57a2d4851a1d" />
    <TestEntry testId="47e0d60f-c05f-9040-7262-202a994520c8" executionId="f75ba400-6c83-4ecf-a257-9c844c1b2df0" testListId="8c84fa94-04c1-424b-9868-57a2d4851a1d" />
    <TestEntry testId="d6e46471-461f-4f39-cc8b-35ec27bf4d98" executionId="c6c23349-f8b6-469e-ac23-1ab891311bdd" testListId="8c84fa94-04c1-424b-9868-57a2d4851a1d" />
    <TestEntry testId="160c3faf-e745-9ab1-c5e7-9d524dc1ba51" executionId="29a41323-daf4-4cac-9e52-7200121ed033" testListId="8c84fa94-04c1-424b-9868-57a2d4851a1d" />
    <TestEntry testId="0c3b877f-1607-327e-dc4d-ee0e1239059e" executionId="fc42f03b-6855-4514-8162-941b84af3ecc" testListId="8c84fa94-04c1-424b-9868-57a2d4851a1d" />
    <TestEntry testId="36f46b0b-e4ab-191a-557a-ad60fffa31e6" executionId="9f4334d9-4dc7-4ad4-b5e2-e04ab3e67e7b" testListId="8c84fa94-04c1-424b-9868-57a2d4851a1d" />
    <TestEntry testId="be8f3ed6-3eb1-2c1a-0bd2-9d61965a1773" executionId="741f710b-7458-443a-99f1-33d3db2912d8" testListId="8c84fa94-04c1-424b-9868-57a2d4851a1d" />
    <TestEntry testId="66572c87-31df-a432-294d-d6b2dfff347a" executionId="ee5158a5-c64f-4ac2-a915-515ea522c3eb" testListId="8c84fa94-04c1-424b-9868-57a2d4851a1d" />
    <TestEntry testId="ea753d37-7811-8ded-3290-d3d4cd3b6df0" executionId="69c33ab4-872e-4621-b594-3d9f96ee6e39" testListId="8c84fa94-04c1-424b-9868-57a2d4851a1d" />
    <TestEntry testId="014186f1-8c2d-e976-1eb2-61d7e375b479" executionId="b9469563-9a58-47e5-b36d-7eac6ebac90c" testListId="8c84fa94-04c1-424b-9868-57a2d4851a1d" />
    <TestEntry testId="c81b63d4-1074-4662-c18f-1fbd2c12c5a9" executionId="c8b93042-4dd9-4369-85c5-24bdeee2138c" testListId="8c84fa94-04c1-424b-9868-57a2d4851a1d" />
    <TestEntry testId="c8f8b98c-b2c4-ba45-da08-bd3eb12a0801" executionId="f7136dbc-da77-49c1-81f8-f2375ee81656" testListId="8c84fa94-04c1-424b-9868-57a2d4851a1d" />
    <TestEntry testId="58c957ba-ca03-d719-5318-16c2d4faa6dd" executionId="7dbef515-8565-474b-99f6-6b4b3367c474" testListId="8c84fa94-04c1-424b-9868-57a2d4851a1d" />
    <TestEntry testId="56883772-f703-a5e9-fa72-436d4d06e5be" executionId="23ba680a-b554-4d9b-a0b8-6a69b6a9906d" testListId="8c84fa94-04c1-424b-9868-57a2d4851a1d" />
    <TestEntry testId="82aa9b9c-c1d7-2396-198d-83cd26f48854" executionId="5864e34d-5d17-42f0-9f16-4ba94a6afcb4" testListId="8c84fa94-04c1-424b-9868-57a2d4851a1d" />
    <TestEntry testId="402358d1-86e4-3a8b-660b-8635c241b50a" executionId="31c4feee-7efb-4e35-91e7-e93baa632c28" testListId="8c84fa94-04c1-424b-9868-57a2d4851a1d" />
    <TestEntry testId="439f6928-a385-9925-079a-fdb3cdb5148c" executionId="3ae1e369-6c7d-4b4e-9f69-49b824d5d8da" testListId="8c84fa94-04c1-424b-9868-57a2d4851a1d" />
    <TestEntry testId="27459498-65da-3953-8953-f8153cffbaf7" executionId="c88bc907-c51f-4b09-9b85-453cd8e7984d" testListId="8c84fa94-04c1-424b-9868-57a2d4851a1d" />
    <TestEntry testId="80effdb6-b527-5d41-4583-5f79ddefeacc" executionId="32c6bd7c-6267-4371-bcc4-9f8ad088b341" testListId="8c84fa94-04c1-424b-9868-57a2d4851a1d" />
    <TestEntry testId="af6cb261-9132-efbd-d1be-e6f721c60aae" executionId="98c0608f-610a-4f99-a4d5-2d3e4c73cc05" testListId="8c84fa94-04c1-424b-9868-57a2d4851a1d" />
    <TestEntry testId="33fafa25-2df7-ddc7-a03c-91b6a1a8802f" executionId="d061b5b5-9ba0-4209-919d-6711451325e1" testListId="8c84fa94-04c1-424b-9868-57a2d4851a1d" />
    <TestEntry testId="389e7963-b762-5139-fafb-a7024f2257a9" executionId="1a0141cf-b4b1-4bad-bd5f-30839e673313" testListId="8c84fa94-04c1-424b-9868-57a2d4851a1d" />
    <TestEntry testId="479c3752-0ba4-1401-59fb-4cfb4de5bfdc" executionId="a1286e69-aaf4-4c2a-afc6-5bf0ad43d376" testListId="8c84fa94-04c1-424b-9868-57a2d4851a1d" />
    <TestEntry testId="f1bbf46a-70e0-edee-469c-840366e7f571" executionId="5d3a8106-cae7-465a-9127-5376613533be" testListId="8c84fa94-04c1-424b-9868-57a2d4851a1d" />
    <TestEntry testId="822c17b1-bcad-4e60-c88a-8bca468d2a97" executionId="d747e4e4-39a1-4b5e-9034-74f79257b3b6" testListId="8c84fa94-04c1-424b-9868-57a2d4851a1d" />
    <TestEntry testId="eda1bce1-74e1-a35a-ce65-aeb0a0c0e132" executionId="dce82b9d-56a9-4c78-89f0-9e7ae4a92bfb" testListId="8c84fa94-04c1-424b-9868-57a2d4851a1d" />
    <TestEntry testId="b4b93ae7-5d40-4e8d-f078-36377859ed99" executionId="03dcc695-b14e-40f2-9675-d46e8b5f9906" testListId="8c84fa94-04c1-424b-9868-57a2d4851a1d" />
    <TestEntry testId="0e97d8e0-5681-7c69-a92c-ced19b6dcbde" executionId="1c9663f3-f67b-4072-8fb1-ba00187af441" testListId="8c84fa94-04c1-424b-9868-57a2d4851a1d" />
    <TestEntry testId="3e2d036f-2d48-910f-b58e-c7fdc137564c" executionId="c38c3932-244d-45e1-a8dc-8990e9c2b6ac" testListId="8c84fa94-04c1-424b-9868-57a2d4851a1d" />
    <TestEntry testId="5ac26f7c-f21c-19ba-5fa5-9070e86df6c4" executionId="f4ad1a03-8171-4ea3-8222-c42bd12548ae" testListId="8c84fa94-04c1-424b-9868-57a2d4851a1d" />
    <TestEntry testId="5a0ff4e3-7703-3e6d-8762-283fa6d499f7" executionId="debf950b-f261-45d9-a58d-ed81c941f31c" testListId="8c84fa94-04c1-424b-9868-57a2d4851a1d" />
    <TestEntry testId="eee1fcf5-1a99-94db-6e97-ae3a2ecae42a" executionId="8bdf3ce9-f869-46fa-89cc-064b5dddee74" testListId="8c84fa94-04c1-424b-9868-57a2d4851a1d" />
    <TestEntry testId="5aa0a502-e064-275f-a09b-23c05b5ed20c" executionId="241bc100-d873-4928-a0e6-37c9c456c2eb" testListId="8c84fa94-04c1-424b-9868-57a2d4851a1d" />
    <TestEntry testId="b1bb5b4c-1928-bae9-e92d-5bcabe681dc8" executionId="d6d08e4c-6d44-4a4d-8bfa-78163f3cbf68" testListId="8c84fa94-04c1-424b-9868-57a2d4851a1d" />
    <TestEntry testId="6dec5ca8-2d57-8109-c511-b9d880133c68" executionId="c273767e-c204-475a-9f70-56060f54007e" testListId="8c84fa94-04c1-424b-9868-57a2d4851a1d" />
    <TestEntry testId="ac63b8ce-f64a-7f13-8735-ac5f66d42b74" executionId="9cb72f27-5382-42ee-8ef3-356eeff32e7a" testListId="8c84fa94-04c1-424b-9868-57a2d4851a1d" />
    <TestEntry testId="a9cd5420-f68c-3bec-f056-be47fa6a4e84" executionId="666db9c5-7b39-4cdc-af5c-b2d251ee53ff" testListId="8c84fa94-04c1-424b-9868-57a2d4851a1d" />
    <TestEntry testId="2d433740-76da-260a-de79-66926dd3aaac" executionId="67686ab7-a638-429b-a172-814c83a43db1" testListId="8c84fa94-04c1-424b-9868-57a2d4851a1d" />
    <TestEntry testId="21b822f7-6a75-bc8c-0f9a-efa4c15fb1cd" executionId="4ec968a0-629e-44ba-8d5a-ddcfc08b97c7" testListId="8c84fa94-04c1-424b-9868-57a2d4851a1d" />
    <TestEntry testId="c0b88eb3-6766-40c3-7f4a-5a5b093bcfe8" executionId="316e338d-7709-40ed-a533-b63db007cc73" testListId="8c84fa94-04c1-424b-9868-57a2d4851a1d" />
    <TestEntry testId="8bf391c9-dd56-fcf4-f78d-c869ed4048f8" executionId="02954422-d6b2-45ae-b68a-dd99a508331b" testListId="8c84fa94-04c1-424b-9868-57a2d4851a1d" />
    <TestEntry testId="71a48ef8-df3d-413e-78df-6a21f4f18a26" executionId="333e1b07-4984-48d0-8dae-da2377bf438d" testListId="8c84fa94-04c1-424b-9868-57a2d4851a1d" />
    <TestEntry testId="e8befe14-efd3-a3bf-4a92-e0743ca20f2c" executionId="3e45ad86-ba1f-4ab3-8688-ca6804156ead" testListId="8c84fa94-04c1-424b-9868-57a2d4851a1d" />
    <TestEntry testId="f9208bac-7b32-b95a-8741-393ad11fe716" executionId="cb6a3305-c9f9-49b6-9ed8-9d48cba675d0" testListId="8c84fa94-04c1-424b-9868-57a2d4851a1d" />
    <TestEntry testId="15b3366f-c940-2280-fd12-18b97b463c66" executionId="86bb2583-b0c0-4f86-bc31-9e4f7d9a0839" testListId="8c84fa94-04c1-424b-9868-57a2d4851a1d" />
    <TestEntry testId="6ea966a3-6201-4fa9-b0c9-60f4b289b31e" executionId="210cee2d-24f4-4d8d-8fed-416fe44892a9" testListId="8c84fa94-04c1-424b-9868-57a2d4851a1d" />
    <TestEntry testId="6d36fa36-872a-c44e-be78-9326740d6dbf" executionId="239e695a-d23f-4dd8-8c7d-fa9ba57c9b22" testListId="8c84fa94-04c1-424b-9868-57a2d4851a1d" />
    <TestEntry testId="4cd90221-d3b3-3fd1-1a01-dcfe52f9b941" executionId="58c20d1d-5e11-47e7-9337-7edbdf045597" testListId="8c84fa94-04c1-424b-9868-57a2d4851a1d" />
    <TestEntry testId="e45c3e89-9877-3a6f-e18a-ddb78989469a" executionId="a3aaedee-028f-4cf5-a75a-91c9829652d5" testListId="8c84fa94-04c1-424b-9868-57a2d4851a1d" />
    <TestEntry testId="d3f9fba5-0db6-8ee3-8541-f9aa9306534b" executionId="f1a2c871-0e61-4970-b188-e72cbd093109" testListId="8c84fa94-04c1-424b-9868-57a2d4851a1d" />
    <TestEntry testId="53e40141-56f2-197e-81ea-64c9cafad76f" executionId="3410499d-1161-4c6f-a0a8-7b2200d97c98" testListId="8c84fa94-04c1-424b-9868-57a2d4851a1d" />
    <TestEntry testId="cbbfb54f-e6cd-bc0e-abfc-a9fda36ebeb8" executionId="cb5e546d-fe76-404b-9050-447bf7d8cbe0" testListId="8c84fa94-04c1-424b-9868-57a2d4851a1d" />
    <TestEntry testId="3efc349d-61ba-d092-8fc9-9e6f09ec3594" executionId="fd7e505f-7493-4d43-86ff-34023044a2ed" testListId="8c84fa94-04c1-424b-9868-57a2d4851a1d" />
    <TestEntry testId="d27d903a-8d52-d31b-0079-31977ed1938f" executionId="5f5fa2c3-559f-4f6d-82b8-5cfa31f1d67f" testListId="8c84fa94-04c1-424b-9868-57a2d4851a1d" />
    <TestEntry testId="150ef620-251e-6113-68b6-65efa8ea7642" executionId="3f28987e-6fc0-4d4f-8922-1b489de1defd" testListId="8c84fa94-04c1-424b-9868-57a2d4851a1d" />
    <TestEntry testId="6f6cb72e-17ec-8a1a-9aa1-3134da1e3be6" executionId="7d38a1c0-305b-43f8-a268-2e8db2ae7cc6" testListId="8c84fa94-04c1-424b-9868-57a2d4851a1d" />
    <TestEntry testId="a7d3d938-ddef-2043-75b0-782de1196b60" executionId="b23ca13f-6770-4e0b-8ca2-42f5a8af488a" testListId="8c84fa94-04c1-424b-9868-57a2d4851a1d" />
    <TestEntry testId="11f4ef4c-0032-8ba8-61b8-879eec9ca40b" executionId="0b903285-6fd5-400b-b2b0-670817cdf3ef" testListId="8c84fa94-04c1-424b-9868-57a2d4851a1d" />
    <TestEntry testId="755523a9-24c7-610c-9b76-f2888ffad199" executionId="2a19c94d-7eef-47e1-bedf-eb9b864cbf36" testListId="8c84fa94-04c1-424b-9868-57a2d4851a1d" />
    <TestEntry testId="1a7e8d14-b7f7-1c5e-b7f5-1af01ddc1629" executionId="6619c393-52d0-4a5b-946c-c6d494d3db5e" testListId="8c84fa94-04c1-424b-9868-57a2d4851a1d" />
    <TestEntry testId="4b56c3c2-fea9-31d4-47d6-a5a3ac1ac10f" executionId="1d1c2b63-f54a-4814-a60f-89acbff16521" testListId="8c84fa94-04c1-424b-9868-57a2d4851a1d" />
    <TestEntry testId="8a0355ba-fd8a-b7a3-d7fa-f486d3ef721a" executionId="e504f07f-22d4-46a4-b3d3-4762d759e06c" testListId="8c84fa94-04c1-424b-9868-57a2d4851a1d" />
    <TestEntry testId="9aa57e16-d0f9-2fb6-9a5e-2993ea864661" executionId="729c1f11-2575-4a31-9a32-a621801d9656" testListId="8c84fa94-04c1-424b-9868-57a2d4851a1d" />
    <TestEntry testId="3af96d88-e3fa-084e-df89-36b8f522386c" executionId="383a920e-5395-4388-9948-61c5bb610505" testListId="8c84fa94-04c1-424b-9868-57a2d4851a1d" />
    <TestEntry testId="5e7d71fe-f8e3-60de-1304-ff568cc2bde2" executionId="a66425dc-15e0-4dc8-b89c-af8ab4e4a78f" testListId="8c84fa94-04c1-424b-9868-57a2d4851a1d" />
    <TestEntry testId="a96cec0e-299e-4ee2-debe-838b415c2f24" executionId="b23e1c45-848a-4f8c-8af3-61fd5a1fd7e0" testListId="8c84fa94-04c1-424b-9868-57a2d4851a1d" />
    <TestEntry testId="fb4ba7e5-b886-5c97-a309-aca9523548b0" executionId="6e0bcda8-7c9e-467a-bd2e-93539d168452" testListId="8c84fa94-04c1-424b-9868-57a2d4851a1d" />
    <TestEntry testId="45c8ef6f-33fa-741d-a0bf-f78526c9ed90" executionId="0a432c5b-86a8-453a-90cf-f6b07fa26699" testListId="8c84fa94-04c1-424b-9868-57a2d4851a1d" />
    <TestEntry testId="60c338e4-db6e-759f-4783-0121629d96f8" executionId="f2d0fd56-0fdf-4ca5-89ff-78bae6d025b0" testListId="8c84fa94-04c1-424b-9868-57a2d4851a1d" />
    <TestEntry testId="337a400c-2fe8-8e45-507d-6d28d20e52cf" executionId="3c9d471f-7097-4c15-b712-8d8c86c74307" testListId="8c84fa94-04c1-424b-9868-57a2d4851a1d" />
    <TestEntry testId="c3a5ee51-84c2-6063-e7f7-61ed48a20b41" executionId="6df0a158-09ad-4cbf-a7fb-0340f103cc1c" testListId="8c84fa94-04c1-424b-9868-57a2d4851a1d" />
    <TestEntry testId="3c5b9eaa-ae10-852c-f154-46143708f72c" executionId="f1bf2b08-8663-496a-99c1-96e5cbba32da" testListId="8c84fa94-04c1-424b-9868-57a2d4851a1d" />
    <TestEntry testId="364cc4c6-3a68-5885-2efb-9a938d08c846" executionId="fadf2216-a7ea-4554-b395-704488ffe8b2" testListId="8c84fa94-04c1-424b-9868-57a2d4851a1d" />
    <TestEntry testId="c3c6200b-bd70-c7bf-5196-473e3f141660" executionId="32766f59-5954-4804-aef1-17bc7dcc840a" testListId="8c84fa94-04c1-424b-9868-57a2d4851a1d" />
    <TestEntry testId="faa2faee-85f0-43ee-e43b-500797bb0f74" executionId="dc19530c-dda2-4c93-9954-12103f08d0ce" testListId="8c84fa94-04c1-424b-9868-57a2d4851a1d" />
    <TestEntry testId="314e7713-2de5-8c49-05ab-8963825b14d0" executionId="ddb0613b-95d9-46c0-95c1-053e8994d4d9" testListId="8c84fa94-04c1-424b-9868-57a2d4851a1d" />
    <TestEntry testId="2594d19a-eb01-183d-bc85-1e84cb4fb1e3" executionId="81c9a209-0b0e-4560-8af7-4c45eb6a4625" testListId="8c84fa94-04c1-424b-9868-57a2d4851a1d" />
    <TestEntry testId="30a87971-7ff5-0127-8868-01b1ed58dc4d" executionId="b5d9eb70-ff01-4a55-9edf-fb9dbf618e1a" testListId="8c84fa94-04c1-424b-9868-57a2d4851a1d" />
    <TestEntry testId="95f61bc4-df69-3031-b47c-6eb5817f42d2" executionId="9fe8c5fa-201e-4d9b-9fc8-919f88abbb85" testListId="8c84fa94-04c1-424b-9868-57a2d4851a1d" />
    <TestEntry testId="4ef8add0-af84-7475-d7b5-efef1c45d268" executionId="b764cabd-f7c1-4a25-bd44-0ba55e43a2db" testListId="8c84fa94-04c1-424b-9868-57a2d4851a1d" />
    <TestEntry testId="c77682c4-078e-6ad5-3b99-a16dab43a57d" executionId="204fc746-e6ae-4919-80eb-50d0d95f1454" testListId="8c84fa94-04c1-424b-9868-57a2d4851a1d" />
    <TestEntry testId="10eff630-c419-6ea4-a37c-d580167e8d5f" executionId="1a756fd5-72a0-4f4f-bb8b-fb78457dae7e" testListId="8c84fa94-04c1-424b-9868-57a2d4851a1d" />
    <TestEntry testId="bdc67699-4bfe-5556-aeef-e9df14bb3a56" executionId="4eb056b2-2907-420e-9fda-cb12772f4b41" testListId="8c84fa94-04c1-424b-9868-57a2d4851a1d" />
    <TestEntry testId="aba63ba5-f17b-0d3f-bc1f-272f54417950" executionId="c08772fc-1cba-4155-8530-edec0c3b8975" testListId="8c84fa94-04c1-424b-9868-57a2d4851a1d" />
    <TestEntry testId="21983ff0-61b1-8a35-23b6-3da410b58b07" executionId="4c73e48c-8263-41a4-ba66-7200d110a5c1" testListId="8c84fa94-04c1-424b-9868-57a2d4851a1d" />
    <TestEntry testId="e84ef467-251c-efb1-7f68-d336b48b9274" executionId="bfa2bb7d-08c1-45d6-bb9e-d983960f67c2" testListId="8c84fa94-04c1-424b-9868-57a2d4851a1d" />
    <TestEntry testId="5f26d4b8-07d0-a39a-f59e-1e94231bd00e" executionId="3c2b7b29-5116-40d3-aea3-a1d255708363" testListId="8c84fa94-04c1-424b-9868-57a2d4851a1d" />
    <TestEntry testId="3ca57606-58a1-7a70-7a91-0ff224aa68b9" executionId="ed025f79-4666-46ba-a4da-b86446f5237d" testListId="8c84fa94-04c1-424b-9868-57a2d4851a1d" />
    <TestEntry testId="75bf1ca5-7cf9-5818-12a3-1a01affc3add" executionId="e266fe9e-eb8c-4805-a2c4-7126c3a3fbe1" testListId="8c84fa94-04c1-424b-9868-57a2d4851a1d" />
    <TestEntry testId="d750ef20-61a8-adb2-7c1e-cc661a101c57" executionId="68eb0747-5bf3-47d2-a001-1a5f65e6540b" testListId="8c84fa94-04c1-424b-9868-57a2d4851a1d" />
    <TestEntry testId="0c1bfe59-2ae2-e4e5-5df2-f44522dafbdb" executionId="05db3e25-5493-48d8-ab2c-4a82bcf19cfb" testListId="8c84fa94-04c1-424b-9868-57a2d4851a1d" />
    <TestEntry testId="94d9291f-26c7-affd-e628-ffe32848f84e" executionId="fd7c693a-84e0-4f44-83a3-1c01e130bc7c" testListId="8c84fa94-04c1-424b-9868-57a2d4851a1d" />
    <TestEntry testId="31caf933-3b3b-a01b-ae31-ad246ce947bc" executionId="8c725b1a-52b1-4f9f-ac40-fc6611bd4e45" testListId="8c84fa94-04c1-424b-9868-57a2d4851a1d" />
    <TestEntry testId="0f8fd7f8-6150-b7ee-59e5-2c82ba6433c1" executionId="f137707b-f364-4078-9fda-3d3cf8b41848" testListId="8c84fa94-04c1-424b-9868-57a2d4851a1d" />
    <TestEntry testId="942d414b-5355-0a90-fd3d-1dc600e4e7c5" executionId="22322408-a735-4d98-9282-333871c26d38" testListId="8c84fa94-04c1-424b-9868-57a2d4851a1d" />
    <TestEntry testId="1bc3d645-c9ba-e890-8541-d300b246946c" executionId="324123a1-665e-4f8f-ac8b-9160c3aeffea" testListId="8c84fa94-04c1-424b-9868-57a2d4851a1d" />
    <TestEntry testId="8a5ff98f-713b-f508-bb65-8759b85b7b37" executionId="89f2fd22-49a0-4892-8e4f-4a8d7b4da0b4" testListId="8c84fa94-04c1-424b-9868-57a2d4851a1d" />
    <TestEntry testId="013a8896-142a-2da2-23bb-178d5f42cd4c" executionId="ce7e0649-56e7-4863-88bd-145575ec40f9" testListId="8c84fa94-04c1-424b-9868-57a2d4851a1d" />
    <TestEntry testId="f25bb732-5a31-1bfa-965e-f01bcff99f26" executionId="8b29a9aa-38ec-460a-b940-0ce0551f54d4" testListId="8c84fa94-04c1-424b-9868-57a2d4851a1d" />
    <TestEntry testId="762e6e0f-c40d-15d1-cb12-446b36d7a62a" executionId="e972c58e-e68e-4d58-a84e-66b063aa6ea6" testListId="8c84fa94-04c1-424b-9868-57a2d4851a1d" />
    <TestEntry testId="ce6caa2d-539c-2066-d96e-165a6b970873" executionId="ed1f6c70-8f99-41bf-afa3-0d7028df3a2d" testListId="8c84fa94-04c1-424b-9868-57a2d4851a1d" />
    <TestEntry testId="f838b489-7088-a73c-df3a-83b5669bb310" executionId="6d2b7182-5ea1-4635-b9a7-c0359cfa59b5" testListId="8c84fa94-04c1-424b-9868-57a2d4851a1d" />
    <TestEntry testId="582bf476-58c5-f6f6-274f-1d3cb26ac558" executionId="6e060923-e0db-4024-a827-69d57dad4696" testListId="8c84fa94-04c1-424b-9868-57a2d4851a1d" />
    <TestEntry testId="d1c44b26-7ffa-1ff6-de04-a1ff736442d1" executionId="488e9cd4-d8c9-4cea-8f23-b22ef3a83a56" testListId="8c84fa94-04c1-424b-9868-57a2d4851a1d" />
    <TestEntry testId="48da672b-2232-edef-24bc-37cfdef60386" executionId="8e3a2b10-1beb-4e44-8a8a-a3202792006b" testListId="8c84fa94-04c1-424b-9868-57a2d4851a1d" />
  </TestEntries>
  <TestLists>
    <TestList name="Resultados sin formato de lista" id="8c84fa94-04c1-424b-9868-57a2d4851a1d" />
    <TestList name="Todos los resultados cargados" id="19431567-8539-422a-85d7-44ee4e166bda" />
  </TestLists>
  <ResultSummary outcome="Completed">
    <Counters total="405" executed="405" passed="405" failed="0" error="0" timeout="0" aborted="0" inconclusive="0" passedButRunAborted="0" notRunnable="0" notExecuted="0" disconnected="0" warning="0" completed="0" inProgress="0" pending="0" />
    <Output>
      <StdOut>[xUnit.net 00:00:00.00] xUnit.net VSTest Adapter v2.8.2+699d445a1a (64-bit .NET 9.0.17)&#xD;
[xUnit.net 00:00:00.11]   Discovering: ControlParental.Service.Tests&#xD;
[xUnit.net 00:00:00.20]   Discovered:  ControlParental.Service.Tests&#xD;
[xUnit.net 00:00:00.20]   Starting:    ControlParental.Service.Tests&#xD;
info: Microsoft.Hosting.Lifetime[0]&#xD;
      Application started. Press Ctrl+C to shut down.&#xD;
info: Microsoft.Hosting.Lifetime[0]&#xD;
      Hosting environment: Production&#xD;
info: Microsoft.Hosting.Lifetime[0]&#xD;
      Content root path: C:\Users\Usuario\Desktop\Proyectos\ControlParental\tests\ControlParental.Service.Tests\bin\Debug\net9.0-windows10.0.19041.0&#xD;
info: Microsoft.Hosting.Lifetime[0]&#xD;
      Application is shutting down...&#xD;
info: Microsoft.Hosting.Lifetime[0]&#xD;
      Application started. Press Ctrl+C to shut down.&#xD;
info: Microsoft.Hosting.Lifetime[0]&#xD;
      Hosting environment: Production&#xD;
info: Microsoft.Hosting.Lifetime[0]&#xD;
      Content root path: C:\Users\Usuario\Desktop\Proyectos\ControlParental\tests\ControlParental.Service.Tests\bin\Debug\net9.0-windows10.0.19041.0&#xD;
info: Microsoft.Hosting.Lifetime[0]&#xD;
      Application started. Press Ctrl+C to shut down.&#xD;
info: Microsoft.Hosting.Lifetime[0]&#xD;
      Hosting environment: Production&#xD;
info: Microsoft.Hosting.Lifetime[0]&#xD;
      Content root path: C:\Users\Usuario\Desktop\Proyectos\ControlParental\tests\ControlParental.Service.Tests\bin\Debug\net9.0-windows10.0.19041.0&#xD;
[xUnit.net 00:00:10.51]   Finished:    ControlParental.Service.Tests&#xD;
</StdOut>
    </Output>
  </ResultSummary>
</TestRun>