<?xml version="1.0" encoding="utf-8"?>
<coverage line-rate="0.0392" branch-rate="0.057300000000000004" version="1.9" timestamp="1781722259" lines-covered="98" lines-valid="2499" branches-covered="29" branches-valid="506">
  <sources>
    <source>C:\Users\Usuario\Desktop\Proyectos\ControlParental\src\</source>
  </sources>
  <packages>
    <package name="ControlParental.App.UI" line-rate="0.6437999999999999" branch-rate="0.58" complexity="58">
      <classes>
        <class name="ControlParental.App.UI.Program/&lt;Main&gt;d__0" filename="ControlParental.App.UI\Program.cs" line-rate="0" branch-rate="1" complexity="1">
          <methods>
            <method name="MoveNext" signature="()" line-rate="0" branch-rate="1" complexity="1">
              <lines>
                <line number="14" hits="0" branch="False" />
                <line number="15" hits="0" branch="False" />
                <line number="16" hits="0" branch="False" />
                <line number="17" hits="0" branch="False" />
                <line number="18" hits="0" branch="False" />
              </lines>
            </method>
          </methods>
          <lines>
            <line number="14" hits="0" branch="False" />
            <line number="15" hits="0" branch="False" />
            <line number="16" hits="0" branch="False" />
            <line number="17" hits="0" branch="False" />
            <line number="18" hits="0" branch="False" />
          </lines>
        </class>
        <class name="ControlParental.App.UI.RealtimeChannelAdapter" filename="ControlParental.App.UI\RealtimeChannelAdapter.cs" line-rate="0" branch-rate="0" complexity="13">
          <methods>
            <method name="get_IsSubscribed" signature="()" line-rate="0" branch-rate="0" complexity="2">
              <lines>
                <line number="32" hits="0" branch="True" condition-coverage="0% (0/2)">
                  <conditions>
                    <condition number="6" type="jump" coverage="0%" />
                  </conditions>
                </line>
              </lines>
            </method>
            <method name="SubscribeAsync" signature="()" line-rate="0" branch-rate="1" complexity="1">
              <lines>
                <line number="35" hits="0" branch="False" />
              </lines>
            </method>
            <method name="Unsubscribe" signature="()" line-rate="0" branch-rate="1" complexity="1">
              <lines>
                <line number="38" hits="0" branch="False" />
              </lines>
            </method>
            <method name="OnBroadcast" signature="(Supabase.Realtime.Interfaces.IRealtimeBroadcast,Supabase.Realtime.Models.BaseBroadcast)" line-rate="0" branch-rate="0" complexity="6">
              <lines>
                <line number="44" hits="0" branch="False" />
                <line number="45" hits="0" branch="True" condition-coverage="0% (0/4)">
                  <conditions>
                    <condition number="2" type="jump" coverage="0%" />
                    <condition number="13" type="jump" coverage="0%" />
                  </conditions>
                </line>
                <line number="46" hits="0" branch="False" />
                <line number="47" hits="0" branch="False" />
                <line number="49" hits="0" branch="True" condition-coverage="0% (0/2)">
                  <conditions>
                    <condition number="41" type="jump" coverage="0%" />
                  </conditions>
                </line>
                <line number="50" hits="0" branch="False" />
              </lines>
            </method>
            <method name="Dispose" signature="()" line-rate="0" branch-rate="0" complexity="2">
              <lines>
                <line number="54" hits="0" branch="False" />
                <line number="55" hits="0" branch="True" condition-coverage="0% (0/2)">
                  <conditions>
                    <condition number="9" type="jump" coverage="0%" />
                  </conditions>
                </line>
                <line number="56" hits="0" branch="False" />
                <line number="57" hits="0" branch="False" />
                <line number="60" hits="0" branch="False" />
                <line number="61" hits="0" branch="False" />
                <line number="62" hits="0" branch="False" />
                <line number="63" hits="0" branch="False" />
              </lines>
            </method>
            <method name=".ctor" signature="(Supabase.Realtime.RealtimeChannel,Supabase.Realtime.RealtimeBroadcast`1&lt;Supabase.Realtime.Models.BaseBroadcast&gt;)" line-rate="0" branch-rate="1" complexity="1">
              <lines>
                <line number="22" hits="0" branch="False" />
                <line number="23" hits="0" branch="False" />
                <line number="24" hits="0" branch="False" />
                <line number="25" hits="0" branch="False" />
                <line number="26" hits="0" branch="False" />
                <line number="27" hits="0" branch="False" />
                <line number="28" hits="0" branch="False" />
                <line number="29" hits="0" branch="False" />
              </lines>
            </method>
          </methods>
          <lines>
            <line number="32" hits="0" branch="True" condition-coverage="0% (0/2)">
              <conditions>
                <condition number="6" type="jump" coverage="0%" />
              </conditions>
            </line>
            <line number="35" hits="0" branch="False" />
            <line number="38" hits="0" branch="False" />
            <line number="44" hits="0" branch="False" />
            <line number="45" hits="0" branch="True" condition-coverage="0% (0/4)">
              <conditions>
                <condition number="2" type="jump" coverage="0%" />
                <condition number="13" type="jump" coverage="0%" />
              </conditions>
            </line>
            <line number="46" hits="0" branch="False" />
            <line number="47" hits="0" branch="False" />
            <line number="49" hits="0" branch="True" condition-coverage="0% (0/2)">
              <conditions>
                <condition number="41" type="jump" coverage="0%" />
              </conditions>
            </line>
            <line number="50" hits="0" branch="False" />
            <line number="54" hits="0" branch="False" />
            <line number="55" hits="0" branch="True" condition-coverage="0% (0/2)">
              <conditions>
                <condition number="9" type="jump" coverage="0%" />
              </conditions>
            </line>
            <line number="56" hits="0" branch="False" />
            <line number="57" hits="0" branch="False" />
            <line number="60" hits="0" branch="False" />
            <line number="61" hits="0" branch="False" />
            <line number="62" hits="0" branch="False" />
            <line number="63" hits="0" branch="False" />
            <line number="22" hits="0" branch="False" />
            <line number="23" hits="0" branch="False" />
            <line number="24" hits="0" branch="False" />
            <line number="25" hits="0" branch="False" />
            <line number="26" hits="0" branch="False" />
            <line number="27" hits="0" branch="False" />
            <line number="28" hits="0" branch="False" />
            <line number="29" hits="0" branch="False" />
          </lines>
        </class>
        <class name="ControlParental.App.UI.RealtimeSubscriber" filename="ControlParental.App.UI\RealtimeSubscriber.cs" line-rate="0.8170000000000001" branch-rate="0.6562" complexity="36">
          <methods>
            <method name="get_IsConnected" signature="()" line-rate="1" branch-rate="1" complexity="1">
              <lines>
                <line number="67" hits="3" branch="False" />
                <line number="68" hits="3" branch="False" />
                <line number="69" hits="3" branch="False" />
                <line number="70" hits="3" branch="False" />
                <line number="72" hits="3" branch="False" />
              </lines>
            </method>
            <method name="ConnectAsync" signature="(System.Threading.CancellationToken)" line-rate="0.6666" branch-rate="0.5" complexity="2">
              <lines>
                <line number="77" hits="9" branch="False" />
                <line number="78" hits="9" branch="True" condition-coverage="50% (1/2)">
                  <conditions>
                    <condition number="9" type="jump" coverage="50%" />
                  </conditions>
                </line>
                <line number="79" hits="0" branch="False" />
                <line number="80" hits="0" branch="False" />
                <line number="83" hits="9" branch="False" />
                <line number="84" hits="9" branch="False" />
              </lines>
            </method>
            <method name="DisconnectAsync" signature="(System.Threading.CancellationToken)" line-rate="1" branch-rate="1" complexity="1">
              <lines>
                <line number="88" hits="12" branch="False" />
                <line number="89" hits="12" branch="False" />
                <line number="90" hits="12" branch="False" />
              </lines>
            </method>
            <method name="HandlePolicyBroadcast" signature="(System.Object,ControlParental.Domain.Broadcast)" line-rate="0.7333" branch-rate="0.75" complexity="8">
              <lines>
                <line number="146" hits="2" branch="False" />
                <line number="148" hits="2" branch="False" />
                <line number="150" hits="2" branch="True" condition-coverage="83.33% (5/6)">
                  <conditions>
                    <condition number="20" type="jump" coverage="100%" />
                    <condition number="23" type="jump" coverage="50%" />
                    <condition number="46" type="jump" coverage="100%" />
                  </conditions>
                </line>
                <line number="151" hits="2" branch="False" />
                <line number="152" hits="1" branch="False" />
                <line number="153" hits="1" branch="True" condition-coverage="50% (1/2)">
                  <conditions>
                    <condition number="56" type="jump" coverage="50%" />
                  </conditions>
                </line>
                <line number="154" hits="1" branch="False" />
                <line number="155" hits="1" branch="False" />
                <line number="156" hits="1" branch="False" />
                <line number="157" hits="2" branch="False" />
                <line number="158" hits="0" branch="False" />
                <line number="159" hits="0" branch="False" />
                <line number="160" hits="0" branch="False" />
                <line number="161" hits="0" branch="False" />
                <line number="162" hits="2" branch="False" />
              </lines>
            </method>
            <method name="HandleGrantBroadcast" signature="(System.Object,ControlParental.Domain.Broadcast)" line-rate="0.8" branch-rate="0.75" complexity="12">
              <lines>
                <line number="165" hits="2" branch="False" />
                <line number="167" hits="2" branch="False" />
                <line number="169" hits="2" branch="True" condition-coverage="100% (4/4)">
                  <conditions>
                    <condition number="20" type="jump" coverage="100%" />
                    <condition number="45" type="jump" coverage="100%" />
                  </conditions>
                </line>
                <line number="170" hits="2" branch="False" />
                <line number="171" hits="1" branch="False" />
                <line number="172" hits="1" branch="True" condition-coverage="50% (1/2)">
                  <conditions>
                    <condition number="49" type="jump" coverage="50%" />
                  </conditions>
                </line>
                <line number="173" hits="1" branch="True" condition-coverage="50% (1/2)">
                  <conditions>
                    <condition number="67" type="jump" coverage="50%" />
                  </conditions>
                </line>
                <line number="175" hits="1" branch="True" condition-coverage="100% (2/2)">
                  <conditions>
                    <condition number="99" type="jump" coverage="100%" />
                  </conditions>
                </line>
                <line number="176" hits="1" branch="False" />
                <line number="177" hits="1" branch="True" condition-coverage="50% (1/2)">
                  <conditions>
                    <condition number="109" type="jump" coverage="50%" />
                  </conditions>
                </line>
                <line number="178" hits="1" branch="False" />
                <line number="179" hits="1" branch="False" />
                <line number="180" hits="1" branch="False" />
                <line number="181" hits="1" branch="False" />
                <line number="182" hits="2" branch="False" />
                <line number="183" hits="0" branch="False" />
                <line number="184" hits="0" branch="False" />
                <line number="185" hits="0" branch="False" />
                <line number="186" hits="0" branch="False" />
                <line number="187" hits="2" branch="False" />
              </lines>
            </method>
            <method name="OnEnteredForeground" signature="(System.Object,System.EventArgs)" line-rate="0" branch-rate="1" complexity="1">
              <lines>
                <line number="190" hits="0" branch="False" />
                <line number="191" hits="0" branch="False" />
                <line number="192" hits="0" branch="False" />
              </lines>
            </method>
            <method name="OnEnteredBackground" signature="(System.Object,System.EventArgs)" line-rate="1" branch-rate="1" complexity="1">
              <lines>
                <line number="195" hits="1" branch="False" />
                <line number="196" hits="1" branch="False" />
                <line number="197" hits="1" branch="False" />
              </lines>
            </method>
            <method name="Dispose" signature="()" line-rate="0.8181" branch-rate="0.5" complexity="2">
              <lines>
                <line number="203" hits="8" branch="False" />
                <line number="204" hits="8" branch="True" condition-coverage="50% (1/2)">
                  <conditions>
                    <condition number="9" type="jump" coverage="50%" />
                  </conditions>
                </line>
                <line number="205" hits="0" branch="False" />
                <line number="206" hits="0" branch="False" />
                <line number="209" hits="8" branch="False" />
                <line number="211" hits="8" branch="False" />
                <line number="212" hits="8" branch="False" />
                <line number="214" hits="8" branch="False" />
                <line number="215" hits="8" branch="False" />
                <line number="218" hits="8" branch="False" />
                <line number="219" hits="8" branch="False" />
              </lines>
            </method>
            <method name=".ctor" signature="(ControlParental.Domain.IRealtimeChannel,ControlParental.Domain.IRealtimeChannel,ControlParental.Domain.IWindowLifecycleObserver,System.String)" line-rate="1" branch-rate="0.5" complexity="8">
              <lines>
                <line number="21" hits="8" branch="False" />
                <line number="43" hits="8" branch="False" />
                <line number="44" hits="8" branch="False" />
                <line number="45" hits="8" branch="False" />
                <line number="46" hits="8" branch="False" />
                <line number="47" hits="8" branch="False" />
                <line number="48" hits="8" branch="False" />
                <line number="49" hits="8" branch="True" condition-coverage="50% (1/2)">
                  <conditions>
                    <condition number="22" type="jump" coverage="50%" />
                  </conditions>
                </line>
                <line number="50" hits="8" branch="True" condition-coverage="50% (1/2)">
                  <conditions>
                    <condition number="44" type="jump" coverage="50%" />
                  </conditions>
                </line>
                <line number="51" hits="8" branch="True" condition-coverage="50% (1/2)">
                  <conditions>
                    <condition number="66" type="jump" coverage="50%" />
                  </conditions>
                </line>
                <line number="52" hits="8" branch="True" condition-coverage="50% (1/2)">
                  <conditions>
                    <condition number="89" type="jump" coverage="50%" />
                  </conditions>
                </line>
                <line number="54" hits="8" branch="False" />
                <line number="55" hits="8" branch="False" />
                <line number="57" hits="8" branch="False" />
                <line number="58" hits="8" branch="False" />
                <line number="59" hits="8" branch="False" />
              </lines>
            </method>
          </methods>
          <lines>
            <line number="67" hits="3" branch="False" />
            <line number="68" hits="3" branch="False" />
            <line number="69" hits="3" branch="False" />
            <line number="70" hits="3" branch="False" />
            <line number="72" hits="3" branch="False" />
            <line number="77" hits="9" branch="False" />
            <line number="78" hits="9" branch="True" condition-coverage="50% (1/2)">
              <conditions>
                <condition number="9" type="jump" coverage="50%" />
              </conditions>
            </line>
            <line number="79" hits="0" branch="False" />
            <line number="80" hits="0" branch="False" />
            <line number="83" hits="9" branch="False" />
            <line number="84" hits="9" branch="False" />
            <line number="88" hits="12" branch="False" />
            <line number="89" hits="12" branch="False" />
            <line number="90" hits="12" branch="False" />
            <line number="146" hits="2" branch="False" />
            <line number="148" hits="2" branch="False" />
            <line number="150" hits="2" branch="True" condition-coverage="83.33% (5/6)">
              <conditions>
                <condition number="20" type="jump" coverage="100%" />
                <condition number="23" type="jump" coverage="50%" />
                <condition number="46" type="jump" coverage="100%" />
              </conditions>
            </line>
            <line number="151" hits="2" branch="False" />
            <line number="152" hits="1" branch="False" />
            <line number="153" hits="1" branch="True" condition-coverage="50% (1/2)">
              <conditions>
                <condition number="56" type="jump" coverage="50%" />
              </conditions>
            </line>
            <line number="154" hits="1" branch="False" />
            <line number="155" hits="1" branch="False" />
            <line number="156" hits="1" branch="False" />
            <line number="157" hits="2" branch="False" />
            <line number="158" hits="0" branch="False" />
            <line number="159" hits="0" branch="False" />
            <line number="160" hits="0" branch="False" />
            <line number="161" hits="0" branch="False" />
            <line number="162" hits="2" branch="False" />
            <line number="165" hits="2" branch="False" />
            <line number="167" hits="2" branch="False" />
            <line number="169" hits="2" branch="True" condition-coverage="100% (4/4)">
              <conditions>
                <condition number="20" type="jump" coverage="100%" />
                <condition number="45" type="jump" coverage="100%" />
              </conditions>
            </line>
            <line number="170" hits="2" branch="False" />
            <line number="171" hits="1" branch="False" />
            <line number="172" hits="1" branch="True" condition-coverage="50% (1/2)">
              <conditions>
                <condition number="49" type="jump" coverage="50%" />
              </conditions>
            </line>
            <line number="173" hits="1" branch="True" condition-coverage="50% (1/2)">
              <conditions>
                <condition number="67" type="jump" coverage="50%" />
              </conditions>
            </line>
            <line number="175" hits="1" branch="True" condition-coverage="100% (2/2)">
              <conditions>
                <condition number="99" type="jump" coverage="100%" />
              </conditions>
            </line>
            <line number="176" hits="1" branch="False" />
            <line number="177" hits="1" branch="True" condition-coverage="50% (1/2)">
              <conditions>
                <condition number="109" type="jump" coverage="50%" />
              </conditions>
            </line>
            <line number="178" hits="1" branch="False" />
            <line number="179" hits="1" branch="False" />
            <line number="180" hits="1" branch="False" />
            <line number="181" hits="1" branch="False" />
            <line number="182" hits="2" branch="False" />
            <line number="183" hits="0" branch="False" />
            <line number="184" hits="0" branch="False" />
            <line number="185" hits="0" branch="False" />
            <line number="186" hits="0" branch="False" />
            <line number="187" hits="2" branch="False" />
            <line number="190" hits="0" branch="False" />
            <line number="191" hits="0" branch="False" />
            <line number="192" hits="0" branch="False" />
            <line number="195" hits="1" branch="False" />
            <line number="196" hits="1" branch="False" />
            <line number="197" hits="1" branch="False" />
            <line number="203" hits="8" branch="False" />
            <line number="204" hits="8" branch="True" condition-coverage="50% (1/2)">
              <conditions>
                <condition number="9" type="jump" coverage="50%" />
              </conditions>
            </line>
            <line number="205" hits="0" branch="False" />
            <line number="206" hits="0" branch="False" />
            <line number="209" hits="8" branch="False" />
            <line number="211" hits="8" branch="False" />
            <line number="212" hits="8" branch="False" />
            <line number="214" hits="8" branch="False" />
            <line number="215" hits="8" branch="False" />
            <line number="218" hits="8" branch="False" />
            <line number="219" hits="8" branch="False" />
            <line number="21" hits="8" branch="False" />
            <line number="43" hits="8" branch="False" />
            <line number="44" hits="8" branch="False" />
            <line number="45" hits="8" branch="False" />
            <line number="46" hits="8" branch="False" />
            <line number="47" hits="8" branch="False" />
            <line number="48" hits="8" branch="False" />
            <line number="49" hits="8" branch="True" condition-coverage="50% (1/2)">
              <conditions>
                <condition number="22" type="jump" coverage="50%" />
              </conditions>
            </line>
            <line number="50" hits="8" branch="True" condition-coverage="50% (1/2)">
              <conditions>
                <condition number="44" type="jump" coverage="50%" />
              </conditions>
            </line>
            <line number="51" hits="8" branch="True" condition-coverage="50% (1/2)">
              <conditions>
                <condition number="66" type="jump" coverage="50%" />
              </conditions>
            </line>
            <line number="52" hits="8" branch="True" condition-coverage="50% (1/2)">
              <conditions>
                <condition number="89" type="jump" coverage="50%" />
              </conditions>
            </line>
            <line number="54" hits="8" branch="False" />
            <line number="55" hits="8" branch="False" />
            <line number="57" hits="8" branch="False" />
            <line number="58" hits="8" branch="False" />
            <line number="59" hits="8" branch="False" />
          </lines>
        </class>
        <class name="ControlParental.App.UI.RealtimeSubscriber/&lt;ConnectInternalAsync&gt;d__18" filename="ControlParental.App.UI\RealtimeSubscriber.cs" line-rate="0.6666" branch-rate="1" complexity="4">
          <methods>
            <method name="MoveNext" signature="()" line-rate="0.6666" branch-rate="1" complexity="4">
              <lines>
                <line number="95" hits="9" branch="False" />
                <line number="96" hits="9" branch="False" />
                <line number="97" hits="9" branch="False" />
                <line number="98" hits="9" branch="True" condition-coverage="100% (4/4)">
                  <conditions>
                    <condition number="73" type="jump" coverage="100%" />
                    <condition number="91" type="jump" coverage="100%" />
                  </conditions>
                </line>
                <line number="99" hits="1" branch="False" />
                <line number="100" hits="1" branch="False" />
                <line number="103" hits="8" branch="False" />
                <line number="104" hits="8" branch="False" />
                <line number="107" hits="8" branch="False" />
                <line number="108" hits="8" branch="False" />
                <line number="109" hits="8" branch="False" />
                <line number="111" hits="8" branch="False" />
                <line number="112" hits="8" branch="False" />
                <line number="113" hits="0" branch="False" />
                <line number="114" hits="0" branch="False" />
                <line number="115" hits="0" branch="False" />
                <line number="116" hits="0" branch="False" />
                <line number="117" hits="0" branch="False" />
                <line number="118" hits="0" branch="False" />
                <line number="120" hits="0" branch="False" />
                <line number="122" hits="9" branch="False" />
              </lines>
            </method>
          </methods>
          <lines>
            <line number="95" hits="9" branch="False" />
            <line number="96" hits="9" branch="False" />
            <line number="97" hits="9" branch="False" />
            <line number="98" hits="9" branch="True" condition-coverage="100% (4/4)">
              <conditions>
                <condition number="73" type="jump" coverage="100%" />
                <condition number="91" type="jump" coverage="100%" />
              </conditions>
            </line>
            <line number="99" hits="1" branch="False" />
            <line number="100" hits="1" branch="False" />
            <line number="103" hits="8" branch="False" />
            <line number="104" hits="8" branch="False" />
            <line number="107" hits="8" branch="False" />
            <line number="108" hits="8" branch="False" />
            <line number="109" hits="8" branch="False" />
            <line number="111" hits="8" branch="False" />
            <line number="112" hits="8" branch="False" />
            <line number="113" hits="0" branch="False" />
            <line number="114" hits="0" branch="False" />
            <line number="115" hits="0" branch="False" />
            <line number="116" hits="0" branch="False" />
            <line number="117" hits="0" branch="False" />
            <line number="118" hits="0" branch="False" />
            <line number="120" hits="0" branch="False" />
            <line number="122" hits="9" branch="False" />
          </lines>
        </class>
        <class name="ControlParental.App.UI.RealtimeSubscriber/&lt;DisconnectInternalAsync&gt;d__19" filename="ControlParental.App.UI\RealtimeSubscriber.cs" line-rate="1" branch-rate="1" complexity="4">
          <methods>
            <method name="MoveNext" signature="()" line-rate="1" branch-rate="1" complexity="4">
              <lines>
                <line number="125" hits="12" branch="False" />
                <line number="126" hits="12" branch="False" />
                <line number="127" hits="12" branch="False" />
                <line number="128" hits="12" branch="True" condition-coverage="100% (2/2)">
                  <conditions>
                    <condition number="77" type="jump" coverage="100%" />
                  </conditions>
                </line>
                <line number="129" hits="4" branch="False" />
                <line number="130" hits="4" branch="False" />
                <line number="133" hits="8" branch="False" />
                <line number="134" hits="8" branch="False" />
                <line number="136" hits="8" branch="False" />
                <line number="137" hits="8" branch="False" />
                <line number="140" hits="8" branch="True" condition-coverage="100% (2/2)">
                  <conditions>
                    <condition number="187" type="jump" coverage="100%" />
                  </conditions>
                </line>
                <line number="142" hits="8" branch="False" />
                <line number="143" hits="12" branch="False" />
              </lines>
            </method>
          </methods>
          <lines>
            <line number="125" hits="12" branch="False" />
            <line number="126" hits="12" branch="False" />
            <line number="127" hits="12" branch="False" />
            <line number="128" hits="12" branch="True" condition-coverage="100% (2/2)">
              <conditions>
                <condition number="77" type="jump" coverage="100%" />
              </conditions>
            </line>
            <line number="129" hits="4" branch="False" />
            <line number="130" hits="4" branch="False" />
            <line number="133" hits="8" branch="False" />
            <line number="134" hits="8" branch="False" />
            <line number="136" hits="8" branch="False" />
            <line number="137" hits="8" branch="False" />
            <line number="140" hits="8" branch="True" condition-coverage="100% (2/2)">
              <conditions>
                <condition number="187" type="jump" coverage="100%" />
              </conditions>
            </line>
            <line number="142" hits="8" branch="False" />
            <line number="143" hits="12" branch="False" />
          </lines>
        </class>
      </classes>
    </package>
    <package name="ControlParental.Domain" line-rate="0.0016" branch-rate="0" complexity="761">
      <classes>
        <class name="ControlParental.Domain.AccountCreationResult" filename="ControlParental.Domain\AccountCreationResult.cs" line-rate="0" branch-rate="1" complexity="9">
          <methods>
            <method name="get_Success" signature="()" line-rate="0" branch-rate="1" complexity="1">
              <lines>
                <line number="34" hits="0" branch="False" />
              </lines>
            </method>
            <method name="get_Username" signature="()" line-rate="0" branch-rate="1" complexity="1">
              <lines>
                <line number="39" hits="0" branch="False" />
              </lines>
            </method>
            <method name="get_ErrorMessage" signature="()" line-rate="0" branch-rate="1" complexity="1">
              <lines>
                <line number="44" hits="0" branch="False" />
              </lines>
            </method>
            <method name="get_RequiresElevation" signature="()" line-rate="0" branch-rate="1" complexity="1">
              <lines>
                <line number="52" hits="0" branch="False" />
              </lines>
            </method>
            <method name="get_NeedsElevation" signature="()" line-rate="0" branch-rate="1" complexity="1">
              <lines>
                <line number="58" hits="0" branch="False" />
              </lines>
            </method>
            <method name="Succeeded" signature="(System.String)" line-rate="0" branch-rate="1" complexity="1">
              <lines>
                <line number="64" hits="0" branch="False" />
              </lines>
            </method>
            <method name="NeedsAdminElevation" signature="(System.String)" line-rate="0" branch-rate="1" complexity="1">
              <lines>
                <line number="70" hits="0" branch="False" />
              </lines>
            </method>
            <method name="Failed" signature="(System.String)" line-rate="0" branch-rate="1" complexity="1">
              <lines>
                <line number="76" hits="0" branch="False" />
              </lines>
            </method>
            <method name=".ctor" signature="(System.Boolean,System.String,System.String,System.Boolean)" line-rate="0" branch-rate="1" complexity="1">
              <lines>
                <line number="19" hits="0" branch="False" />
                <line number="20" hits="0" branch="False" />
                <line number="21" hits="0" branch="False" />
                <line number="22" hits="0" branch="False" />
                <line number="23" hits="0" branch="False" />
                <line number="24" hits="0" branch="False" />
                <line number="25" hits="0" branch="False" />
                <line number="26" hits="0" branch="False" />
                <line number="27" hits="0" branch="False" />
                <line number="28" hits="0" branch="False" />
                <line number="29" hits="0" branch="False" />
              </lines>
            </method>
          </methods>
          <lines>
            <line number="34" hits="0" branch="False" />
            <line number="39" hits="0" branch="False" />
            <line number="44" hits="0" branch="False" />
            <line number="52" hits="0" branch="False" />
            <line number="58" hits="0" branch="False" />
            <line number="64" hits="0" branch="False" />
            <line number="70" hits="0" branch="False" />
            <line number="76" hits="0" branch="False" />
            <line number="19" hits="0" branch="False" />
            <line number="20" hits="0" branch="False" />
            <line number="21" hits="0" branch="False" />
            <line number="22" hits="0" branch="False" />
            <line number="23" hits="0" branch="False" />
            <line number="24" hits="0" branch="False" />
            <line number="25" hits="0" branch="False" />
            <line number="26" hits="0" branch="False" />
            <line number="27" hits="0" branch="False" />
            <line number="28" hits="0" branch="False" />
            <line number="29" hits="0" branch="False" />
          </lines>
        </class>
        <class name="ControlParental.Domain.AppPolicy" filename="ControlParental.Domain\AppPolicy.cs" line-rate="0" branch-rate="0" complexity="17">
          <methods>
            <method name="get_PackageName" signature="()" line-rate="0" branch-rate="1" complexity="1">
              <lines>
                <line number="18" hits="0" branch="False" />
              </lines>
            </method>
            <method name="get_State" signature="()" line-rate="0" branch-rate="1" complexity="1">
              <lines>
                <line number="24" hits="0" branch="False" />
              </lines>
            </method>
            <method name="get_DailyLimitMinutes" signature="()" line-rate="0" branch-rate="1" complexity="1">
              <lines>
                <line number="31" hits="0" branch="False" />
              </lines>
            </method>
            <method name="get_Category" signature="()" line-rate="0" branch-rate="1" complexity="1">
              <lines>
                <line number="38" hits="0" branch="False" />
              </lines>
            </method>
            <method name="get_AllowedWindows" signature="()" line-rate="0" branch-rate="1" complexity="1">
              <lines>
                <line number="45" hits="0" branch="False" />
              </lines>
            </method>
            <method name="Validate" signature="()" line-rate="0" branch-rate="0" complexity="12">
              <lines>
                <line number="52" hits="0" branch="False" />
                <line number="53" hits="0" branch="True" condition-coverage="0% (0/2)">
                  <conditions>
                    <condition number="14" type="jump" coverage="0%" />
                  </conditions>
                </line>
                <line number="54" hits="0" branch="False" />
                <line number="55" hits="0" branch="False" />
                <line number="56" hits="0" branch="False" />
                <line number="57" hits="0" branch="False" />
                <line number="60" hits="0" branch="True" condition-coverage="0% (0/2)">
                  <conditions>
                    <condition number="44" type="jump" coverage="0%" />
                  </conditions>
                </line>
                <line number="61" hits="0" branch="False" />
                <line number="62" hits="0" branch="True" condition-coverage="0% (0/4)">
                  <conditions>
                    <condition number="61" type="jump" coverage="0%" />
                    <condition number="88" type="jump" coverage="0%" />
                  </conditions>
                </line>
                <line number="63" hits="0" branch="False" />
                <line number="64" hits="0" branch="False" />
                <line number="65" hits="0" branch="False" />
                <line number="66" hits="0" branch="False" />
                <line number="68" hits="0" branch="False" />
                <line number="70" hits="0" branch="True" condition-coverage="0% (0/2)">
                  <conditions>
                    <condition number="121" type="jump" coverage="0%" />
                  </conditions>
                </line>
                <line number="71" hits="0" branch="False" />
                <line number="72" hits="0" branch="True" condition-coverage="0% (0/2)">
                  <conditions>
                    <condition number="167" type="jump" coverage="0%" />
                  </conditions>
                </line>
                <line number="73" hits="0" branch="False" />
                <line number="74" hits="0" branch="False" />
                <line number="75" hits="0" branch="False" />
                <line number="76" hits="0" branch="False" />
                <line number="77" hits="0" branch="False" />
              </lines>
            </method>
          </methods>
          <lines>
            <line number="18" hits="0" branch="False" />
            <line number="24" hits="0" branch="False" />
            <line number="31" hits="0" branch="False" />
            <line number="38" hits="0" branch="False" />
            <line number="45" hits="0" branch="False" />
            <line number="52" hits="0" branch="False" />
            <line number="53" hits="0" branch="True" condition-coverage="0% (0/2)">
              <conditions>
                <condition number="14" type="jump" coverage="0%" />
              </conditions>
            </line>
            <line number="54" hits="0" branch="False" />
            <line number="55" hits="0" branch="False" />
            <line number="56" hits="0" branch="False" />
            <line number="57" hits="0" branch="False" />
            <line number="60" hits="0" branch="True" condition-coverage="0% (0/2)">
              <conditions>
                <condition number="44" type="jump" coverage="0%" />
              </conditions>
            </line>
            <line number="61" hits="0" branch="False" />
            <line number="62" hits="0" branch="True" condition-coverage="0% (0/4)">
              <conditions>
                <condition number="61" type="jump" coverage="0%" />
                <condition number="88" type="jump" coverage="0%" />
              </conditions>
            </line>
            <line number="63" hits="0" branch="False" />
            <line number="64" hits="0" branch="False" />
            <line number="65" hits="0" branch="False" />
            <line number="66" hits="0" branch="False" />
            <line number="68" hits="0" branch="False" />
            <line number="70" hits="0" branch="True" condition-coverage="0% (0/2)">
              <conditions>
                <condition number="121" type="jump" coverage="0%" />
              </conditions>
            </line>
            <line number="71" hits="0" branch="False" />
            <line number="72" hits="0" branch="True" condition-coverage="0% (0/2)">
              <conditions>
                <condition number="167" type="jump" coverage="0%" />
              </conditions>
            </line>
            <line number="73" hits="0" branch="False" />
            <line number="74" hits="0" branch="False" />
            <line number="75" hits="0" branch="False" />
            <line number="76" hits="0" branch="False" />
            <line number="77" hits="0" branch="False" />
          </lines>
        </class>
        <class name="ControlParental.Domain.CategoryLimit" filename="ControlParental.Domain\CategoryLimit.cs" line-rate="0" branch-rate="0" complexity="6">
          <methods>
            <method name="get_Category" signature="()" line-rate="0" branch-rate="1" complexity="1">
              <lines>
                <line number="18" hits="0" branch="False" />
              </lines>
            </method>
            <method name="get_Minutes" signature="()" line-rate="0" branch-rate="1" complexity="1">
              <lines>
                <line number="24" hits="0" branch="False" />
              </lines>
            </method>
            <method name="Validate" signature="()" line-rate="0" branch-rate="0" complexity="4">
              <lines>
                <line number="31" hits="0" branch="False" />
                <line number="32" hits="0" branch="True" condition-coverage="0% (0/2)">
                  <conditions>
                    <condition number="14" type="jump" coverage="0%" />
                  </conditions>
                </line>
                <line number="33" hits="0" branch="False" />
                <line number="34" hits="0" branch="False" />
                <line number="35" hits="0" branch="False" />
                <line number="36" hits="0" branch="False" />
                <line number="39" hits="0" branch="True" condition-coverage="0% (0/2)">
                  <conditions>
                    <condition number="47" type="jump" coverage="0%" />
                  </conditions>
                </line>
                <line number="40" hits="0" branch="False" />
                <line number="41" hits="0" branch="False" />
                <line number="42" hits="0" branch="False" />
                <line number="43" hits="0" branch="False" />
                <line number="45" hits="0" branch="False" />
              </lines>
            </method>
          </methods>
          <lines>
            <line number="18" hits="0" branch="False" />
            <line number="24" hits="0" branch="False" />
            <line number="31" hits="0" branch="False" />
            <line number="32" hits="0" branch="True" condition-coverage="0% (0/2)">
              <conditions>
                <condition number="14" type="jump" coverage="0%" />
              </conditions>
            </line>
            <line number="33" hits="0" branch="False" />
            <line number="34" hits="0" branch="False" />
            <line number="35" hits="0" branch="False" />
            <line number="36" hits="0" branch="False" />
            <line number="39" hits="0" branch="True" condition-coverage="0% (0/2)">
              <conditions>
                <condition number="47" type="jump" coverage="0%" />
              </conditions>
            </line>
            <line number="40" hits="0" branch="False" />
            <line number="41" hits="0" branch="False" />
            <line number="42" hits="0" branch="False" />
            <line number="43" hits="0" branch="False" />
            <line number="45" hits="0" branch="False" />
          </lines>
        </class>
        <class name="ControlParental.Domain.Decision" filename="ControlParental.Domain\Decision.cs" line-rate="0" branch-rate="1" complexity="5">
          <methods>
            <method name="get_IsBlocked" signature="()" line-rate="0" branch-rate="1" complexity="1">
              <lines>
                <line number="15" hits="0" branch="False" />
              </lines>
            </method>
            <method name="get_ReasonCode" signature="()" line-rate="0" branch-rate="1" complexity="1">
              <lines>
                <line number="16" hits="0" branch="False" />
              </lines>
            </method>
            <method name="get_ReasonText" signature="()" line-rate="0" branch-rate="1" complexity="1">
              <lines>
                <line number="17" hits="0" branch="False" />
              </lines>
            </method>
            <method name="get_Allow" signature="()" line-rate="0" branch-rate="1" complexity="1">
              <lines>
                <line number="22" hits="0" branch="False" />
              </lines>
            </method>
            <method name="Block" signature="(System.Int32,System.String)" line-rate="0" branch-rate="1" complexity="1">
              <lines>
                <line number="28" hits="0" branch="False" />
              </lines>
            </method>
          </methods>
          <lines>
            <line number="15" hits="0" branch="False" />
            <line number="16" hits="0" branch="False" />
            <line number="17" hits="0" branch="False" />
            <line number="22" hits="0" branch="False" />
            <line number="28" hits="0" branch="False" />
          </lines>
        </class>
        <class name="ControlParental.Domain.Grant" filename="ControlParental.Domain\Grant.cs" line-rate="0" branch-rate="0" complexity="17">
          <methods>
            <method name="get_Id" signature="()" line-rate="0" branch-rate="1" complexity="1">
              <lines>
                <line number="18" hits="0" branch="False" />
              </lines>
            </method>
            <method name="get_RequestId" signature="()" line-rate="0" branch-rate="1" complexity="1">
              <lines>
                <line number="24" hits="0" branch="False" />
              </lines>
            </method>
            <method name="get_Scope" signature="()" line-rate="0" branch-rate="1" complexity="1">
              <lines>
                <line number="30" hits="0" branch="False" />
              </lines>
            </method>
            <method name="get_Minutes" signature="()" line-rate="0" branch-rate="1" complexity="1">
              <lines>
                <line number="36" hits="0" branch="False" />
              </lines>
            </method>
            <method name="get_GrantedAt" signature="()" line-rate="0" branch-rate="1" complexity="1">
              <lines>
                <line number="42" hits="0" branch="False" />
              </lines>
            </method>
            <method name="get_ExpiresAt" signature="()" line-rate="0" branch-rate="1" complexity="1">
              <lines>
                <line number="49" hits="0" branch="False" />
              </lines>
            </method>
            <method name="get_Source" signature="()" line-rate="0" branch-rate="1" complexity="1">
              <lines>
                <line number="55" hits="0" branch="False" />
              </lines>
            </method>
            <method name="Validate" signature="()" line-rate="0" branch-rate="0" complexity="8">
              <lines>
                <line number="62" hits="0" branch="False" />
                <line number="63" hits="0" branch="True" condition-coverage="0% (0/2)">
                  <conditions>
                    <condition number="14" type="jump" coverage="0%" />
                  </conditions>
                </line>
                <line number="64" hits="0" branch="False" />
                <line number="65" hits="0" branch="False" />
                <line number="68" hits="0" branch="True" condition-coverage="0% (0/2)">
                  <conditions>
                    <condition number="46" type="jump" coverage="0%" />
                  </conditions>
                </line>
                <line number="69" hits="0" branch="False" />
                <line number="70" hits="0" branch="False" />
                <line number="73" hits="0" branch="True" condition-coverage="0% (0/2)">
                  <conditions>
                    <condition number="79" type="jump" coverage="0%" />
                  </conditions>
                </line>
                <line number="74" hits="0" branch="False" />
                <line number="75" hits="0" branch="False" />
                <line number="76" hits="0" branch="False" />
                <line number="77" hits="0" branch="False" />
                <line number="80" hits="0" branch="True" condition-coverage="0% (0/2)">
                  <conditions>
                    <condition number="171" type="jump" coverage="0%" />
                  </conditions>
                </line>
                <line number="81" hits="0" branch="False" />
                <line number="82" hits="0" branch="False" />
                <line number="83" hits="0" branch="False" />
                <line number="84" hits="0" branch="False" />
                <line number="86" hits="0" branch="False" />
              </lines>
            </method>
            <method name="IsActive" signature="(System.DateTimeOffset)" line-rate="0" branch-rate="0" complexity="2">
              <lines>
                <line number="93" hits="0" branch="True" condition-coverage="0% (0/2)">
                  <conditions>
                    <condition number="12" type="jump" coverage="0%" />
                  </conditions>
                </line>
              </lines>
            </method>
          </methods>
          <lines>
            <line number="18" hits="0" branch="False" />
            <line number="24" hits="0" branch="False" />
            <line number="30" hits="0" branch="False" />
            <line number="36" hits="0" branch="False" />
            <line number="42" hits="0" branch="False" />
            <line number="49" hits="0" branch="False" />
            <line number="55" hits="0" branch="False" />
            <line number="62" hits="0" branch="False" />
            <line number="63" hits="0" branch="True" condition-coverage="0% (0/2)">
              <conditions>
                <condition number="14" type="jump" coverage="0%" />
              </conditions>
            </line>
            <line number="64" hits="0" branch="False" />
            <line number="65" hits="0" branch="False" />
            <line number="68" hits="0" branch="True" condition-coverage="0% (0/2)">
              <conditions>
                <condition number="46" type="jump" coverage="0%" />
              </conditions>
            </line>
            <line number="69" hits="0" branch="False" />
            <line number="70" hits="0" branch="False" />
            <line number="73" hits="0" branch="True" condition-coverage="0% (0/2)">
              <conditions>
                <condition number="79" type="jump" coverage="0%" />
              </conditions>
            </line>
            <line number="74" hits="0" branch="False" />
            <line number="75" hits="0" branch="False" />
            <line number="76" hits="0" branch="False" />
            <line number="77" hits="0" branch="False" />
            <line number="80" hits="0" branch="True" condition-coverage="0% (0/2)">
              <conditions>
                <condition number="171" type="jump" coverage="0%" />
              </conditions>
            </line>
            <line number="81" hits="0" branch="False" />
            <line number="82" hits="0" branch="False" />
            <line number="83" hits="0" branch="False" />
            <line number="84" hits="0" branch="False" />
            <line number="86" hits="0" branch="False" />
            <line number="93" hits="0" branch="True" condition-coverage="0% (0/2)">
              <conditions>
                <condition number="12" type="jump" coverage="0%" />
              </conditions>
            </line>
          </lines>
        </class>
        <class name="ControlParental.Domain.TamperEvent" filename="ControlParental.Domain\IAntiTamperMonitor.cs" line-rate="0" branch-rate="1" complexity="4">
          <methods>
            <method name="get_Type" signature="()" line-rate="0" branch-rate="1" complexity="1">
              <lines>
                <line number="51" hits="0" branch="False" />
              </lines>
            </method>
            <method name="get_Description" signature="()" line-rate="0" branch-rate="1" complexity="1">
              <lines>
                <line number="56" hits="0" branch="False" />
              </lines>
            </method>
            <method name="get_DetectedAt" signature="()" line-rate="0" branch-rate="1" complexity="1">
              <lines>
                <line number="61" hits="0" branch="False" />
              </lines>
            </method>
            <method name="get_Severity" signature="()" line-rate="0" branch-rate="1" complexity="1">
              <lines>
                <line number="66" hits="0" branch="False" />
              </lines>
            </method>
          </methods>
          <lines>
            <line number="51" hits="0" branch="False" />
            <line number="56" hits="0" branch="False" />
            <line number="61" hits="0" branch="False" />
            <line number="66" hits="0" branch="False" />
          </lines>
        </class>
        <class name="ControlParental.Domain.TamperEventArgs" filename="ControlParental.Domain\IAntiTamperMonitor.cs" line-rate="0" branch-rate="1" complexity="1">
          <methods>
            <method name="get_Event" signature="()" line-rate="0" branch-rate="1" complexity="1">
              <lines>
                <line number="103" hits="0" branch="False" />
              </lines>
            </method>
          </methods>
          <lines>
            <line number="103" hits="0" branch="False" />
          </lines>
        </class>
        <class name="ControlParental.Domain.TimezoneChangedEventArgs" filename="ControlParental.Domain\IAntiTamperMonitor.cs" line-rate="0" branch-rate="1" complexity="3">
          <methods>
            <method name="get_OldTimezone" signature="()" line-rate="0" branch-rate="1" complexity="1">
              <lines>
                <line number="114" hits="0" branch="False" />
              </lines>
            </method>
            <method name="get_NewTimezone" signature="()" line-rate="0" branch-rate="1" complexity="1">
              <lines>
                <line number="119" hits="0" branch="False" />
              </lines>
            </method>
            <method name="get_ChangedAt" signature="()" line-rate="0" branch-rate="1" complexity="1">
              <lines>
                <line number="124" hits="0" branch="False" />
              </lines>
            </method>
          </methods>
          <lines>
            <line number="114" hits="0" branch="False" />
            <line number="119" hits="0" branch="False" />
            <line number="124" hits="0" branch="False" />
          </lines>
        </class>
        <class name="ControlParental.Domain.ClockJumpEventArgs" filename="ControlParental.Domain\IAntiTamperMonitor.cs" line-rate="0" branch-rate="1" complexity="3">
          <methods>
            <method name="get_OffsetSeconds" signature="()" line-rate="0" branch-rate="1" complexity="1">
              <lines>
                <line number="135" hits="0" branch="False" />
              </lines>
            </method>
            <method name="get_Direction" signature="()" line-rate="0" branch-rate="1" complexity="1">
              <lines>
                <line number="140" hits="0" branch="False" />
              </lines>
            </method>
            <method name="get_DetectedAt" signature="()" line-rate="0" branch-rate="1" complexity="1">
              <lines>
                <line number="145" hits="0" branch="False" />
              </lines>
            </method>
          </methods>
          <lines>
            <line number="135" hits="0" branch="False" />
            <line number="140" hits="0" branch="False" />
            <line number="145" hits="0" branch="False" />
          </lines>
        </class>
        <class name="ControlParental.Domain.PolicyFetchResult" filename="ControlParental.Domain\IBackendClient.cs" line-rate="0" branch-rate="1" complexity="6">
          <methods>
            <method name="get_Success" signature="()" line-rate="0" branch-rate="1" complexity="1">
              <lines>
                <line number="15" hits="0" branch="False" />
              </lines>
            </method>
            <method name="get_Version" signature="()" line-rate="0" branch-rate="1" complexity="1">
              <lines>
                <line number="20" hits="0" branch="False" />
              </lines>
            </method>
            <method name="get_PolicyJson" signature="()" line-rate="0" branch-rate="1" complexity="1">
              <lines>
                <line number="25" hits="0" branch="False" />
              </lines>
            </method>
            <method name="get_ErrorMessage" signature="()" line-rate="0" branch-rate="1" complexity="1">
              <lines>
                <line number="30" hits="0" branch="False" />
              </lines>
            </method>
            <method name="Succeeded" signature="(System.Int32,System.String)" line-rate="0" branch-rate="1" complexity="1">
              <lines>
                <line number="36" hits="0" branch="False" />
              </lines>
            </method>
            <method name="Failed" signature="(System.String)" line-rate="0" branch-rate="1" complexity="1">
              <lines>
                <line number="42" hits="0" branch="False" />
              </lines>
            </method>
          </methods>
          <lines>
            <line number="15" hits="0" branch="False" />
            <line number="20" hits="0" branch="False" />
            <line number="25" hits="0" branch="False" />
            <line number="30" hits="0" branch="False" />
            <line number="36" hits="0" branch="False" />
            <line number="42" hits="0" branch="False" />
          </lines>
        </class>
        <class name="ControlParental.Domain.DataPushResult" filename="ControlParental.Domain\IBackendClient.cs" line-rate="0" branch-rate="1" complexity="6">
          <methods>
            <method name="get_Success" signature="()" line-rate="0" branch-rate="1" complexity="1">
              <lines>
                <line number="53" hits="0" branch="False" />
              </lines>
            </method>
            <method name="get_ItemsSent" signature="()" line-rate="0" branch-rate="1" complexity="1">
              <lines>
                <line number="58" hits="0" branch="False" />
              </lines>
            </method>
            <method name="get_ErrorMessage" signature="()" line-rate="0" branch-rate="1" complexity="1">
              <lines>
                <line number="63" hits="0" branch="False" />
              </lines>
            </method>
            <method name="get_HasMorePending" signature="()" line-rate="0" branch-rate="1" complexity="1">
              <lines>
                <line number="68" hits="0" branch="False" />
              </lines>
            </method>
            <method name="Succeeded" signature="(System.Int32,System.Boolean)" line-rate="0" branch-rate="1" complexity="1">
              <lines>
                <line number="74" hits="0" branch="False" />
              </lines>
            </method>
            <method name="Failed" signature="(System.String)" line-rate="0" branch-rate="1" complexity="1">
              <lines>
                <line number="80" hits="0" branch="False" />
              </lines>
            </method>
          </methods>
          <lines>
            <line number="53" hits="0" branch="False" />
            <line number="58" hits="0" branch="False" />
            <line number="63" hits="0" branch="False" />
            <line number="68" hits="0" branch="False" />
            <line number="74" hits="0" branch="False" />
            <line number="80" hits="0" branch="False" />
          </lines>
        </class>
        <class name="ControlParental.Domain.HeartbeatResult" filename="ControlParental.Domain\IBackendClient.cs" line-rate="0" branch-rate="1" complexity="6">
          <methods>
            <method name="get_Success" signature="()" line-rate="0" branch-rate="1" complexity="1">
              <lines>
                <line number="91" hits="0" branch="False" />
              </lines>
            </method>
            <method name="get_ServerTimeOffsetMs" signature="()" line-rate="0" branch-rate="1" complexity="1">
              <lines>
                <line number="96" hits="0" branch="False" />
              </lines>
            </method>
            <method name="get_NewPolicyAvailable" signature="()" line-rate="0" branch-rate="1" complexity="1">
              <lines>
                <line number="101" hits="0" branch="False" />
              </lines>
            </method>
            <method name="get_ErrorMessage" signature="()" line-rate="0" branch-rate="1" complexity="1">
              <lines>
                <line number="106" hits="0" branch="False" />
              </lines>
            </method>
            <method name="Succeeded" signature="(System.Nullable`1&lt;System.Int64&gt;,System.Boolean)" line-rate="0" branch-rate="1" complexity="1">
              <lines>
                <line number="112" hits="0" branch="False" />
              </lines>
            </method>
            <method name="Failed" signature="(System.String)" line-rate="0" branch-rate="1" complexity="1">
              <lines>
                <line number="118" hits="0" branch="False" />
              </lines>
            </method>
          </methods>
          <lines>
            <line number="91" hits="0" branch="False" />
            <line number="96" hits="0" branch="False" />
            <line number="101" hits="0" branch="False" />
            <line number="106" hits="0" branch="False" />
            <line number="112" hits="0" branch="False" />
            <line number="118" hits="0" branch="False" />
          </lines>
        </class>
        <class name="ControlParental.Domain.PushTokenRegistrationResult" filename="ControlParental.Domain\IBackendClient.cs" line-rate="0" branch-rate="1" complexity="5">
          <methods>
            <method name="get_Success" signature="()" line-rate="0" branch-rate="1" complexity="1">
              <lines>
                <line number="129" hits="0" branch="False" />
              </lines>
            </method>
            <method name="get_ExpiresAt" signature="()" line-rate="0" branch-rate="1" complexity="1">
              <lines>
                <line number="134" hits="0" branch="False" />
              </lines>
            </method>
            <method name="get_ErrorMessage" signature="()" line-rate="0" branch-rate="1" complexity="1">
              <lines>
                <line number="139" hits="0" branch="False" />
              </lines>
            </method>
            <method name="Succeeded" signature="(System.Nullable`1&lt;System.DateTimeOffset&gt;)" line-rate="0" branch-rate="1" complexity="1">
              <lines>
                <line number="145" hits="0" branch="False" />
              </lines>
            </method>
            <method name="Failed" signature="(System.String)" line-rate="0" branch-rate="1" complexity="1">
              <lines>
                <line number="151" hits="0" branch="False" />
              </lines>
            </method>
          </methods>
          <lines>
            <line number="129" hits="0" branch="False" />
            <line number="134" hits="0" branch="False" />
            <line number="139" hits="0" branch="False" />
            <line number="145" hits="0" branch="False" />
            <line number="151" hits="0" branch="False" />
          </lines>
        </class>
        <class name="ControlParental.Domain.UsageLogEntry" filename="ControlParental.Domain\IBackendClient.cs" line-rate="0" branch-rate="1" complexity="4">
          <methods>
            <method name="get_AppId" signature="()" line-rate="0" branch-rate="1" complexity="1">
              <lines>
                <line number="255" hits="0" branch="False" />
              </lines>
            </method>
            <method name="get_Minutes" signature="()" line-rate="0" branch-rate="1" complexity="1">
              <lines>
                <line number="260" hits="0" branch="False" />
              </lines>
            </method>
            <method name="get_ServerDate" signature="()" line-rate="0" branch-rate="1" complexity="1">
              <lines>
                <line number="265" hits="0" branch="False" />
              </lines>
            </method>
            <method name="get_DedupKey" signature="()" line-rate="0" branch-rate="1" complexity="1">
              <lines>
                <line number="270" hits="0" branch="False" />
              </lines>
            </method>
          </methods>
          <lines>
            <line number="255" hits="0" branch="False" />
            <line number="260" hits="0" branch="False" />
            <line number="265" hits="0" branch="False" />
            <line number="270" hits="0" branch="False" />
          </lines>
        </class>
        <class name="ControlParental.Domain.DeviceAlertEntry" filename="ControlParental.Domain\IBackendClient.cs" line-rate="0" branch-rate="1" complexity="5">
          <methods>
            <method name="get_EventType" signature="()" line-rate="0" branch-rate="1" complexity="1">
              <lines>
                <line number="281" hits="0" branch="False" />
              </lines>
            </method>
            <method name="get_Description" signature="()" line-rate="0" branch-rate="1" complexity="1">
              <lines>
                <line number="286" hits="0" branch="False" />
              </lines>
            </method>
            <method name="get_Severity" signature="()" line-rate="0" branch-rate="1" complexity="1">
              <lines>
                <line number="291" hits="0" branch="False" />
              </lines>
            </method>
            <method name="get_DetectedAt" signature="()" line-rate="0" branch-rate="1" complexity="1">
              <lines>
                <line number="296" hits="0" branch="False" />
              </lines>
            </method>
            <method name="get_DedupKey" signature="()" line-rate="0" branch-rate="1" complexity="1">
              <lines>
                <line number="301" hits="0" branch="False" />
              </lines>
            </method>
          </methods>
          <lines>
            <line number="281" hits="0" branch="False" />
            <line number="286" hits="0" branch="False" />
            <line number="291" hits="0" branch="False" />
            <line number="296" hits="0" branch="False" />
            <line number="301" hits="0" branch="False" />
          </lines>
        </class>
        <class name="ControlParental.Domain.BehavioralEventEntry" filename="ControlParental.Domain\IBackendClient.cs" line-rate="0" branch-rate="1" complexity="5">
          <methods>
            <method name="get_EventType" signature="()" line-rate="0" branch-rate="1" complexity="1">
              <lines>
                <line number="312" hits="0" branch="False" />
              </lines>
            </method>
            <method name="get_AppId" signature="()" line-rate="0" branch-rate="1" complexity="1">
              <lines>
                <line number="317" hits="0" branch="False" />
              </lines>
            </method>
            <method name="get_Timestamp" signature="()" line-rate="0" branch-rate="1" complexity="1">
              <lines>
                <line number="322" hits="0" branch="False" />
              </lines>
            </method>
            <method name="get_Metadata" signature="()" line-rate="0" branch-rate="1" complexity="1">
              <lines>
                <line number="327" hits="0" branch="False" />
              </lines>
            </method>
            <method name="get_DedupKey" signature="()" line-rate="0" branch-rate="1" complexity="1">
              <lines>
                <line number="332" hits="0" branch="False" />
              </lines>
            </method>
          </methods>
          <lines>
            <line number="312" hits="0" branch="False" />
            <line number="317" hits="0" branch="False" />
            <line number="322" hits="0" branch="False" />
            <line number="327" hits="0" branch="False" />
            <line number="332" hits="0" branch="False" />
          </lines>
        </class>
        <class name="ControlParental.Domain.HeartbeatData" filename="ControlParental.Domain\IBackendClient.cs" line-rate="0" branch-rate="1" complexity="4">
          <methods>
            <method name="get_Enforcement" signature="()" line-rate="0" branch-rate="1" complexity="1">
              <lines>
                <line number="343" hits="0" branch="False" />
              </lines>
            </method>
            <method name="get_BatteryPct" signature="()" line-rate="0" branch-rate="1" complexity="1">
              <lines>
                <line number="348" hits="0" branch="False" />
              </lines>
            </method>
            <method name="get_ClockOffsetMs" signature="()" line-rate="0" branch-rate="1" complexity="1">
              <lines>
                <line number="353" hits="0" branch="False" />
              </lines>
            </method>
            <method name="get_AgentUptimeMs" signature="()" line-rate="0" branch-rate="1" complexity="1">
              <lines>
                <line number="358" hits="0" branch="False" />
              </lines>
            </method>
          </methods>
          <lines>
            <line number="343" hits="0" branch="False" />
            <line number="348" hits="0" branch="False" />
            <line number="353" hits="0" branch="False" />
            <line number="358" hits="0" branch="False" />
          </lines>
        </class>
        <class name="ControlParental.Domain.TimeRequestEntry" filename="ControlParental.Domain\IBackendClient.cs" line-rate="0" branch-rate="1" complexity="4">
          <methods>
            <method name="get_RequestId" signature="()" line-rate="0" branch-rate="1" complexity="1">
              <lines>
                <line number="369" hits="0" branch="False" />
              </lines>
            </method>
            <method name="get_Minutes" signature="()" line-rate="0" branch-rate="1" complexity="1">
              <lines>
                <line number="374" hits="0" branch="False" />
              </lines>
            </method>
            <method name="get_Reason" signature="()" line-rate="0" branch-rate="1" complexity="1">
              <lines>
                <line number="379" hits="0" branch="False" />
              </lines>
            </method>
            <method name="get_CreatedAt" signature="()" line-rate="0" branch-rate="1" complexity="1">
              <lines>
                <line number="384" hits="0" branch="False" />
              </lines>
            </method>
          </methods>
          <lines>
            <line number="369" hits="0" branch="False" />
            <line number="374" hits="0" branch="False" />
            <line number="379" hits="0" branch="False" />
            <line number="384" hits="0" branch="False" />
          </lines>
        </class>
        <class name="ControlParental.Domain.IntegrityReport" filename="ControlParental.Domain\IBackendClient.cs" line-rate="0" branch-rate="1" complexity="4">
          <methods>
            <method name="get_ReportHash" signature="()" line-rate="0" branch-rate="1" complexity="1">
              <lines>
                <line number="395" hits="0" branch="False" />
              </lines>
            </method>
            <method name="get_Timestamp" signature="()" line-rate="0" branch-rate="1" complexity="1">
              <lines>
                <line number="400" hits="0" branch="False" />
              </lines>
            </method>
            <method name="get_AgentVersion" signature="()" line-rate="0" branch-rate="1" complexity="1">
              <lines>
                <line number="405" hits="0" branch="False" />
              </lines>
            </method>
            <method name="get_Platform" signature="()" line-rate="0" branch-rate="1" complexity="1">
              <lines>
                <line number="410" hits="0" branch="False" />
              </lines>
            </method>
          </methods>
          <lines>
            <line number="395" hits="0" branch="False" />
            <line number="400" hits="0" branch="False" />
            <line number="405" hits="0" branch="False" />
            <line number="410" hits="0" branch="False" />
          </lines>
        </class>
        <class name="ControlParental.Domain.DeviceAuthResult" filename="ControlParental.Domain\IDeviceAuthenticator.cs" line-rate="0" branch-rate="1" complexity="8">
          <methods>
            <method name="get_Success" signature="()" line-rate="0" branch-rate="1" complexity="1">
              <lines>
                <line number="41" hits="0" branch="False" />
              </lines>
            </method>
            <method name="get_State" signature="()" line-rate="0" branch-rate="1" complexity="1">
              <lines>
                <line number="46" hits="0" branch="False" />
              </lines>
            </method>
            <method name="get_AccessToken" signature="()" line-rate="0" branch-rate="1" complexity="1">
              <lines>
                <line number="51" hits="0" branch="False" />
              </lines>
            </method>
            <method name="get_DeviceId" signature="()" line-rate="0" branch-rate="1" complexity="1">
              <lines>
                <line number="56" hits="0" branch="False" />
              </lines>
            </method>
            <method name="get_ErrorMessage" signature="()" line-rate="0" branch-rate="1" complexity="1">
              <lines>
                <line number="61" hits="0" branch="False" />
              </lines>
            </method>
            <method name="get_RequiresRePairing" signature="()" line-rate="0" branch-rate="1" complexity="1">
              <lines>
                <line number="66" hits="0" branch="False" />
              </lines>
            </method>
            <method name="Succeeded" signature="(System.String,System.String)" line-rate="0" branch-rate="1" complexity="1">
              <lines>
                <line number="72" hits="0" branch="False" />
              </lines>
            </method>
            <method name="Failed" signature="(System.String,ControlParental.Domain.DeviceAuthState)" line-rate="0" branch-rate="1" complexity="1">
              <lines>
                <line number="78" hits="0" branch="False" />
              </lines>
            </method>
          </methods>
          <lines>
            <line number="41" hits="0" branch="False" />
            <line number="46" hits="0" branch="False" />
            <line number="51" hits="0" branch="False" />
            <line number="56" hits="0" branch="False" />
            <line number="61" hits="0" branch="False" />
            <line number="66" hits="0" branch="False" />
            <line number="72" hits="0" branch="False" />
            <line number="78" hits="0" branch="False" />
          </lines>
        </class>
        <class name="ControlParental.Domain.EnforcementResult" filename="ControlParental.Domain\IEnforcementEngine.cs" line-rate="0" branch-rate="1" complexity="6">
          <methods>
            <method name="get_Success" signature="()" line-rate="0" branch-rate="1" complexity="1">
              <lines>
                <line number="50" hits="0" branch="False" />
              </lines>
            </method>
            <method name="get_Blocked" signature="()" line-rate="0" branch-rate="1" complexity="1">
              <lines>
                <line number="55" hits="0" branch="False" />
              </lines>
            </method>
            <method name="get_ReasonCode" signature="()" line-rate="0" branch-rate="1" complexity="1">
              <lines>
                <line number="60" hits="0" branch="False" />
              </lines>
            </method>
            <method name="get_ReasonText" signature="()" line-rate="0" branch-rate="1" complexity="1">
              <lines>
                <line number="65" hits="0" branch="False" />
              </lines>
            </method>
            <method name="get_ErrorMessage" signature="()" line-rate="0" branch-rate="1" complexity="1">
              <lines>
                <line number="70" hits="0" branch="False" />
              </lines>
            </method>
            <method name="get_Timestamp" signature="()" line-rate="0" branch-rate="1" complexity="1">
              <lines>
                <line number="75" hits="0" branch="False" />
              </lines>
            </method>
          </methods>
          <lines>
            <line number="50" hits="0" branch="False" />
            <line number="55" hits="0" branch="False" />
            <line number="60" hits="0" branch="False" />
            <line number="65" hits="0" branch="False" />
            <line number="70" hits="0" branch="False" />
            <line number="75" hits="0" branch="False" />
          </lines>
        </class>
        <class name="ControlParental.Domain.EnforcementStatus" filename="ControlParental.Domain\IEnforcementEngine.cs" line-rate="0" branch-rate="1" complexity="5">
          <methods>
            <method name="get_IsOverlayActive" signature="()" line-rate="0" branch-rate="1" complexity="1">
              <lines>
                <line number="86" hits="0" branch="False" />
              </lines>
            </method>
            <method name="get_ActiveOverlayReason" signature="()" line-rate="0" branch-rate="1" complexity="1">
              <lines>
                <line number="91" hits="0" branch="False" />
              </lines>
            </method>
            <method name="get_IsDeviceLocked" signature="()" line-rate="0" branch-rate="1" complexity="1">
              <lines>
                <line number="96" hits="0" branch="False" />
              </lines>
            </method>
            <method name="get_LastDecision" signature="()" line-rate="0" branch-rate="1" complexity="1">
              <lines>
                <line number="101" hits="0" branch="False" />
              </lines>
            </method>
            <method name="get_LastAppId" signature="()" line-rate="0" branch-rate="1" complexity="1">
              <lines>
                <line number="106" hits="0" branch="False" />
              </lines>
            </method>
          </methods>
          <lines>
[...]
                <line number="106" hits="0" branch="False" />
                <line number="109" hits="0" branch="True" condition-coverage="0% (0/2)">
                  <conditions>
                    <condition number="51" type="jump" coverage="0%" />
                  </conditions>
                </line>
                <line number="110" hits="0" branch="False" />
                <line number="111" hits="0" branch="False" />
                <line number="114" hits="0" branch="True" condition-coverage="0% (0/10)">
                  <conditions>
                    <condition number="73" type="jump" coverage="0%" />
                    <condition number="90" type="jump" coverage="0%" />
                    <condition number="94" type="jump" coverage="0%" />
                    <condition number="99" type="jump" coverage="0%" />
                    <condition number="103" type="jump" coverage="0%" />
                  </conditions>
                </line>
                <line number="115" hits="0" branch="False" />
                <line number="116" hits="0" branch="False" />
                <line number="117" hits="0" branch="False" />
                <line number="118" hits="0" branch="False" />
              </lines>
            </method>
            <method name="ToWindow" signature="()" line-rate="0" branch-rate="1" complexity="1">
              <lines>
                <line number="123" hits="0" branch="False" />
              </lines>
            </method>
            <method name="get_CrossesMidnight" signature="()" line-rate="0" branch-rate="0" complexity="4">
              <lines>
                <line number="128" hits="0" branch="True" condition-coverage="0% (0/4)">
                  <conditions>
                    <condition number="11" type="jump" coverage="0%" />
                    <condition number="24" type="jump" coverage="0%" />
                  </conditions>
                </line>
                <line number="129" hits="0" branch="False" />
                <line number="130" hits="0" branch="False" />
              </lines>
            </method>
          </methods>
          <lines>
            <line number="18" hits="0" branch="False" />
            <line number="24" hits="0" branch="False" />
            <line number="30" hits="0" branch="False" />
            <line number="36" hits="0" branch="False" />
            <line number="44" hits="0" branch="False" />
            <line number="51" hits="0" branch="False" />
            <line number="58" hits="0" branch="False" />
            <line number="59" hits="0" branch="True" condition-coverage="0% (0/2)">
              <conditions>
                <condition number="14" type="jump" coverage="0%" />
              </conditions>
            </line>
            <line number="60" hits="0" branch="False" />
            <line number="61" hits="0" branch="False" />
            <line number="64" hits="0" branch="True" condition-coverage="0% (0/4)">
              <conditions>
                <condition number="39" type="jump" coverage="0%" />
                <condition number="56" type="jump" coverage="0%" />
              </conditions>
            </line>
            <line number="65" hits="0" branch="False" />
            <line number="66" hits="0" branch="False" />
            <line number="69" hits="0" branch="True" condition-coverage="0% (0/2)">
              <conditions>
                <condition number="91" type="jump" coverage="0%" />
              </conditions>
            </line>
            <line number="70" hits="0" branch="False" />
            <line number="71" hits="0" branch="False" />
            <line number="72" hits="0" branch="False" />
            <line number="73" hits="0" branch="False" />
            <line number="76" hits="0" branch="True" condition-coverage="0% (0/2)">
              <conditions>
                <condition number="142" type="jump" coverage="0%" />
              </conditions>
            </line>
            <line number="77" hits="0" branch="False" />
            <line number="78" hits="0" branch="False" />
            <line number="79" hits="0" branch="False" />
            <line number="80" hits="0" branch="False" />
            <line number="83" hits="0" branch="True" condition-coverage="0% (0/2)">
              <conditions>
                <condition number="190" type="jump" coverage="0%" />
              </conditions>
            </line>
            <line number="84" hits="0" branch="False" />
            <line number="85" hits="0" branch="True" condition-coverage="0% (0/4)">
              <conditions>
                <condition number="199" type="jump" coverage="0%" />
                <condition number="218" type="jump" coverage="0%" />
              </conditions>
            </line>
            <line number="86" hits="0" branch="False" />
            <line number="87" hits="0" branch="False" />
            <line number="88" hits="0" branch="False" />
            <line number="89" hits="0" branch="False" />
            <line number="93" hits="0" branch="True" condition-coverage="0% (0/2)">
              <conditions>
                <condition number="283" type="jump" coverage="0%" />
              </conditions>
            </line>
            <line number="94" hits="0" branch="False" />
            <line number="95" hits="0" branch="False" />
            <line number="96" hits="0" branch="False" />
            <line number="97" hits="0" branch="False" />
            <line number="99" hits="0" branch="False" />
            <line number="100" hits="0" branch="False" />
            <line number="103" hits="0" branch="False" />
            <line number="104" hits="0" branch="True" condition-coverage="0% (0/4)">
              <conditions>
                <condition number="7" type="jump" coverage="0%" />
                <condition number="26" type="jump" coverage="0%" />
              </conditions>
            </line>
            <line number="105" hits="0" branch="False" />
            <line number="106" hits="0" branch="False" />
            <line number="109" hits="0" branch="True" condition-coverage="0% (0/2)">
              <conditions>
                <condition number="51" type="jump" coverage="0%" />
              </conditions>
            </line>
            <line number="110" hits="0" branch="False" />
            <line number="111" hits="0" branch="False" />
            <line number="114" hits="0" branch="True" condition-coverage="0% (0/10)">
              <conditions>
                <condition number="73" type="jump" coverage="0%" />
                <condition number="90" type="jump" coverage="0%" />
                <condition number="94" type="jump" coverage="0%" />
                <condition number="99" type="jump" coverage="0%" />
                <condition number="103" type="jump" coverage="0%" />
              </conditions>
            </line>
            <line number="115" hits="0" branch="False" />
            <line number="116" hits="0" branch="False" />
            <line number="117" hits="0" branch="False" />
            <line number="118" hits="0" branch="False" />
            <line number="123" hits="0" branch="False" />
            <line number="128" hits="0" branch="True" condition-coverage="0% (0/4)">
              <conditions>
                <condition number="11" type="jump" coverage="0%" />
                <condition number="24" type="jump" coverage="0%" />
              </conditions>
            </line>
            <line number="129" hits="0" branch="False" />
            <line number="130" hits="0" branch="False" />
          </lines>
        </class>
        <class name="ControlParental.Domain.UsageSnapshot" filename="ControlParental.Domain\UsageSnapshot.cs" line-rate="0" branch-rate="1" complexity="6">
          <methods>
            <method name="get_AppMinutes" signature="()" line-rate="0" branch-rate="1" complexity="1">
              <lines>
                <line number="16" hits="0" branch="False" />
              </lines>
            </method>
            <method name="get_CategoryMinutes" signature="()" line-rate="0" branch-rate="1" complexity="1">
              <lines>
                <line number="17" hits="0" branch="False" />
              </lines>
            </method>
            <method name="get_GlobalMinutes" signature="()" line-rate="0" branch-rate="1" complexity="1">
              <lines>
                <line number="18" hits="0" branch="False" />
              </lines>
            </method>
            <method name="get_ExemptAppIds" signature="()" line-rate="0" branch-rate="1" complexity="1">
              <lines>
                <line number="19" hits="0" branch="False" />
              </lines>
            </method>
            <method name="get_Empty" signature="()" line-rate="0" branch-rate="1" complexity="1">
              <lines>
                <line number="24" hits="0" branch="False" />
              </lines>
            </method>
            <method name=".cctor" signature="()" line-rate="0" branch-rate="1" complexity="1">
              <lines>
                <line number="25" hits="0" branch="False" />
                <line number="26" hits="0" branch="False" />
                <line number="27" hits="0" branch="False" />
                <line number="28" hits="0" branch="False" />
              </lines>
            </method>
          </methods>
          <lines>
            <line number="16" hits="0" branch="False" />
            <line number="17" hits="0" branch="False" />
            <line number="18" hits="0" branch="False" />
            <line number="19" hits="0" branch="False" />
            <line number="24" hits="0" branch="False" />
            <line number="25" hits="0" branch="False" />
            <line number="26" hits="0" branch="False" />
            <line number="27" hits="0" branch="False" />
            <line number="28" hits="0" branch="False" />
          </lines>
        </class>
        <class name="ControlParental.Domain.Window" filename="ControlParental.Domain\Window.cs" line-rate="0" branch-rate="0" complexity="32">
          <methods>
            <method name="get_Days" signature="()" line-rate="0" branch-rate="1" complexity="1">
              <lines>
                <line number="20" hits="0" branch="False" />
              </lines>
            </method>
            <method name="get_From" signature="()" line-rate="0" branch-rate="1" complexity="1">
              <lines>
                <line number="26" hits="0" branch="False" />
              </lines>
            </method>
            <method name="get_To" signature="()" line-rate="0" branch-rate="1" complexity="1">
              <lines>
                <line number="34" hits="0" branch="False" />
              </lines>
            </method>
            <method name="Validate" signature="()" line-rate="0" branch-rate="0" complexity="8">
              <lines>
                <line number="41" hits="0" branch="False" />
                <line number="42" hits="0" branch="True" condition-coverage="0% (0/4)">
                  <conditions>
                    <condition number="7" type="jump" coverage="0%" />
                    <condition number="24" type="jump" coverage="0%" />
                  </conditions>
                </line>
                <line number="43" hits="0" branch="False" />
                <line number="44" hits="0" branch="False" />
                <line number="47" hits="0" branch="True" condition-coverage="0% (0/2)">
                  <conditions>
                    <condition number="59" type="jump" coverage="0%" />
                  </conditions>
                </line>
                <line number="48" hits="0" branch="False" />
                <line number="49" hits="0" branch="False" />
                <line number="50" hits="0" branch="False" />
                <line number="51" hits="0" branch="False" />
                <line number="54" hits="0" branch="True" condition-coverage="0% (0/2)">
                  <conditions>
                    <condition number="110" type="jump" coverage="0%" />
                  </conditions>
                </line>
                <line number="55" hits="0" branch="False" />
                <line number="56" hits="0" branch="False" />
                <line number="57" hits="0" branch="False" />
                <line number="58" hits="0" branch="False" />
                <line number="60" hits="0" branch="False" />
              </lines>
            </method>
            <method name="IsValidTimeFormat" signature="(System.String)" line-rate="0" branch-rate="0" complexity="16">
              <lines>
                <line number="66" hits="0" branch="False" />
                <line number="67" hits="0" branch="True" condition-coverage="0% (0/4)">
                  <conditions>
                    <condition number="7" type="jump" coverage="0%" />
                    <condition number="26" type="jump" coverage="0%" />
                  </conditions>
                </line>
                <line number="68" hits="0" branch="False" />
                <line number="69" hits="0" branch="False" />
                <line number="72" hits="0" branch="True" condition-coverage="0% (0/2)">
                  <conditions>
                    <condition number="51" type="jump" coverage="0%" />
                  </conditions>
                </line>
                <line number="73" hits="0" branch="False" />
                <line number="74" hits="0" branch="False" />
                <line number="77" hits="0" branch="True" condition-coverage="0% (0/10)">
                  <conditions>
                    <condition number="73" type="jump" coverage="0%" />
                    <condition number="90" type="jump" coverage="0%" />
                    <condition number="94" type="jump" coverage="0%" />
                    <condition number="99" type="jump" coverage="0%" />
                    <condition number="103" type="jump" coverage="0%" />
                  </conditions>
                </line>
                <line number="78" hits="0" branch="False" />
                <line number="79" hits="0" branch="False" />
                <line number="80" hits="0" branch="False" />
                <line number="81" hits="0" branch="False" />
              </lines>
            </method>
            <method name="get_FromMinutes" signature="()" line-rate="0" branch-rate="1" complexity="1">
              <lines>
                <line number="86" hits="0" branch="False" />
              </lines>
            </method>
            <method name="get_ToMinutes" signature="()" line-rate="0" branch-rate="1" complexity="1">
              <lines>
                <line number="91" hits="0" branch="False" />
              </lines>
            </method>
            <method name="get_CrossesMidnight" signature="()" line-rate="0" branch-rate="1" complexity="1">
              <lines>
                <line number="96" hits="0" branch="False" />
              </lines>
            </method>
            <method name="ParseTimeToMinutes" signature="(System.String)" line-rate="0" branch-rate="0" complexity="2">
              <lines>
                <line number="99" hits="0" branch="False" />
                <line number="100" hits="0" branch="True" condition-coverage="0% (0/2)">
                  <conditions>
                    <condition number="12" type="jump" coverage="0%" />
                  </conditions>
                </line>
                <line number="101" hits="0" branch="False" />
                <line number="102" hits="0" branch="False" />
                <line number="105" hits="0" branch="False" />
                <line number="106" hits="0" branch="False" />
                <line number="107" hits="0" branch="False" />
                <line number="108" hits="0" branch="False" />
              </lines>
            </method>
          </methods>
          <lines>
            <line number="20" hits="0" branch="False" />
            <line number="26" hits="0" branch="False" />
            <line number="34" hits="0" branch="False" />
            <line number="41" hits="0" branch="False" />
            <line number="42" hits="0" branch="True" condition-coverage="0% (0/4)">
              <conditions>
                <condition number="7" type="jump" coverage="0%" />
                <condition number="24" type="jump" coverage="0%" />
              </conditions>
            </line>
            <line number="43" hits="0" branch="False" />
            <line number="44" hits="0" branch="False" />
            <line number="47" hits="0" branch="True" condition-coverage="0% (0/2)">
              <conditions>
                <condition number="59" type="jump" coverage="0%" />
              </conditions>
            </line>
            <line number="48" hits="0" branch="False" />
            <line number="49" hits="0" branch="False" />
            <line number="50" hits="0" branch="False" />
            <line number="51" hits="0" branch="False" />
            <line number="54" hits="0" branch="True" condition-coverage="0% (0/2)">
              <conditions>
                <condition number="110" type="jump" coverage="0%" />
              </conditions>
            </line>
            <line number="55" hits="0" branch="False" />
            <line number="56" hits="0" branch="False" />
            <line number="57" hits="0" branch="False" />
            <line number="58" hits="0" branch="False" />
            <line number="60" hits="0" branch="False" />
            <line number="66" hits="0" branch="False" />
            <line number="67" hits="0" branch="True" condition-coverage="0% (0/4)">
              <conditions>
                <condition number="7" type="jump" coverage="0%" />
                <condition number="26" type="jump" coverage="0%" />
              </conditions>
            </line>
            <line number="68" hits="0" branch="False" />
            <line number="69" hits="0" branch="False" />
            <line number="72" hits="0" branch="True" condition-coverage="0% (0/2)">
              <conditions>
                <condition number="51" type="jump" coverage="0%" />
              </conditions>
            </line>
            <line number="73" hits="0" branch="False" />
            <line number="74" hits="0" branch="False" />
            <line number="77" hits="0" branch="True" condition-coverage="0% (0/10)">
              <conditions>
                <condition number="73" type="jump" coverage="0%" />
                <condition number="90" type="jump" coverage="0%" />
                <condition number="94" type="jump" coverage="0%" />
                <condition number="99" type="jump" coverage="0%" />
                <condition number="103" type="jump" coverage="0%" />
              </conditions>
            </line>
            <line number="78" hits="0" branch="False" />
            <line number="79" hits="0" branch="False" />
            <line number="80" hits="0" branch="False" />
            <line number="81" hits="0" branch="False" />
            <line number="86" hits="0" branch="False" />
            <line number="91" hits="0" branch="False" />
            <line number="96" hits="0" branch="False" />
            <line number="99" hits="0" branch="False" />
            <line number="100" hits="0" branch="True" condition-coverage="0% (0/2)">
              <conditions>
                <condition number="12" type="jump" coverage="0%" />
              </conditions>
            </line>
            <line number="101" hits="0" branch="False" />
            <line number="102" hits="0" branch="False" />
            <line number="105" hits="0" branch="False" />
            <line number="106" hits="0" branch="False" />
            <line number="107" hits="0" branch="False" />
            <line number="108" hits="0" branch="False" />
          </lines>
        </class>
      </classes>
    </package>
  </packages>
</coverage>